{
  "stats": {
    "suites": 1,
    "tests": 14,
    "passes": 0,
    "pending": 0,
    "failures": 14,
    "start": "2019-12-12T15:17:01.680Z",
    "end": "2019-12-12T15:19:12.071Z",
    "duration": 130391,
    "testsRegistered": 14,
    "passPercent": 0,
    "pendingPercent": 0,
    "other": 0,
    "hasOther": false,
    "skipped": 0,
    "hasSkipped": false
  },
  "results": [
    {
      "uuid": "2d1e9355-77cc-4251-86be-b85122c272cb",
      "title": "",
      "fullFile": "",
      "file": "",
      "beforeHooks": [],
      "afterHooks": [],
      "tests": [],
      "suites": [
        {
          "uuid": "10418774-ad97-4195-a8e6-7c881410737a",
          "title": "Pagevamp Vampflow in mobile",
          "fullFile": "",
          "file": "",
          "beforeHooks": [],
          "afterHooks": [],
          "tests": [
            {
              "title": "checking Spanish Translation",
              "fullTitle": "Pagevamp Vampflow in mobile checking Spanish Translation",
              "timedOut": null,
              "duration": 68906,
              "state": "failed",
              "speed": null,
              "pass": false,
              "fail": true,
              "pending": false,
              "context": null,
              "code": "cy.get('#language-dropdown-menu').click();\ncy.get('.language > .dropdown > .uib-dropdown-menu > :nth-child(2) > .ng-binding').click();\ncy.get('.aligning-center').contains('Sitios');",
              "err": {
                "message": "CypressError: Timed out retrying: Expected to find element: '#language-dropdown-menu', but never found it.",
                "estack": "CypressError: Timed out retrying: Expected to find element: '#language-dropdown-menu', but never found it.\n    at Object.cypressErr (https://app.pagevamp.com/__cypress/runner/cypress_runner.js:105262:11)\n    at Object.throwErr (https://app.pagevamp.com/__cypress/runner/cypress_runner.js:105217:18)\n    at Object.throwErrByPath (https://app.pagevamp.com/__cypress/runner/cypress_runner.js:105249:17)\n    at retry (https://app.pagevamp.com/__cypress/runner/cypress_runner.js:96526:16)\n    at onFailFn (https://app.pagevamp.com/__cypress/runner/cypress_runner.js:85591:16)\n    at tryCatcher (https://app.pagevamp.com/__cypress/runner/cypress_runner.js:139407:23)\n    at Promise._settlePromiseFromHandler (https://app.pagevamp.com/__cypress/runner/cypress_runner.js:137343:31)\n    at Promise._settlePromise (https://app.pagevamp.com/__cypress/runner/cypress_runner.js:137400:18)\n    at Promise._settlePromise0 (https://app.pagevamp.com/__cypress/runner/cypress_runner.js:137445:10)\n    at Promise._settlePromises (https://app.pagevamp.com/__cypress/runner/cypress_runner.js:137520:18)\n    at Async../node_modules/bluebird/js/release/async.js.Async._drainQueue (https://app.pagevamp.com/__cypress/runner/cypress_runner.js:134132:16)\n    at Async../node_modules/bluebird/js/release/async.js.Async._drainQueues (https://app.pagevamp.com/__cypress/runner/cypress_runner.js:134142:10)\n    at Async.drainQueues (https://app.pagevamp.com/__cypress/runner/cypress_runner.js:134016:14)",
                "diff": null
              },
              "uuid": "0bfe1417-03ab-46af-bfa8-17bb66a772b8",
              "parentUUID": "10418774-ad97-4195-a8e6-7c881410737a",
              "isHook": false,
              "skipped": false
            },
            {
              "title": "checking Italian Translation",
              "fullTitle": "Pagevamp Vampflow in mobile checking Italian Translation",
              "timedOut": null,
              "duration": 4491,
              "state": "failed",
              "speed": null,
              "pass": false,
              "fail": true,
              "pending": false,
              "context": null,
              "code": "cy.get('#language-dropdown-menu').click();\ncy.get('.language > .dropdown > .uib-dropdown-menu > :nth-child(3) > .ng-binding').click();\ncy.get('.aligning-center').contains('Siti');",
              "err": {
                "message": "CypressError: Timed out retrying: Expected to find element: '#language-dropdown-menu', but never found it.",
                "estack": "CypressError: Timed out retrying: Expected to find element: '#language-dropdown-menu', but never found it.\n    at Object.cypressErr (https://app.pagevamp.com/__cypress/runner/cypress_runner.js:105262:11)\n    at Object.throwErr (https://app.pagevamp.com/__cypress/runner/cypress_runner.js:105217:18)\n    at Object.throwErrByPath (https://app.pagevamp.com/__cypress/runner/cypress_runner.js:105249:17)\n    at retry (https://app.pagevamp.com/__cypress/runner/cypress_runner.js:96526:16)\n    at onFailFn (https://app.pagevamp.com/__cypress/runner/cypress_runner.js:85591:16)\n    at tryCatcher (https://app.pagevamp.com/__cypress/runner/cypress_runner.js:139407:23)\n    at Promise._settlePromiseFromHandler (https://app.pagevamp.com/__cypress/runner/cypress_runner.js:137343:31)\n    at Promise._settlePromise (https://app.pagevamp.com/__cypress/runner/cypress_runner.js:137400:18)\n    at Promise._settlePromise0 (https://app.pagevamp.com/__cypress/runner/cypress_runner.js:137445:10)\n    at Promise._settlePromises (https://app.pagevamp.com/__cypress/runner/cypress_runner.js:137520:18)\n    at Async../node_modules/bluebird/js/release/async.js.Async._drainQueue (https://app.pagevamp.com/__cypress/runner/cypress_runner.js:134132:16)\n    at Async../node_modules/bluebird/js/release/async.js.Async._drainQueues (https://app.pagevamp.com/__cypress/runner/cypress_runner.js:134142:10)\n    at Async.drainQueues (https://app.pagevamp.com/__cypress/runner/cypress_runner.js:134016:14)",
                "diff": null
              },
              "uuid": "9e6db553-1f3d-4f48-8f69-7ff4ddb5a525",
              "parentUUID": "10418774-ad97-4195-a8e6-7c881410737a",
              "isHook": false,
              "skipped": false
            },
            {
              "title": "checking Korean Translation",
              "fullTitle": "Pagevamp Vampflow in mobile checking Korean Translation",
              "timedOut": null,
              "duration": 4763,
              "state": "failed",
              "speed": null,
              "pass": false,
              "fail": true,
              "pending": false,
              "context": null,
              "code": "cy.get('#language-dropdown-menu').click();\ncy.get('.language > .dropdown > .uib-dropdown-menu > :nth-child(4) > .ng-binding').click();\ncy.get('.aligning-center').contains('사이트');",
              "err": {
                "message": "CypressError: Timed out retrying: Expected to find element: '#language-dropdown-menu', but never found it.",
                "estack": "CypressError: Timed out retrying: Expected to find element: '#language-dropdown-menu', but never found it.\n    at Object.cypressErr (https://app.pagevamp.com/__cypress/runner/cypress_runner.js:105262:11)\n    at Object.throwErr (https://app.pagevamp.com/__cypress/runner/cypress_runner.js:105217:18)\n    at Object.throwErrByPath (https://app.pagevamp.com/__cypress/runner/cypress_runner.js:105249:17)\n    at retry (https://app.pagevamp.com/__cypress/runner/cypress_runner.js:96526:16)\n    at onFailFn (https://app.pagevamp.com/__cypress/runner/cypress_runner.js:85591:16)\n    at tryCatcher (https://app.pagevamp.com/__cypress/runner/cypress_runner.js:139407:23)\n    at Promise._settlePromiseFromHandler (https://app.pagevamp.com/__cypress/runner/cypress_runner.js:137343:31)\n    at Promise._settlePromise (https://app.pagevamp.com/__cypress/runner/cypress_runner.js:137400:18)\n    at Promise._settlePromise0 (https://app.pagevamp.com/__cypress/runner/cypress_runner.js:137445:10)\n    at Promise._settlePromises (https://app.pagevamp.com/__cypress/runner/cypress_runner.js:137520:18)\n    at Async../node_modules/bluebird/js/release/async.js.Async._drainQueue (https://app.pagevamp.com/__cypress/runner/cypress_runner.js:134132:16)\n    at Async../node_modules/bluebird/js/release/async.js.Async._drainQueues (https://app.pagevamp.com/__cypress/runner/cypress_runner.js:134142:10)\n    at Async.drainQueues (https://app.pagevamp.com/__cypress/runner/cypress_runner.js:134016:14)",
                "diff": null
              },
              "uuid": "83404285-88ee-4735-be92-e4546038990d",
              "parentUUID": "10418774-ad97-4195-a8e6-7c881410737a",
              "isHook": false,
              "skipped": false
            },
            {
              "title": "checking Portuguese Translation",
              "fullTitle": "Pagevamp Vampflow in mobile checking Portuguese Translation",
              "timedOut": null,
              "duration": 4627,
              "state": "failed",
              "speed": null,
              "pass": false,
              "fail": true,
              "pending": false,
              "context": null,
              "code": "cy.get('#language-dropdown-menu').click();\ncy.get('.language > .dropdown > .uib-dropdown-menu > :nth-child(5) > .ng-binding').click();\ncy.get('.aligning-center').contains('Sites');",
              "err": {
                "message": "CypressError: Timed out retrying: Expected to find element: '#language-dropdown-menu', but never found it.",
                "estack": "CypressError: Timed out retrying: Expected to find element: '#language-dropdown-menu', but never found it.\n    at Object.cypressErr (https://app.pagevamp.com/__cypress/runner/cypress_runner.js:105262:11)\n    at Object.throwErr (https://app.pagevamp.com/__cypress/runner/cypress_runner.js:105217:18)\n    at Object.throwErrByPath (https://app.pagevamp.com/__cypress/runner/cypress_runner.js:105249:17)\n    at retry (https://app.pagevamp.com/__cypress/runner/cypress_runner.js:96526:16)\n    at onFailFn (https://app.pagevamp.com/__cypress/runner/cypress_runner.js:85591:16)\n    at tryCatcher (https://app.pagevamp.com/__cypress/runner/cypress_runner.js:139407:23)\n    at Promise._settlePromiseFromHandler (https://app.pagevamp.com/__cypress/runner/cypress_runner.js:137343:31)\n    at Promise._settlePromise (https://app.pagevamp.com/__cypress/runner/cypress_runner.js:137400:18)\n    at Promise._settlePromise0 (https://app.pagevamp.com/__cypress/runner/cypress_runner.js:137445:10)\n    at Promise._settlePromises (https://app.pagevamp.com/__cypress/runner/cypress_runner.js:137520:18)\n    at Async../node_modules/bluebird/js/release/async.js.Async._drainQueue (https://app.pagevamp.com/__cypress/runner/cypress_runner.js:134132:16)\n    at Async../node_modules/bluebird/js/release/async.js.Async._drainQueues (https://app.pagevamp.com/__cypress/runner/cypress_runner.js:134142:10)\n    at Async.drainQueues (https://app.pagevamp.com/__cypress/runner/cypress_runner.js:134016:14)",
                "diff": null
              },
              "uuid": "587a5f51-e503-43d0-a483-bb54c722691b",
              "parentUUID": "10418774-ad97-4195-a8e6-7c881410737a",
              "isHook": false,
              "skipped": false
            },
            {
              "title": "checking Japanese Translation",
              "fullTitle": "Pagevamp Vampflow in mobile checking Japanese Translation",
              "timedOut": null,
              "duration": 4718,
              "state": "failed",
              "speed": null,
              "pass": false,
              "fail": true,
              "pending": false,
              "context": null,
              "code": "cy.get('#language-dropdown-menu').click();\ncy.get('.language > .dropdown > .uib-dropdown-menu > :nth-child(6) > .ng-binding').click();\ncy.get('.aligning-center').contains('サイト');",
              "err": {
                "message": "CypressError: Timed out retrying: Expected to find element: '#language-dropdown-menu', but never found it.",
                "estack": "CypressError: Timed out retrying: Expected to find element: '#language-dropdown-menu', but never found it.\n    at Object.cypressErr (https://app.pagevamp.com/__cypress/runner/cypress_runner.js:105262:11)\n    at Object.throwErr (https://app.pagevamp.com/__cypress/runner/cypress_runner.js:105217:18)\n    at Object.throwErrByPath (https://app.pagevamp.com/__cypress/runner/cypress_runner.js:105249:17)\n    at retry (https://app.pagevamp.com/__cypress/runner/cypress_runner.js:96526:16)\n    at onFailFn (https://app.pagevamp.com/__cypress/runner/cypress_runner.js:85591:16)\n    at tryCatcher (https://app.pagevamp.com/__cypress/runner/cypress_runner.js:139407:23)\n    at Promise._settlePromiseFromHandler (https://app.pagevamp.com/__cypress/runner/cypress_runner.js:137343:31)\n    at Promise._settlePromise (https://app.pagevamp.com/__cypress/runner/cypress_runner.js:137400:18)\n    at Promise._settlePromise0 (https://app.pagevamp.com/__cypress/runner/cypress_runner.js:137445:10)\n    at Promise._settlePromises (https://app.pagevamp.com/__cypress/runner/cypress_runner.js:137520:18)\n    at Async../node_modules/bluebird/js/release/async.js.Async._drainQueue (https://app.pagevamp.com/__cypress/runner/cypress_runner.js:134132:16)\n    at Async../node_modules/bluebird/js/release/async.js.Async._drainQueues (https://app.pagevamp.com/__cypress/runner/cypress_runner.js:134142:10)\n    at Async.drainQueues (https://app.pagevamp.com/__cypress/runner/cypress_runner.js:134016:14)",
                "diff": null
              },
              "uuid": "956a3289-0f1b-4885-b4bc-19b343b51d9d",
              "parentUUID": "10418774-ad97-4195-a8e6-7c881410737a",
              "isHook": false,
              "skipped": false
            },
            {
              "title": "checking Thai Translation",
              "fullTitle": "Pagevamp Vampflow in mobile checking Thai Translation",
              "timedOut": null,
              "duration": 4464,
              "state": "failed",
              "speed": null,
              "pass": false,
              "fail": true,
              "pending": false,
              "context": null,
              "code": "cy.get('#language-dropdown-menu').click();\ncy.get('.language > .dropdown > .uib-dropdown-menu > :nth-child(7) > .ng-binding').click();\ncy.get('.aligning-center').contains('เว็บไซต์');",
              "err": {
                "message": "CypressError: Timed out retrying: Expected to find element: '#language-dropdown-menu', but never found it.",
                "estack": "CypressError: Timed out retrying: Expected to find element: '#language-dropdown-menu', but never found it.\n    at Object.cypressErr (https://app.pagevamp.com/__cypress/runner/cypress_runner.js:105262:11)\n    at Object.throwErr (https://app.pagevamp.com/__cypress/runner/cypress_runner.js:105217:18)\n    at Object.throwErrByPath (https://app.pagevamp.com/__cypress/runner/cypress_runner.js:105249:17)\n    at retry (https://app.pagevamp.com/__cypress/runner/cypress_runner.js:96526:16)\n    at onFailFn (https://app.pagevamp.com/__cypress/runner/cypress_runner.js:85591:16)\n    at tryCatcher (https://app.pagevamp.com/__cypress/runner/cypress_runner.js:139407:23)\n    at Promise._settlePromiseFromHandler (https://app.pagevamp.com/__cypress/runner/cypress_runner.js:137343:31)\n    at Promise._settlePromise (https://app.pagevamp.com/__cypress/runner/cypress_runner.js:137400:18)\n    at Promise._settlePromise0 (https://app.pagevamp.com/__cypress/runner/cypress_runner.js:137445:10)\n    at Promise._settlePromises (https://app.pagevamp.com/__cypress/runner/cypress_runner.js:137520:18)\n    at Async../node_modules/bluebird/js/release/async.js.Async._drainQueue (https://app.pagevamp.com/__cypress/runner/cypress_runner.js:134132:16)\n    at Async../node_modules/bluebird/js/release/async.js.Async._drainQueues (https://app.pagevamp.com/__cypress/runner/cypress_runner.js:134142:10)\n    at Async.drainQueues (https://app.pagevamp.com/__cypress/runner/cypress_runner.js:134016:14)",
                "diff": null
              },
              "uuid": "9259ec59-be3e-4d1f-afcb-88e992c333e1",
              "parentUUID": "10418774-ad97-4195-a8e6-7c881410737a",
              "isHook": false,
              "skipped": false
            },
            {
              "title": "checking Turkish Translation",
              "fullTitle": "Pagevamp Vampflow in mobile checking Turkish Translation",
              "timedOut": null,
              "duration": 4504,
              "state": "failed",
              "speed": null,
              "pass": false,
              "fail": true,
              "pending": false,
              "context": null,
              "code": "cy.get('#language-dropdown-menu').click();\ncy.get('.language > .dropdown > .uib-dropdown-menu > :nth-child(8) > .ng-binding').click();\ncy.get('.aligning-center').contains('Siteler');",
              "err": {
                "message": "CypressError: Timed out retrying: Expected to find element: '#language-dropdown-menu', but never found it.",
                "estack": "CypressError: Timed out retrying: Expected to find element: '#language-dropdown-menu', but never found it.\n    at Object.cypressErr (https://app.pagevamp.com/__cypress/runner/cypress_runner.js:105262:11)\n    at Object.throwErr (https://app.pagevamp.com/__cypress/runner/cypress_runner.js:105217:18)\n    at Object.throwErrByPath (https://app.pagevamp.com/__cypress/runner/cypress_runner.js:105249:17)\n    at retry (https://app.pagevamp.com/__cypress/runner/cypress_runner.js:96526:16)\n    at onFailFn (https://app.pagevamp.com/__cypress/runner/cypress_runner.js:85591:16)\n    at tryCatcher (https://app.pagevamp.com/__cypress/runner/cypress_runner.js:139407:23)\n    at Promise._settlePromiseFromHandler (https://app.pagevamp.com/__cypress/runner/cypress_runner.js:137343:31)\n    at Promise._settlePromise (https://app.pagevamp.com/__cypress/runner/cypress_runner.js:137400:18)\n    at Promise._settlePromise0 (https://app.pagevamp.com/__cypress/runner/cypress_runner.js:137445:10)\n    at Promise._settlePromises (https://app.pagevamp.com/__cypress/runner/cypress_runner.js:137520:18)\n    at Async../node_modules/bluebird/js/release/async.js.Async._drainQueue (https://app.pagevamp.com/__cypress/runner/cypress_runner.js:134132:16)\n    at Async../node_modules/bluebird/js/release/async.js.Async._drainQueues (https://app.pagevamp.com/__cypress/runner/cypress_runner.js:134142:10)\n    at Async.drainQueues (https://app.pagevamp.com/__cypress/runner/cypress_runner.js:134016:14)",
                "diff": null
              },
              "uuid": "a00084dd-0cd2-418d-bdb5-60f15e3add0e",
              "parentUUID": "10418774-ad97-4195-a8e6-7c881410737a",
              "isHook": false,
              "skipped": false
            },
            {
              "title": "checking Arabic Translation",
              "fullTitle": "Pagevamp Vampflow in mobile checking Arabic Translation",
              "timedOut": null,
              "duration": 4410,
              "state": "failed",
              "speed": null,
              "pass": false,
              "fail": true,
              "pending": false,
              "context": null,
              "code": "cy.get('#language-dropdown-menu').click();\ncy.get('.language > .dropdown > .uib-dropdown-menu > :nth-child(9) > .ng-binding').click();\ncy.get('.aligning-center').contains('المواقع');",
              "err": {
                "message": "CypressError: Timed out retrying: Expected to find element: '#language-dropdown-menu', but never found it.",
                "estack": "CypressError: Timed out retrying: Expected to find element: '#language-dropdown-menu', but never found it.\n    at Object.cypressErr (https://app.pagevamp.com/__cypress/runner/cypress_runner.js:105262:11)\n    at Object.throwErr (https://app.pagevamp.com/__cypress/runner/cypress_runner.js:105217:18)\n    at Object.throwErrByPath (https://app.pagevamp.com/__cypress/runner/cypress_runner.js:105249:17)\n    at retry (https://app.pagevamp.com/__cypress/runner/cypress_runner.js:96526:16)\n    at onFailFn (https://app.pagevamp.com/__cypress/runner/cypress_runner.js:85591:16)\n    at tryCatcher (https://app.pagevamp.com/__cypress/runner/cypress_runner.js:139407:23)\n    at Promise._settlePromiseFromHandler (https://app.pagevamp.com/__cypress/runner/cypress_runner.js:137343:31)\n    at Promise._settlePromise (https://app.pagevamp.com/__cypress/runner/cypress_runner.js:137400:18)\n    at Promise._settlePromise0 (https://app.pagevamp.com/__cypress/runner/cypress_runner.js:137445:10)\n    at Promise._settlePromises (https://app.pagevamp.com/__cypress/runner/cypress_runner.js:137520:18)\n    at Async../node_modules/bluebird/js/release/async.js.Async._drainQueue (https://app.pagevamp.com/__cypress/runner/cypress_runner.js:134132:16)\n    at Async../node_modules/bluebird/js/release/async.js.Async._drainQueues (https://app.pagevamp.com/__cypress/runner/cypress_runner.js:134142:10)\n    at Async.drainQueues (https://app.pagevamp.com/__cypress/runner/cypress_runner.js:134016:14)",
                "diff": null
              },
              "uuid": "f516aeae-f3ea-4785-a2a5-b8aef331a13b",
              "parentUUID": "10418774-ad97-4195-a8e6-7c881410737a",
              "isHook": false,
              "skipped": false
            },
            {
              "title": "checking Indonesian Translation",
              "fullTitle": "Pagevamp Vampflow in mobile checking Indonesian Translation",
              "timedOut": null,
              "duration": 4580,
              "state": "failed",
              "speed": null,
              "pass": false,
              "fail": true,
              "pending": false,
              "context": null,
              "code": "cy.get('#language-dropdown-menu').click();\ncy.get('.language > .dropdown > .uib-dropdown-menu > :nth-child(10) > .ng-binding').click();\ncy.get('.aligning-center').contains('Situs');",
              "err": {
                "message": "CypressError: Timed out retrying: Expected to find element: '#language-dropdown-menu', but never found it.",
                "estack": "CypressError: Timed out retrying: Expected to find element: '#language-dropdown-menu', but never found it.\n    at Object.cypressErr (https://app.pagevamp.com/__cypress/runner/cypress_runner.js:105262:11)\n    at Object.throwErr (https://app.pagevamp.com/__cypress/runner/cypress_runner.js:105217:18)\n    at Object.throwErrByPath (https://app.pagevamp.com/__cypress/runner/cypress_runner.js:105249:17)\n    at retry (https://app.pagevamp.com/__cypress/runner/cypress_runner.js:96526:16)\n    at onFailFn (https://app.pagevamp.com/__cypress/runner/cypress_runner.js:85591:16)\n    at tryCatcher (https://app.pagevamp.com/__cypress/runner/cypress_runner.js:139407:23)\n    at Promise._settlePromiseFromHandler (https://app.pagevamp.com/__cypress/runner/cypress_runner.js:137343:31)\n    at Promise._settlePromise (https://app.pagevamp.com/__cypress/runner/cypress_runner.js:137400:18)\n    at Promise._settlePromise0 (https://app.pagevamp.com/__cypress/runner/cypress_runner.js:137445:10)\n    at Promise._settlePromises (https://app.pagevamp.com/__cypress/runner/cypress_runner.js:137520:18)\n    at Async../node_modules/bluebird/js/release/async.js.Async._drainQueue (https://app.pagevamp.com/__cypress/runner/cypress_runner.js:134132:16)\n    at Async../node_modules/bluebird/js/release/async.js.Async._drainQueues (https://app.pagevamp.com/__cypress/runner/cypress_runner.js:134142:10)\n    at Async.drainQueues (https://app.pagevamp.com/__cypress/runner/cypress_runner.js:134016:14)",
                "diff": null
              },
              "uuid": "45a98866-bc95-4163-9865-d833d159ba9e",
              "parentUUID": "10418774-ad97-4195-a8e6-7c881410737a",
              "isHook": false,
              "skipped": false
            },
            {
              "title": "checking Polish Translation",
              "fullTitle": "Pagevamp Vampflow in mobile checking Polish Translation",
              "timedOut": null,
              "duration": 4563,
              "state": "failed",
              "speed": null,
              "pass": false,
              "fail": true,
              "pending": false,
              "context": null,
              "code": "cy.get('#language-dropdown-menu').click();\ncy.get('.language > .dropdown > .uib-dropdown-menu > :nth-child(11) > .ng-binding').click();\ncy.get('.aligning-center').contains('Strony');",
              "err": {
                "message": "CypressError: Timed out retrying: Expected to find element: '#language-dropdown-menu', but never found it.",
                "estack": "CypressError: Timed out retrying: Expected to find element: '#language-dropdown-menu', but never found it.\n    at Object.cypressErr (https://app.pagevamp.com/__cypress/runner/cypress_runner.js:105262:11)\n    at Object.throwErr (https://app.pagevamp.com/__cypress/runner/cypress_runner.js:105217:18)\n    at Object.throwErrByPath (https://app.pagevamp.com/__cypress/runner/cypress_runner.js:105249:17)\n    at retry (https://app.pagevamp.com/__cypress/runner/cypress_runner.js:96526:16)\n    at onFailFn (https://app.pagevamp.com/__cypress/runner/cypress_runner.js:85591:16)\n    at tryCatcher (https://app.pagevamp.com/__cypress/runner/cypress_runner.js:139407:23)\n    at Promise._settlePromiseFromHandler (https://app.pagevamp.com/__cypress/runner/cypress_runner.js:137343:31)\n    at Promise._settlePromise (https://app.pagevamp.com/__cypress/runner/cypress_runner.js:137400:18)\n    at Promise._settlePromise0 (https://app.pagevamp.com/__cypress/runner/cypress_runner.js:137445:10)\n    at Promise._settlePromises (https://app.pagevamp.com/__cypress/runner/cypress_runner.js:137520:18)\n    at Async../node_modules/bluebird/js/release/async.js.Async._drainQueue (https://app.pagevamp.com/__cypress/runner/cypress_runner.js:134132:16)\n    at Async../node_modules/bluebird/js/release/async.js.Async._drainQueues (https://app.pagevamp.com/__cypress/runner/cypress_runner.js:134142:10)\n    at Async.drainQueues (https://app.pagevamp.com/__cypress/runner/cypress_runner.js:134016:14)",
                "diff": null
              },
              "uuid": "7f3fa6b3-179e-4f04-8044-6b6d78e2984f",
              "parentUUID": "10418774-ad97-4195-a8e6-7c881410737a",
              "isHook": false,
              "skipped": false
            },
            {
              "title": "checking Dutch Translation",
              "fullTitle": "Pagevamp Vampflow in mobile checking Dutch Translation",
              "timedOut": null,
              "duration": 4360,
              "state": "failed",
              "speed": null,
              "pass": false,
              "fail": true,
              "pending": false,
              "context": null,
              "code": "cy.get('#language-dropdown-menu').click();\ncy.get('.language > .dropdown > .uib-dropdown-menu > :nth-child(12) > .ng-binding').click();\ncy.get('.aligning-center').contains('Websites');",
              "err": {
                "message": "CypressError: Timed out retrying: Expected to find element: '#language-dropdown-menu', but never found it.",
                "estack": "CypressError: Timed out retrying: Expected to find element: '#language-dropdown-menu', but never found it.\n    at Object.cypressErr (https://app.pagevamp.com/__cypress/runner/cypress_runner.js:105262:11)\n    at Object.throwErr (https://app.pagevamp.com/__cypress/runner/cypress_runner.js:105217:18)\n    at Object.throwErrByPath (https://app.pagevamp.com/__cypress/runner/cypress_runner.js:105249:17)\n    at retry (https://app.pagevamp.com/__cypress/runner/cypress_runner.js:96526:16)\n    at onFailFn (https://app.pagevamp.com/__cypress/runner/cypress_runner.js:85591:16)\n    at tryCatcher (https://app.pagevamp.com/__cypress/runner/cypress_runner.js:139407:23)\n    at Promise._settlePromiseFromHandler (https://app.pagevamp.com/__cypress/runner/cypress_runner.js:137343:31)\n    at Promise._settlePromise (https://app.pagevamp.com/__cypress/runner/cypress_runner.js:137400:18)\n    at Promise._settlePromise0 (https://app.pagevamp.com/__cypress/runner/cypress_runner.js:137445:10)\n    at Promise._settlePromises (https://app.pagevamp.com/__cypress/runner/cypress_runner.js:137520:18)\n    at Async../node_modules/bluebird/js/release/async.js.Async._drainQueue (https://app.pagevamp.com/__cypress/runner/cypress_runner.js:134132:16)\n    at Async../node_modules/bluebird/js/release/async.js.Async._drainQueues (https://app.pagevamp.com/__cypress/runner/cypress_runner.js:134142:10)\n    at Async.drainQueues (https://app.pagevamp.com/__cypress/runner/cypress_runner.js:134016:14)",
                "diff": null
              },
              "uuid": "a8f58896-dcd9-4934-a3c9-7c2be851688c",
              "parentUUID": "10418774-ad97-4195-a8e6-7c881410737a",
              "isHook": false,
              "skipped": false
            },
            {
              "title": "checking Chinese Translation",
              "fullTitle": "Pagevamp Vampflow in mobile checking Chinese Translation",
              "timedOut": null,
              "duration": 4329,
              "state": "failed",
              "speed": null,
              "pass": false,
              "fail": true,
              "pending": false,
              "context": null,
              "code": "cy.get('#language-dropdown-menu').click();\ncy.get('.language > .dropdown > .uib-dropdown-menu > :nth-child(13) > .ng-binding').click();\ncy.get('.aligning-center').contains('網站');",
              "err": {
                "message": "CypressError: Timed out retrying: Expected to find element: '#language-dropdown-menu', but never found it.",
                "estack": "CypressError: Timed out retrying: Expected to find element: '#language-dropdown-menu', but never found it.\n    at Object.cypressErr (https://app.pagevamp.com/__cypress/runner/cypress_runner.js:105262:11)\n    at Object.throwErr (https://app.pagevamp.com/__cypress/runner/cypress_runner.js:105217:18)\n    at Object.throwErrByPath (https://app.pagevamp.com/__cypress/runner/cypress_runner.js:105249:17)\n    at retry (https://app.pagevamp.com/__cypress/runner/cypress_runner.js:96526:16)\n    at onFailFn (https://app.pagevamp.com/__cypress/runner/cypress_runner.js:85591:16)\n    at tryCatcher (https://app.pagevamp.com/__cypress/runner/cypress_runner.js:139407:23)\n    at Promise._settlePromiseFromHandler (https://app.pagevamp.com/__cypress/runner/cypress_runner.js:137343:31)\n    at Promise._settlePromise (https://app.pagevamp.com/__cypress/runner/cypress_runner.js:137400:18)\n    at Promise._settlePromise0 (https://app.pagevamp.com/__cypress/runner/cypress_runner.js:137445:10)\n    at Promise._settlePromises (https://app.pagevamp.com/__cypress/runner/cypress_runner.js:137520:18)\n    at Async../node_modules/bluebird/js/release/async.js.Async._drainQueue (https://app.pagevamp.com/__cypress/runner/cypress_runner.js:134132:16)\n    at Async../node_modules/bluebird/js/release/async.js.Async._drainQueues (https://app.pagevamp.com/__cypress/runner/cypress_runner.js:134142:10)\n    at Async.drainQueues (https://app.pagevamp.com/__cypress/runner/cypress_runner.js:134016:14)",
                "diff": null
              },
              "uuid": "7c8b7642-6607-4806-ad49-972e48c0a1df",
              "parentUUID": "10418774-ad97-4195-a8e6-7c881410737a",
              "isHook": false,
              "skipped": false
            },
            {
              "title": "checking Czech Republic Translation",
              "fullTitle": "Pagevamp Vampflow in mobile checking Czech Republic Translation",
              "timedOut": null,
              "duration": 4341,
              "state": "failed",
              "speed": null,
              "pass": false,
              "fail": true,
              "pending": false,
              "context": null,
              "code": "cy.get('#language-dropdown-menu').click();\ncy.get('.language > .dropdown > .uib-dropdown-menu > :nth-child(14) > .ng-binding').click();\ncy.get('.aligning-center').contains('Stránky');",
              "err": {
                "message": "CypressError: Timed out retrying: Expected to find element: '#language-dropdown-menu', but never found it.",
                "estack": "CypressError: Timed out retrying: Expected to find element: '#language-dropdown-menu', but never found it.\n    at Object.cypressErr (https://app.pagevamp.com/__cypress/runner/cypress_runner.js:105262:11)\n    at Object.throwErr (https://app.pagevamp.com/__cypress/runner/cypress_runner.js:105217:18)\n    at Object.throwErrByPath (https://app.pagevamp.com/__cypress/runner/cypress_runner.js:105249:17)\n    at retry (https://app.pagevamp.com/__cypress/runner/cypress_runner.js:96526:16)\n    at onFailFn (https://app.pagevamp.com/__cypress/runner/cypress_runner.js:85591:16)\n    at tryCatcher (https://app.pagevamp.com/__cypress/runner/cypress_runner.js:139407:23)\n    at Promise._settlePromiseFromHandler (https://app.pagevamp.com/__cypress/runner/cypress_runner.js:137343:31)\n    at Promise._settlePromise (https://app.pagevamp.com/__cypress/runner/cypress_runner.js:137400:18)\n    at Promise._settlePromise0 (https://app.pagevamp.com/__cypress/runner/cypress_runner.js:137445:10)\n    at Promise._settlePromises (https://app.pagevamp.com/__cypress/runner/cypress_runner.js:137520:18)\n    at Async../node_modules/bluebird/js/release/async.js.Async._drainQueue (https://app.pagevamp.com/__cypress/runner/cypress_runner.js:134132:16)\n    at Async../node_modules/bluebird/js/release/async.js.Async._drainQueues (https://app.pagevamp.com/__cypress/runner/cypress_runner.js:134142:10)\n    at Async.drainQueues (https://app.pagevamp.com/__cypress/runner/cypress_runner.js:134016:14)",
                "diff": null
              },
              "uuid": "c438f398-e0ae-449a-9764-dc7fd7a1953f",
              "parentUUID": "10418774-ad97-4195-a8e6-7c881410737a",
              "isHook": false,
              "skipped": false
            },
            {
              "title": "checking French Translation",
              "fullTitle": "Pagevamp Vampflow in mobile checking French Translation",
              "timedOut": null,
              "duration": 4352,
              "state": "failed",
              "speed": null,
              "pass": false,
              "fail": true,
              "pending": false,
              "context": null,
              "code": "cy.get('#language-dropdown-menu').click();\ncy.get('.language > .dropdown > .uib-dropdown-menu > :nth-child(15) > .ng-binding').click();\ncy.get('.aligning-center').contains('Mes sites');",
              "err": {
                "message": "CypressError: Timed out retrying: Expected to find element: '#language-dropdown-menu', but never found it.",
                "estack": "CypressError: Timed out retrying: Expected to find element: '#language-dropdown-menu', but never found it.\n    at Object.cypressErr (https://app.pagevamp.com/__cypress/runner/cypress_runner.js:105262:11)\n    at Object.throwErr (https://app.pagevamp.com/__cypress/runner/cypress_runner.js:105217:18)\n    at Object.throwErrByPath (https://app.pagevamp.com/__cypress/runner/cypress_runner.js:105249:17)\n    at retry (https://app.pagevamp.com/__cypress/runner/cypress_runner.js:96526:16)\n    at onFailFn (https://app.pagevamp.com/__cypress/runner/cypress_runner.js:85591:16)\n    at tryCatcher (https://app.pagevamp.com/__cypress/runner/cypress_runner.js:139407:23)\n    at Promise._settlePromiseFromHandler (https://app.pagevamp.com/__cypress/runner/cypress_runner.js:137343:31)\n    at Promise._settlePromise (https://app.pagevamp.com/__cypress/runner/cypress_runner.js:137400:18)\n    at Promise._settlePromise0 (https://app.pagevamp.com/__cypress/runner/cypress_runner.js:137445:10)\n    at Promise._settlePromises (https://app.pagevamp.com/__cypress/runner/cypress_runner.js:137520:18)\n    at Async../node_modules/bluebird/js/release/async.js.Async._drainQueue (https://app.pagevamp.com/__cypress/runner/cypress_runner.js:134132:16)\n    at Async../node_modules/bluebird/js/release/async.js.Async._drainQueues (https://app.pagevamp.com/__cypress/runner/cypress_runner.js:134142:10)\n    at Async.drainQueues (https://app.pagevamp.com/__cypress/runner/cypress_runner.js:134016:14)",
                "diff": null
              },
              "uuid": "01bdbb81-caf8-4bcb-a0a2-f75f21cfe9af",
              "parentUUID": "10418774-ad97-4195-a8e6-7c881410737a",
              "isHook": false,
              "skipped": false
            }
          ],
          "suites": [],
          "passes": [],
          "failures": [
            "0bfe1417-03ab-46af-bfa8-17bb66a772b8",
            "9e6db553-1f3d-4f48-8f69-7ff4ddb5a525",
            "83404285-88ee-4735-be92-e4546038990d",
            "587a5f51-e503-43d0-a483-bb54c722691b",
            "956a3289-0f1b-4885-b4bc-19b343b51d9d",
            "9259ec59-be3e-4d1f-afcb-88e992c333e1",
            "a00084dd-0cd2-418d-bdb5-60f15e3add0e",
            "f516aeae-f3ea-4785-a2a5-b8aef331a13b",
            "45a98866-bc95-4163-9865-d833d159ba9e",
            "7f3fa6b3-179e-4f04-8044-6b6d78e2984f",
            "a8f58896-dcd9-4934-a3c9-7c2be851688c",
            "7c8b7642-6607-4806-ad49-972e48c0a1df",
            "c438f398-e0ae-449a-9764-dc7fd7a1953f",
            "01bdbb81-caf8-4bcb-a0a2-f75f21cfe9af"
          ],
          "pending": [],
          "skipped": [],
          "duration": 127408,
          "root": false,
          "rootEmpty": false,
          "_timeout": 2000
        }
      ],
      "passes": [],
      "failures": [],
      "pending": [],
      "skipped": [],
      "duration": 0,
      "root": true,
      "rootEmpty": true,
      "_timeout": 2000
    }
  ],
  "meta": {
    "mocha": {
      "version": "5.2.0"
    },
    "mochawesome": {
      "options": {
        "quiet": false,
        "reportFilename": "mochawesome",
        "saveHtml": false,
        "saveJson": true,
        "consoleReporter": "spec",
        "useInlineDiffs": false
      },
      "version": "4.1.0"
    },
    "marge": {
      "options": {
        "reportDir": "cypress/reports",
        "overwrite": false,
        "html": false,
        "json": true
      },
      "version": "4.0.1"
    }
  }
}