{
  "stats": {
    "suites": 2,
    "tests": 48,
    "passes": 48,
    "pending": 0,
    "failures": 0,
    "start": "2019-12-12T15:19:13.947Z",
    "end": "2019-12-12T15:19:42.743Z",
    "duration": 28796,
    "testsRegistered": 48,
    "passPercent": 100,
    "pendingPercent": 0,
    "other": 0,
    "hasOther": false,
    "skipped": 0,
    "hasSkipped": false
  },
  "results": [
    {
      "uuid": "4496a3a4-b138-46af-8df5-2f5cc5593723",
      "title": "",
      "fullFile": "",
      "file": "",
      "beforeHooks": [],
      "afterHooks": [],
      "tests": [],
      "suites": [
        {
          "uuid": "c246c1a2-c193-47e8-93ee-a5618d98c470",
          "title": "Akky Landing page - index page",
          "fullFile": "",
          "file": "",
          "beforeHooks": [],
          "afterHooks": [],
          "tests": [
            {
              "title": "testing on iphone-6",
              "fullTitle": "Akky Landing page - index page testing on iphone-6",
              "timedOut": null,
              "duration": 11408,
              "state": "passed",
              "speed": "slow",
              "pass": true,
              "fail": false,
              "pending": false,
              "context": null,
              "code": "",
              "err": {},
              "uuid": "bca29967-4642-4ae2-9b30-6123ca0b19d8",
              "parentUUID": "c246c1a2-c193-47e8-93ee-a5618d98c470",
              "isHook": false,
              "skipped": false
            },
            {
              "title": "should have Akky logo",
              "fullTitle": "Akky Landing page - index page should have Akky logo",
              "timedOut": null,
              "duration": 136,
              "state": "passed",
              "speed": "slow",
              "pass": true,
              "fail": false,
              "pending": false,
              "context": null,
              "code": "cy.get('.pv-section .container .pv-cnt .pv-cnt__img .pvg-mx');\ncy.get('#topmost-nav .navbar-header a.pv-logo--sponsr').should('have.attr', 'href', 'https://www.akky.mx/jsf/static_content/pagevamp/index.jsf?lng=es');",
              "err": {},
              "uuid": "0de8f4b3-d27f-4cb2-9703-5633d2fea0c5",
              "parentUUID": "c246c1a2-c193-47e8-93ee-a5618d98c470",
              "isHook": false,
              "skipped": false
            },
            {
              "title": "should have .mx domain extension in index page >> feature section",
              "fullTitle": "Akky Landing page - index page should have .mx domain extension in index page >> feature section",
              "timedOut": null,
              "duration": 111,
              "state": "passed",
              "speed": "slow",
              "pass": true,
              "fail": false,
              "pending": false,
              "context": null,
              "code": "cy.get('.pv-section .container .pv-cnt .pv-cnt__img .pvg-mx');",
              "err": {},
              "uuid": "5b8e46de-787f-40c3-b2f5-f325a6dd836c",
              "parentUUID": "c246c1a2-c193-47e8-93ee-a5618d98c470",
              "isHook": false,
              "skipped": false
            },
            {
              "title": "should have 14 Days Trial",
              "fullTitle": "Akky Landing page - index page should have 14 Days Trial",
              "timedOut": null,
              "duration": 46,
              "state": "passed",
              "speed": "medium",
              "pass": true,
              "fail": false,
              "pending": false,
              "context": null,
              "code": "cy.get('.pv-try .pv-title .pv-title__lead').contains(_akkyHelper.default.getNormalPagevampTrial());",
              "err": {},
              "uuid": "270c68e8-0370-46d8-8295-9c06de1d3906",
              "parentUUID": "c246c1a2-c193-47e8-93ee-a5618d98c470",
              "isHook": false,
              "skipped": false
            },
            {
              "title": "should have Akky texts in pricing section",
              "fullTitle": "Akky Landing page - index page should have Akky texts in pricing section",
              "timedOut": null,
              "duration": 68,
              "state": "passed",
              "speed": "medium",
              "pass": true,
              "fail": false,
              "pending": false,
              "context": null,
              "code": "cy.get('.pv-pricing .pv-heading-group p.pv-title-support').within(function () {\n  cy.contains(\"Cada plan incluye todo lo que necesita para que su sitio web esté en línea.\");\n  cy.contains(\"Después podrá contratarlo, ya sea, en este sitio o en Akky para que lo pueda relacionar con el Dominio que desee.\");\n  cy.contains(\"Las tarifas varían dependiendo de la clasificación de nombre de dominio con el que deseas dar a conocer el nombre de tu página web y si cuentas con el dominio registrado en Akky. Revisa el detalle de precios.\");\n});",
              "err": {},
              "uuid": "bd40555c-dd19-467f-87a0-ca406524454f",
              "parentUUID": "c246c1a2-c193-47e8-93ee-a5618d98c470",
              "isHook": false,
              "skipped": false
            },
            {
              "title": "should have promotional 50% discount sticker in pricing box(index page)",
              "fullTitle": "Akky Landing page - index page should have promotional 50% discount sticker in pricing box(index page)",
              "timedOut": null,
              "duration": 156,
              "state": "passed",
              "speed": "slow",
              "pass": true,
              "fail": false,
              "pending": false,
              "context": null,
              "code": "cy.get('.pv-section .plan-box .plan-box__promotion-banner').within(function () {\n  cy.contains('Promoción');\n  cy.contains('50% de descuento');\n});",
              "err": {},
              "uuid": "3e8bc689-3c0b-4141-a736-2acd92ef39dd",
              "parentUUID": "c246c1a2-c193-47e8-93ee-a5618d98c470",
              "isHook": false,
              "skipped": false
            },
            {
              "title": "should have USD $72 plan in pricing section",
              "fullTitle": "Akky Landing page - index page should have USD $72 plan in pricing section",
              "timedOut": null,
              "duration": 73,
              "state": "passed",
              "speed": "medium",
              "pass": true,
              "fail": false,
              "pending": false,
              "context": null,
              "code": "cy.get('.pv-section .plan-box--promotion h2.plan-box__pricing').within(function () {\n  cy.contains(_akkyHelper.default.getUsPricingCountryCode());\n  cy.contains(_akkyHelper.default.getDollarCurrencySymbol());\n  cy.contains(_akkyHelper.default.getAkkyPrice());\n});",
              "err": {},
              "uuid": "e1353b42-90d1-4a1f-ae94-e59d70601006",
              "parentUUID": "c246c1a2-c193-47e8-93ee-a5618d98c470",
              "isHook": false,
              "skipped": false
            },
            {
              "title": "should have Akky support link in intercom",
              "fullTitle": "Akky Landing page - index page should have Akky support link in intercom",
              "timedOut": null,
              "duration": 37,
              "state": "passed",
              "speed": "fast",
              "pass": true,
              "fail": false,
              "pending": false,
              "context": null,
              "code": "cy.get('.pv-support a.link-txt--white').should('have.attr', 'href', 'http://www.ayudaenlineapagevamp.mx/onlinehelp/offline.php?LANGUAGE=es');",
              "err": {},
              "uuid": "7b5dbe1b-b355-48cd-8290-6e5f2af15947",
              "parentUUID": "c246c1a2-c193-47e8-93ee-a5618d98c470",
              "isHook": false,
              "skipped": false
            },
            {
              "title": "testing on ipad-2",
              "fullTitle": "Akky Landing page - index page testing on ipad-2",
              "timedOut": null,
              "duration": 18,
              "state": "passed",
              "speed": "fast",
              "pass": true,
              "fail": false,
              "pending": false,
              "context": null,
              "code": "",
              "err": {},
              "uuid": "db8a4abc-a663-4d14-9f11-8a1052300dc0",
              "parentUUID": "c246c1a2-c193-47e8-93ee-a5618d98c470",
              "isHook": false,
              "skipped": false
            },
            {
              "title": "should have Akky logo",
              "fullTitle": "Akky Landing page - index page should have Akky logo",
              "timedOut": null,
              "duration": 56,
              "state": "passed",
              "speed": "medium",
              "pass": true,
              "fail": false,
              "pending": false,
              "context": null,
              "code": "cy.get('.pv-section .container .pv-cnt .pv-cnt__img .pvg-mx');\ncy.get('#topmost-nav .navbar-header a.pv-logo--sponsr').should('have.attr', 'href', 'https://www.akky.mx/jsf/static_content/pagevamp/index.jsf?lng=es');",
              "err": {},
              "uuid": "224cbfe7-5642-450a-958d-3693a827394d",
              "parentUUID": "c246c1a2-c193-47e8-93ee-a5618d98c470",
              "isHook": false,
              "skipped": false
            },
            {
              "title": "should have .mx domain extension in index page >> feature section",
              "fullTitle": "Akky Landing page - index page should have .mx domain extension in index page >> feature section",
              "timedOut": null,
              "duration": 90,
              "state": "passed",
              "speed": "slow",
              "pass": true,
              "fail": false,
              "pending": false,
              "context": null,
              "code": "cy.get('.pv-section .container .pv-cnt .pv-cnt__img .pvg-mx');",
              "err": {},
              "uuid": "09807a8d-9cbb-4be9-a39d-c86476026de3",
              "parentUUID": "c246c1a2-c193-47e8-93ee-a5618d98c470",
              "isHook": false,
              "skipped": false
            },
            {
              "title": "should have 14 Days Trial",
              "fullTitle": "Akky Landing page - index page should have 14 Days Trial",
              "timedOut": null,
              "duration": 30,
              "state": "passed",
              "speed": "fast",
              "pass": true,
              "fail": false,
              "pending": false,
              "context": null,
              "code": "cy.get('.pv-try .pv-title .pv-title__lead').contains(_akkyHelper.default.getNormalPagevampTrial());",
              "err": {},
              "uuid": "d579f1ca-4a35-44f4-9360-5c076acb2264",
              "parentUUID": "c246c1a2-c193-47e8-93ee-a5618d98c470",
              "isHook": false,
              "skipped": false
            },
            {
              "title": "should have Akky texts in pricing section",
              "fullTitle": "Akky Landing page - index page should have Akky texts in pricing section",
              "timedOut": null,
              "duration": 45,
              "state": "passed",
              "speed": "medium",
              "pass": true,
              "fail": false,
              "pending": false,
              "context": null,
              "code": "cy.get('.pv-pricing .pv-heading-group p.pv-title-support').within(function () {\n  cy.contains(\"Cada plan incluye todo lo que necesita para que su sitio web esté en línea.\");\n  cy.contains(\"Después podrá contratarlo, ya sea, en este sitio o en Akky para que lo pueda relacionar con el Dominio que desee.\");\n  cy.contains(\"Las tarifas varían dependiendo de la clasificación de nombre de dominio con el que deseas dar a conocer el nombre de tu página web y si cuentas con el dominio registrado en Akky. Revisa el detalle de precios.\");\n});",
              "err": {},
              "uuid": "74535a35-0e21-426b-9753-3442c05cd829",
              "parentUUID": "c246c1a2-c193-47e8-93ee-a5618d98c470",
              "isHook": false,
              "skipped": false
            },
            {
              "title": "should have promotional 50% discount sticker in pricing box(index page)",
              "fullTitle": "Akky Landing page - index page should have promotional 50% discount sticker in pricing box(index page)",
              "timedOut": null,
              "duration": 45,
              "state": "passed",
              "speed": "medium",
              "pass": true,
              "fail": false,
              "pending": false,
              "context": null,
              "code": "cy.get('.pv-section .plan-box .plan-box__promotion-banner').within(function () {\n  cy.contains('Promoción');\n  cy.contains('50% de descuento');\n});",
              "err": {},
              "uuid": "bc062b7f-4b9c-4d6e-9041-0d7210570fff",
              "parentUUID": "c246c1a2-c193-47e8-93ee-a5618d98c470",
              "isHook": false,
              "skipped": false
            },
            {
              "title": "should have USD $72 plan in pricing section",
              "fullTitle": "Akky Landing page - index page should have USD $72 plan in pricing section",
              "timedOut": null,
              "duration": 59,
              "state": "passed",
              "speed": "medium",
              "pass": true,
              "fail": false,
              "pending": false,
              "context": null,
              "code": "cy.get('.pv-section .plan-box--promotion h2.plan-box__pricing').within(function () {\n  cy.contains(_akkyHelper.default.getUsPricingCountryCode());\n  cy.contains(_akkyHelper.default.getDollarCurrencySymbol());\n  cy.contains(_akkyHelper.default.getAkkyPrice());\n});",
              "err": {},
              "uuid": "87ad2ba3-ffb9-4814-a255-aaf051bfc0e9",
              "parentUUID": "c246c1a2-c193-47e8-93ee-a5618d98c470",
              "isHook": false,
              "skipped": false
            },
            {
              "title": "should have Akky support link in intercom",
              "fullTitle": "Akky Landing page - index page should have Akky support link in intercom",
              "timedOut": null,
              "duration": 21,
              "state": "passed",
              "speed": "fast",
              "pass": true,
              "fail": false,
              "pending": false,
              "context": null,
              "code": "cy.get('.pv-support a.link-txt--white').should('have.attr', 'href', 'http://www.ayudaenlineapagevamp.mx/onlinehelp/offline.php?LANGUAGE=es');",
              "err": {},
              "uuid": "b79ac93e-856a-4403-8953-d0a6d75a9c92",
              "parentUUID": "c246c1a2-c193-47e8-93ee-a5618d98c470",
              "isHook": false,
              "skipped": false
            },
            {
              "title": "testing on iphone-4",
              "fullTitle": "Akky Landing page - index page testing on iphone-4",
              "timedOut": null,
              "duration": 163,
              "state": "passed",
              "speed": "slow",
              "pass": true,
              "fail": false,
              "pending": false,
              "context": null,
              "code": "",
              "err": {},
              "uuid": "08e7571b-76e3-489b-b749-861d6596b7b9",
              "parentUUID": "c246c1a2-c193-47e8-93ee-a5618d98c470",
              "isHook": false,
              "skipped": false
            },
            {
              "title": "should have Akky logo",
              "fullTitle": "Akky Landing page - index page should have Akky logo",
              "timedOut": null,
              "duration": 87,
              "state": "passed",
              "speed": "slow",
              "pass": true,
              "fail": false,
              "pending": false,
              "context": null,
              "code": "cy.get('.pv-section .container .pv-cnt .pv-cnt__img .pvg-mx');\ncy.get('#topmost-nav .navbar-header a.pv-logo--sponsr').should('have.attr', 'href', 'https://www.akky.mx/jsf/static_content/pagevamp/index.jsf?lng=es');",
              "err": {},
              "uuid": "9ce3f7bf-cd46-4103-9ba7-57ad3f1ab40c",
              "parentUUID": "c246c1a2-c193-47e8-93ee-a5618d98c470",
              "isHook": false,
              "skipped": false
            },
            {
              "title": "should have .mx domain extension in index page >> feature section",
              "fullTitle": "Akky Landing page - index page should have .mx domain extension in index page >> feature section",
              "timedOut": null,
              "duration": 63,
              "state": "passed",
              "speed": "medium",
              "pass": true,
              "fail": false,
              "pending": false,
              "context": null,
              "code": "cy.get('.pv-section .container .pv-cnt .pv-cnt__img .pvg-mx');",
              "err": {},
              "uuid": "7a6b7229-543a-40b8-a6c1-724a35ffda36",
              "parentUUID": "c246c1a2-c193-47e8-93ee-a5618d98c470",
              "isHook": false,
              "skipped": false
            },
            {
              "title": "should have 14 Days Trial",
              "fullTitle": "Akky Landing page - index page should have 14 Days Trial",
              "timedOut": null,
              "duration": 36,
              "state": "passed",
              "speed": "fast",
              "pass": true,
              "fail": false,
              "pending": false,
              "context": null,
              "code": "cy.get('.pv-try .pv-title .pv-title__lead').contains(_akkyHelper.default.getNormalPagevampTrial());",
              "err": {},
              "uuid": "0163b3c5-ac7a-441c-954e-2fa528d88ab4",
              "parentUUID": "c246c1a2-c193-47e8-93ee-a5618d98c470",
              "isHook": false,
              "skipped": false
            },
            {
              "title": "should have Akky texts in pricing section",
              "fullTitle": "Akky Landing page - index page should have Akky texts in pricing section",
              "timedOut": null,
              "duration": 60,
              "state": "passed",
              "speed": "medium",
              "pass": true,
              "fail": false,
              "pending": false,
              "context": null,
              "code": "cy.get('.pv-pricing .pv-heading-group p.pv-title-support').within(function () {\n  cy.contains(\"Cada plan incluye todo lo que necesita para que su sitio web esté en línea.\");\n  cy.contains(\"Después podrá contratarlo, ya sea, en este sitio o en Akky para que lo pueda relacionar con el Dominio que desee.\");\n  cy.contains(\"Las tarifas varían dependiendo de la clasificación de nombre de dominio con el que deseas dar a conocer el nombre de tu página web y si cuentas con el dominio registrado en Akky. Revisa el detalle de precios.\");\n});",
              "err": {},
              "uuid": "13d6510a-42f6-4fe8-baab-06093928a223",
              "parentUUID": "c246c1a2-c193-47e8-93ee-a5618d98c470",
              "isHook": false,
              "skipped": false
            },
            {
              "title": "should have promotional 50% discount sticker in pricing box(index page)",
              "fullTitle": "Akky Landing page - index page should have promotional 50% discount sticker in pricing box(index page)",
              "timedOut": null,
              "duration": 108,
              "state": "passed",
              "speed": "slow",
              "pass": true,
              "fail": false,
              "pending": false,
              "context": null,
              "code": "cy.get('.pv-section .plan-box .plan-box__promotion-banner').within(function () {\n  cy.contains('Promoción');\n  cy.contains('50% de descuento');\n});",
              "err": {},
              "uuid": "f84d98d2-3f39-480e-a469-4dbd5c48b4ef",
              "parentUUID": "c246c1a2-c193-47e8-93ee-a5618d98c470",
              "isHook": false,
              "skipped": false
            },
            {
              "title": "should have USD $72 plan in pricing section",
              "fullTitle": "Akky Landing page - index page should have USD $72 plan in pricing section",
              "timedOut": null,
              "duration": 45,
              "state": "passed",
              "speed": "medium",
              "pass": true,
              "fail": false,
              "pending": false,
              "context": null,
              "code": "cy.get('.pv-section .plan-box--promotion h2.plan-box__pricing').within(function () {\n  cy.contains(_akkyHelper.default.getUsPricingCountryCode());\n  cy.contains(_akkyHelper.default.getDollarCurrencySymbol());\n  cy.contains(_akkyHelper.default.getAkkyPrice());\n});",
              "err": {},
              "uuid": "30e3a307-f317-4553-af56-f0924acc888c",
              "parentUUID": "c246c1a2-c193-47e8-93ee-a5618d98c470",
              "isHook": false,
              "skipped": false
            },
            {
              "title": "should have Akky support link in intercom",
              "fullTitle": "Akky Landing page - index page should have Akky support link in intercom",
              "timedOut": null,
              "duration": 31,
              "state": "passed",
              "speed": "fast",
              "pass": true,
              "fail": false,
              "pending": false,
              "context": null,
              "code": "cy.get('.pv-support a.link-txt--white').should('have.attr', 'href', 'http://www.ayudaenlineapagevamp.mx/onlinehelp/offline.php?LANGUAGE=es');",
              "err": {},
              "uuid": "91de3d6c-0c39-4d5f-b293-1b8a3de10e7c",
              "parentUUID": "c246c1a2-c193-47e8-93ee-a5618d98c470",
              "isHook": false,
              "skipped": false
            },
            {
              "title": "testing on 1500,1000",
              "fullTitle": "Akky Landing page - index page testing on 1500,1000",
              "timedOut": null,
              "duration": 11,
              "state": "passed",
              "speed": "fast",
              "pass": true,
              "fail": false,
              "pending": false,
              "context": null,
              "code": "",
              "err": {},
              "uuid": "38660421-543d-4178-bd49-a86cd27686d2",
              "parentUUID": "c246c1a2-c193-47e8-93ee-a5618d98c470",
              "isHook": false,
              "skipped": false
            },
            {
              "title": "should have Akky logo",
              "fullTitle": "Akky Landing page - index page should have Akky logo",
              "timedOut": null,
              "duration": 54,
              "state": "passed",
              "speed": "medium",
              "pass": true,
              "fail": false,
              "pending": false,
              "context": null,
              "code": "cy.get('.pv-section .container .pv-cnt .pv-cnt__img .pvg-mx');\ncy.get('#topmost-nav .navbar-header a.pv-logo--sponsr').should('have.attr', 'href', 'https://www.akky.mx/jsf/static_content/pagevamp/index.jsf?lng=es');",
              "err": {},
              "uuid": "1063012b-3118-46b1-8e96-fbb87772de58",
              "parentUUID": "c246c1a2-c193-47e8-93ee-a5618d98c470",
              "isHook": false,
              "skipped": false
            },
            {
              "title": "should have .mx domain extension in index page >> feature section",
              "fullTitle": "Akky Landing page - index page should have .mx domain extension in index page >> feature section",
              "timedOut": null,
              "duration": 19,
              "state": "passed",
              "speed": "fast",
              "pass": true,
              "fail": false,
              "pending": false,
              "context": null,
              "code": "cy.get('.pv-section .container .pv-cnt .pv-cnt__img .pvg-mx');",
              "err": {},
              "uuid": "6842088d-2762-4915-a391-191f822d272e",
              "parentUUID": "c246c1a2-c193-47e8-93ee-a5618d98c470",
              "isHook": false,
              "skipped": false
            },
            {
              "title": "should have 14 Days Trial",
              "fullTitle": "Akky Landing page - index page should have 14 Days Trial",
              "timedOut": null,
              "duration": 46,
              "state": "passed",
              "speed": "medium",
              "pass": true,
              "fail": false,
              "pending": false,
              "context": null,
              "code": "cy.get('.pv-try .pv-title .pv-title__lead').contains(_akkyHelper.default.getNormalPagevampTrial());",
              "err": {},
              "uuid": "7a6ee0c7-19d8-4e91-973b-a736e0c91cd2",
              "parentUUID": "c246c1a2-c193-47e8-93ee-a5618d98c470",
              "isHook": false,
              "skipped": false
            },
            {
              "title": "should have Akky texts in pricing section",
              "fullTitle": "Akky Landing page - index page should have Akky texts in pricing section",
              "timedOut": null,
              "duration": 98,
              "state": "passed",
              "speed": "slow",
              "pass": true,
              "fail": false,
              "pending": false,
              "context": null,
              "code": "cy.get('.pv-pricing .pv-heading-group p.pv-title-support').within(function () {\n  cy.contains(\"Cada plan incluye todo lo que necesita para que su sitio web esté en línea.\");\n  cy.contains(\"Después podrá contratarlo, ya sea, en este sitio o en Akky para que lo pueda relacionar con el Dominio que desee.\");\n  cy.contains(\"Las tarifas varían dependiendo de la clasificación de nombre de dominio con el que deseas dar a conocer el nombre de tu página web y si cuentas con el dominio registrado en Akky. Revisa el detalle de precios.\");\n});",
              "err": {},
              "uuid": "aa4281e2-6788-45b5-9b91-d7b8565dc879",
              "parentUUID": "c246c1a2-c193-47e8-93ee-a5618d98c470",
              "isHook": false,
              "skipped": false
            },
            {
              "title": "should have promotional 50% discount sticker in pricing box(index page)",
              "fullTitle": "Akky Landing page - index page should have promotional 50% discount sticker in pricing box(index page)",
              "timedOut": null,
              "duration": 66,
              "state": "passed",
              "speed": "medium",
              "pass": true,
              "fail": false,
              "pending": false,
              "context": null,
              "code": "cy.get('.pv-section .plan-box .plan-box__promotion-banner').within(function () {\n  cy.contains('Promoción');\n  cy.contains('50% de descuento');\n});",
              "err": {},
              "uuid": "f5114409-1460-4392-ac03-d48078cb7953",
              "parentUUID": "c246c1a2-c193-47e8-93ee-a5618d98c470",
              "isHook": false,
              "skipped": false
            },
            {
              "title": "should have USD $72 plan in pricing section",
              "fullTitle": "Akky Landing page - index page should have USD $72 plan in pricing section",
              "timedOut": null,
              "duration": 37,
              "state": "passed",
              "speed": "fast",
              "pass": true,
              "fail": false,
              "pending": false,
              "context": null,
              "code": "cy.get('.pv-section .plan-box--promotion h2.plan-box__pricing').within(function () {\n  cy.contains(_akkyHelper.default.getUsPricingCountryCode());\n  cy.contains(_akkyHelper.default.getDollarCurrencySymbol());\n  cy.contains(_akkyHelper.default.getAkkyPrice());\n});",
              "err": {},
              "uuid": "6dd107a2-b5ea-4137-a2d0-23e965886a08",
              "parentUUID": "c246c1a2-c193-47e8-93ee-a5618d98c470",
              "isHook": false,
              "skipped": false
            },
            {
              "title": "should have Akky support link in intercom",
              "fullTitle": "Akky Landing page - index page should have Akky support link in intercom",
              "timedOut": null,
              "duration": 27,
              "state": "passed",
              "speed": "fast",
              "pass": true,
              "fail": false,
              "pending": false,
              "context": null,
              "code": "cy.get('.pv-support a.link-txt--white').should('have.attr', 'href', 'http://www.ayudaenlineapagevamp.mx/onlinehelp/offline.php?LANGUAGE=es');",
              "err": {},
              "uuid": "401e0983-d8b0-4e83-a17f-bd625c10a5af",
              "parentUUID": "c246c1a2-c193-47e8-93ee-a5618d98c470",
              "isHook": false,
              "skipped": false
            }
          ],
          "suites": [],
          "passes": [
            "bca29967-4642-4ae2-9b30-6123ca0b19d8",
            "0de8f4b3-d27f-4cb2-9703-5633d2fea0c5",
            "5b8e46de-787f-40c3-b2f5-f325a6dd836c",
            "270c68e8-0370-46d8-8295-9c06de1d3906",
            "bd40555c-dd19-467f-87a0-ca406524454f",
            "3e8bc689-3c0b-4141-a736-2acd92ef39dd",
            "e1353b42-90d1-4a1f-ae94-e59d70601006",
            "7b5dbe1b-b355-48cd-8290-6e5f2af15947",
            "db8a4abc-a663-4d14-9f11-8a1052300dc0",
            "224cbfe7-5642-450a-958d-3693a827394d",
            "09807a8d-9cbb-4be9-a39d-c86476026de3",
            "d579f1ca-4a35-44f4-9360-5c076acb2264",
            "74535a35-0e21-426b-9753-3442c05cd829",
            "bc062b7f-4b9c-4d6e-9041-0d7210570fff",
            "87ad2ba3-ffb9-4814-a255-aaf051bfc0e9",
            "b79ac93e-856a-4403-8953-d0a6d75a9c92",
            "08e7571b-76e3-489b-b749-861d6596b7b9",
            "9ce3f7bf-cd46-4103-9ba7-57ad3f1ab40c",
            "7a6b7229-543a-40b8-a6c1-724a35ffda36",
            "0163b3c5-ac7a-441c-954e-2fa528d88ab4",
            "13d6510a-42f6-4fe8-baab-06093928a223",
            "f84d98d2-3f39-480e-a469-4dbd5c48b4ef",
            "30e3a307-f317-4553-af56-f0924acc888c",
            "91de3d6c-0c39-4d5f-b293-1b8a3de10e7c",
            "38660421-543d-4178-bd49-a86cd27686d2",
            "1063012b-3118-46b1-8e96-fbb87772de58",
            "6842088d-2762-4915-a391-191f822d272e",
            "7a6ee0c7-19d8-4e91-973b-a736e0c91cd2",
            "aa4281e2-6788-45b5-9b91-d7b8565dc879",
            "f5114409-1460-4392-ac03-d48078cb7953",
            "6dd107a2-b5ea-4137-a2d0-23e965886a08",
            "401e0983-d8b0-4e83-a17f-bd625c10a5af"
          ],
          "failures": [],
          "pending": [],
          "skipped": [],
          "duration": 13350,
          "root": false,
          "rootEmpty": false,
          "_timeout": 2000
        },
        {
          "uuid": "4dde0db6-772f-4158-9d89-5cd4363ccb8d",
          "title": "Akky landing page - pricing page",
          "fullFile": "",
          "file": "",
          "beforeHooks": [],
          "afterHooks": [],
          "tests": [
            {
              "title": "testing oniphone-6",
              "fullTitle": "Akky landing page - pricing page testing oniphone-6",
              "timedOut": null,
              "duration": 8616,
              "state": "passed",
              "speed": "slow",
              "pass": true,
              "fail": false,
              "pending": false,
              "context": null,
              "code": "",
              "err": {},
              "uuid": "d61cf709-1204-49fc-8379-c51892f90343",
              "parentUUID": "4dde0db6-772f-4158-9d89-5cd4363ccb8d",
              "isHook": false,
              "skipped": false
            },
            {
              "title": "should have 14 Days Trial",
              "fullTitle": "Akky landing page - pricing page should have 14 Days Trial",
              "timedOut": null,
              "duration": 243,
              "state": "passed",
              "speed": "slow",
              "pass": true,
              "fail": false,
              "pending": false,
              "context": null,
              "code": "cy.get('.pv-section .pv-title').contains(_akkyHelper.default.getNormalPagevampTrial());",
              "err": {},
              "uuid": "5bf3e697-1c76-4113-9b0e-7ea2d424897c",
              "parentUUID": "4dde0db6-772f-4158-9d89-5cd4363ccb8d",
              "isHook": false,
              "skipped": false
            },
            {
              "title": "should have Akky own domain prices",
              "fullTitle": "Akky landing page - pricing page should have Akky own domain prices",
              "timedOut": null,
              "duration": 145,
              "state": "passed",
              "speed": "slow",
              "pass": true,
              "fail": false,
              "pending": false,
              "context": null,
              "code": "cy.get(\".table--akky\").within(function () {\n  cy.contains(\".MX, .LAT y, .TV\");\n  cy.contains(\"$130.00\");\n  cy.contains(\"$10.83\");\n  cy.contains(\".CC\");\n  cy.contains(\"$122.50\");\n  cy.contains(\"$10.21\");\n  cy.contains(\".COM.MX, ORG.MX, .COM.NET, .COM, .Net\");\n  cy.contains(\"$108.25\");\n  cy.contains(\"$9.02\");\n});",
              "err": {},
              "uuid": "e72e2c8c-7fef-42f2-9177-dc60398512ff",
              "parentUUID": "4dde0db6-772f-4158-9d89-5cd4363ccb8d",
              "isHook": false,
              "skipped": false
            },
            {
              "title": "should have Akky contact message",
              "fullTitle": "Akky landing page - pricing page should have Akky contact message",
              "timedOut": null,
              "duration": 149,
              "state": "passed",
              "speed": "slow",
              "pass": true,
              "fail": false,
              "pending": false,
              "context": null,
              "code": "cy.get('.pv-section .pv--cnt-akky').contains('Comunícate al (01) 81-8864-2626 con gusto atenderemos tus dudas. Si aún no tienes un sitio en Facebook, Akky te ayudará a generar la primer versión de tu sitio Web.');",
              "err": {},
              "uuid": "bc709595-f0ce-4e85-9e2f-81cce841c85f",
              "parentUUID": "4dde0db6-772f-4158-9d89-5cd4363ccb8d",
              "isHook": false,
              "skipped": false
            },
            {
              "title": "testing onipad-2",
              "fullTitle": "Akky landing page - pricing page testing onipad-2",
              "timedOut": null,
              "duration": 56,
              "state": "passed",
              "speed": "medium",
              "pass": true,
              "fail": false,
              "pending": false,
              "context": null,
              "code": "",
              "err": {},
              "uuid": "2100f749-8c65-4498-86c9-65469aec1780",
              "parentUUID": "4dde0db6-772f-4158-9d89-5cd4363ccb8d",
              "isHook": false,
              "skipped": false
            },
            {
              "title": "should have 14 Days Trial",
              "fullTitle": "Akky landing page - pricing page should have 14 Days Trial",
              "timedOut": null,
              "duration": 38,
              "state": "passed",
              "speed": "medium",
              "pass": true,
              "fail": false,
              "pending": false,
              "context": null,
              "code": "cy.get('.pv-section .pv-title').contains(_akkyHelper.default.getNormalPagevampTrial());",
              "err": {},
              "uuid": "0ac0161a-a141-4eff-838f-d0213de45724",
              "parentUUID": "4dde0db6-772f-4158-9d89-5cd4363ccb8d",
              "isHook": false,
              "skipped": false
            },
            {
              "title": "should have Akky own domain prices",
              "fullTitle": "Akky landing page - pricing page should have Akky own domain prices",
              "timedOut": null,
              "duration": 236,
              "state": "passed",
              "speed": "slow",
              "pass": true,
              "fail": false,
              "pending": false,
              "context": null,
              "code": "cy.get(\".table--akky\").within(function () {\n  cy.contains(\".MX, .LAT y, .TV\");\n  cy.contains(\"$130.00\");\n  cy.contains(\"$10.83\");\n  cy.contains(\".CC\");\n  cy.contains(\"$122.50\");\n  cy.contains(\"$10.21\");\n  cy.contains(\".COM.MX, ORG.MX, .COM.NET, .COM, .Net\");\n  cy.contains(\"$108.25\");\n  cy.contains(\"$9.02\");\n});",
              "err": {},
              "uuid": "bcc40c9b-1356-43c5-8b00-369161a45a1b",
              "parentUUID": "4dde0db6-772f-4158-9d89-5cd4363ccb8d",
              "isHook": false,
              "skipped": false
            },
            {
              "title": "should have Akky contact message",
              "fullTitle": "Akky landing page - pricing page should have Akky contact message",
              "timedOut": null,
              "duration": 93,
              "state": "passed",
              "speed": "slow",
              "pass": true,
              "fail": false,
              "pending": false,
              "context": null,
              "code": "cy.get('.pv-section .pv--cnt-akky').contains('Comunícate al (01) 81-8864-2626 con gusto atenderemos tus dudas. Si aún no tienes un sitio en Facebook, Akky te ayudará a generar la primer versión de tu sitio Web.');",
              "err": {},
              "uuid": "8b687e06-e535-440c-a006-3cc8f7462972",
              "parentUUID": "4dde0db6-772f-4158-9d89-5cd4363ccb8d",
              "isHook": false,
              "skipped": false
            },
            {
              "title": "testing oniphone-4",
              "fullTitle": "Akky landing page - pricing page testing oniphone-4",
              "timedOut": null,
              "duration": 184,
              "state": "passed",
              "speed": "slow",
              "pass": true,
              "fail": false,
              "pending": false,
              "context": null,
              "code": "",
              "err": {},
              "uuid": "c44f1b27-b9d1-470a-9c08-689c6b67fc35",
              "parentUUID": "4dde0db6-772f-4158-9d89-5cd4363ccb8d",
              "isHook": false,
              "skipped": false
            },
            {
              "title": "should have 14 Days Trial",
              "fullTitle": "Akky landing page - pricing page should have 14 Days Trial",
              "timedOut": null,
              "duration": 85,
              "state": "passed",
              "speed": "slow",
              "pass": true,
              "fail": false,
              "pending": false,
              "context": null,
              "code": "cy.get('.pv-section .pv-title').contains(_akkyHelper.default.getNormalPagevampTrial());",
              "err": {},
              "uuid": "582c8c89-cd3f-45f0-8834-bdc25a907134",
              "parentUUID": "4dde0db6-772f-4158-9d89-5cd4363ccb8d",
              "isHook": false,
              "skipped": false
            },
            {
              "title": "should have Akky own domain prices",
              "fullTitle": "Akky landing page - pricing page should have Akky own domain prices",
              "timedOut": null,
              "duration": 82,
              "state": "passed",
              "speed": "slow",
              "pass": true,
              "fail": false,
              "pending": false,
              "context": null,
              "code": "cy.get(\".table--akky\").within(function () {\n  cy.contains(\".MX, .LAT y, .TV\");\n  cy.contains(\"$130.00\");\n  cy.contains(\"$10.83\");\n  cy.contains(\".CC\");\n  cy.contains(\"$122.50\");\n  cy.contains(\"$10.21\");\n  cy.contains(\".COM.MX, ORG.MX, .COM.NET, .COM, .Net\");\n  cy.contains(\"$108.25\");\n  cy.contains(\"$9.02\");\n});",
              "err": {},
              "uuid": "2e096b75-ea29-4f07-88fe-0ffecdebdb69",
              "parentUUID": "4dde0db6-772f-4158-9d89-5cd4363ccb8d",
              "isHook": false,
              "skipped": false
            },
            {
              "title": "should have Akky contact message",
              "fullTitle": "Akky landing page - pricing page should have Akky contact message",
              "timedOut": null,
              "duration": 187,
              "state": "passed",
              "speed": "slow",
              "pass": true,
              "fail": false,
              "pending": false,
              "context": null,
              "code": "cy.get('.pv-section .pv--cnt-akky').contains('Comunícate al (01) 81-8864-2626 con gusto atenderemos tus dudas. Si aún no tienes un sitio en Facebook, Akky te ayudará a generar la primer versión de tu sitio Web.');",
              "err": {},
              "uuid": "1bb02455-9520-4f8c-a2e9-8bb2e152bf05",
              "parentUUID": "4dde0db6-772f-4158-9d89-5cd4363ccb8d",
              "isHook": false,
              "skipped": false
            },
            {
              "title": "testing on1500,1000",
              "fullTitle": "Akky landing page - pricing page testing on1500,1000",
              "timedOut": null,
              "duration": 36,
              "state": "passed",
              "speed": "fast",
              "pass": true,
              "fail": false,
              "pending": false,
              "context": null,
              "code": "",
              "err": {},
              "uuid": "e010a6aa-2016-435b-a71c-7463928f7d22",
              "parentUUID": "4dde0db6-772f-4158-9d89-5cd4363ccb8d",
              "isHook": false,
              "skipped": false
            },
            {
              "title": "should have 14 Days Trial",
              "fullTitle": "Akky landing page - pricing page should have 14 Days Trial",
              "timedOut": null,
              "duration": 68,
              "state": "passed",
              "speed": "medium",
              "pass": true,
              "fail": false,
              "pending": false,
              "context": null,
              "code": "cy.get('.pv-section .pv-title').contains(_akkyHelper.default.getNormalPagevampTrial());",
              "err": {},
              "uuid": "07433a87-e132-423c-b600-3527749fca47",
              "parentUUID": "4dde0db6-772f-4158-9d89-5cd4363ccb8d",
              "isHook": false,
              "skipped": false
            },
            {
              "title": "should have Akky own domain prices",
              "fullTitle": "Akky landing page - pricing page should have Akky own domain prices",
              "timedOut": null,
              "duration": 85,
              "state": "passed",
              "speed": "slow",
              "pass": true,
              "fail": false,
              "pending": false,
              "context": null,
              "code": "cy.get(\".table--akky\").within(function () {\n  cy.contains(\".MX, .LAT y, .TV\");\n  cy.contains(\"$130.00\");\n  cy.contains(\"$10.83\");\n  cy.contains(\".CC\");\n  cy.contains(\"$122.50\");\n  cy.contains(\"$10.21\");\n  cy.contains(\".COM.MX, ORG.MX, .COM.NET, .COM, .Net\");\n  cy.contains(\"$108.25\");\n  cy.contains(\"$9.02\");\n});",
              "err": {},
              "uuid": "00b0ec82-02e4-4073-9bf8-add930640143",
              "parentUUID": "4dde0db6-772f-4158-9d89-5cd4363ccb8d",
              "isHook": false,
              "skipped": false
            },
            {
              "title": "should have Akky contact message",
              "fullTitle": "Akky landing page - pricing page should have Akky contact message",
              "timedOut": null,
              "duration": 83,
              "state": "passed",
              "speed": "slow",
              "pass": true,
              "fail": false,
              "pending": false,
              "context": null,
              "code": "cy.get('.pv-section .pv--cnt-akky').contains('Comunícate al (01) 81-8864-2626 con gusto atenderemos tus dudas. Si aún no tienes un sitio en Facebook, Akky te ayudará a generar la primer versión de tu sitio Web.');",
              "err": {},
              "uuid": "d6d78800-3c82-4252-b694-269bdc12a5ea",
              "parentUUID": "4dde0db6-772f-4158-9d89-5cd4363ccb8d",
              "isHook": false,
              "skipped": false
            }
          ],
          "suites": [],
          "passes": [
            "d61cf709-1204-49fc-8379-c51892f90343",
            "5bf3e697-1c76-4113-9b0e-7ea2d424897c",
            "e72e2c8c-7fef-42f2-9177-dc60398512ff",
            "bc709595-f0ce-4e85-9e2f-81cce841c85f",
            "2100f749-8c65-4498-86c9-65469aec1780",
            "0ac0161a-a141-4eff-838f-d0213de45724",
            "bcc40c9b-1356-43c5-8b00-369161a45a1b",
            "8b687e06-e535-440c-a006-3cc8f7462972",
            "c44f1b27-b9d1-470a-9c08-689c6b67fc35",
            "582c8c89-cd3f-45f0-8834-bdc25a907134",
            "2e096b75-ea29-4f07-88fe-0ffecdebdb69",
            "1bb02455-9520-4f8c-a2e9-8bb2e152bf05",
            "e010a6aa-2016-435b-a71c-7463928f7d22",
            "07433a87-e132-423c-b600-3527749fca47",
            "00b0ec82-02e4-4073-9bf8-add930640143",
            "d6d78800-3c82-4252-b694-269bdc12a5ea"
          ],
          "failures": [],
          "pending": [],
          "skipped": [],
          "duration": 10386,
          "root": false,
          "rootEmpty": false,
          "_timeout": 2000
        }
      ],
      "passes": [],
      "failures": [],
      "pending": [],
      "skipped": [],
      "duration": 0,
      "root": true,
      "rootEmpty": true,
      "_timeout": 2000
    }
  ],
  "meta": {
    "mocha": {
      "version": "5.2.0"
    },
    "mochawesome": {
      "options": {
        "quiet": false,
        "reportFilename": "mochawesome",
        "saveHtml": false,
        "saveJson": true,
        "consoleReporter": "spec",
        "useInlineDiffs": false
      },
      "version": "4.1.0"
    },
    "marge": {
      "options": {
        "reportDir": "cypress/reports",
        "overwrite": false,
        "html": false,
        "json": true
      },
      "version": "4.0.1"
    }
  }
}