{
  "stats": {
    "suites": 2,
    "tests": 40,
    "passes": 40,
    "pending": 0,
    "failures": 0,
    "start": "2019-12-12T15:21:16.850Z",
    "end": "2019-12-12T15:21:37.764Z",
    "duration": 20914,
    "testsRegistered": 40,
    "passPercent": 100,
    "pendingPercent": 0,
    "other": 0,
    "hasOther": false,
    "skipped": 0,
    "hasSkipped": false
  },
  "results": [
    {
      "uuid": "350bdc6c-c418-443e-a5f0-e3e530044dc4",
      "title": "",
      "fullFile": "",
      "file": "",
      "beforeHooks": [],
      "afterHooks": [],
      "tests": [],
      "suites": [
        {
          "uuid": "f1908f79-d9e0-4783-b412-78dedea5ef03",
          "title": "Verisign Campaign Testflow 2 - Pricing page for Indonesia",
          "fullFile": "",
          "file": "",
          "beforeHooks": [],
          "afterHooks": [],
          "tests": [
            {
              "title": "testing on iphone-6",
              "fullTitle": "Verisign Campaign Testflow 2 - Pricing page for Indonesia testing on iphone-6",
              "timedOut": null,
              "duration": 6918,
              "state": "passed",
              "speed": "slow",
              "pass": true,
              "fail": false,
              "pending": false,
              "context": null,
              "code": "",
              "err": {},
              "uuid": "24ee8508-ffbb-4186-a32d-087694245ef6",
              "parentUUID": "f1908f79-d9e0-4783-b412-78dedea5ef03",
              "isHook": false,
              "skipped": false
            },
            {
              "title": "should have 5 Days Trial",
              "fullTitle": "Verisign Campaign Testflow 2 - Pricing page for Indonesia should have 5 Days Trial",
              "timedOut": null,
              "duration": 203,
              "state": "passed",
              "speed": "slow",
              "pass": true,
              "fail": false,
              "pending": false,
              "context": null,
              "code": "cy.get('.pv-section h1.pv-title').contains(_verisignHelper.default.getVerisignTrial());",
              "err": {},
              "uuid": "2135b6fc-e641-4f11-9bda-e6cd2f7047b1",
              "parentUUID": "f1908f79-d9e0-4783-b412-78dedea5ef03",
              "isHook": false,
              "skipped": false
            },
            {
              "title": "should have .com, .net, .org or .cc domain extensions",
              "fullTitle": "Verisign Campaign Testflow 2 - Pricing page for Indonesia should have .com, .net, .org or .cc domain extensions",
              "timedOut": null,
              "duration": 124,
              "state": "passed",
              "speed": "slow",
              "pass": true,
              "fail": false,
              "pending": false,
              "context": null,
              "code": "cy.get('.pv-section .plan-box .plan-box__list').within(function () {\n  cy.contains(\".com\");\n  cy.contains(\".net\");\n  cy.contains(\".org\");\n  cy.contains(\".cc\");\n});",
              "err": {},
              "uuid": "ea36014b-169b-497e-b980-fbc6a203c8e6",
              "parentUUID": "f1908f79-d9e0-4783-b412-78dedea5ef03",
              "isHook": false,
              "skipped": false
            },
            {
              "title": "should have promotional 73% discount on Rp 2.041.333 / tahun in pricing box",
              "fullTitle": "Verisign Campaign Testflow 2 - Pricing page for Indonesia should have promotional 73% discount on Rp 2.041.333 / tahun in pricing box",
              "timedOut": null,
              "duration": 44,
              "state": "passed",
              "speed": "medium",
              "pass": true,
              "fail": false,
              "pending": false,
              "context": null,
              "code": "cy.get('.pv-section .plan-box h2.plan-box__promotion').within(function () {\n  cy.contains('PROMOSI');\n  cy.contains('diskon 73% di');\n  cy.contains(_verisignHelper.default.getPagevampPriceForIndonesia());\n});",
              "err": {},
              "uuid": "d18eaeff-67d1-4f0e-a3f5-bc1d5c900303",
              "parentUUID": "f1908f79-d9e0-4783-b412-78dedea5ef03",
              "isHook": false,
              "skipped": false
            },
            {
              "title": "should display price IDRRp551.160",
              "fullTitle": "Verisign Campaign Testflow 2 - Pricing page for Indonesia should display price IDRRp551.160",
              "timedOut": null,
              "duration": 81,
              "state": "passed",
              "speed": "slow",
              "pass": true,
              "fail": false,
              "pending": false,
              "context": null,
              "code": "cy.get('.pv-section .plan-box h2.plan-box__pricing').within(function () {\n  cy.contains(_verisignHelper.default.getIndonesianPricingCountryCode());\n  cy.contains(_verisignHelper.default.getIndonesianCurrencySymbol());\n  cy.contains(_verisignHelper.default.getIndonesianCampaignPrice());\n});",
              "err": {},
              "uuid": "3ade6e85-52e6-47c8-9820-2a602ef6f690",
              "parentUUID": "f1908f79-d9e0-4783-b412-78dedea5ef03",
              "isHook": false,
              "skipped": false
            },
            {
              "title": "testing on ipad-2",
              "fullTitle": "Verisign Campaign Testflow 2 - Pricing page for Indonesia testing on ipad-2",
              "timedOut": null,
              "duration": 203,
              "state": "passed",
              "speed": "slow",
              "pass": true,
              "fail": false,
              "pending": false,
              "context": null,
              "code": "",
              "err": {},
              "uuid": "583fd630-f3bc-4f32-9011-57f97178d9bd",
              "parentUUID": "f1908f79-d9e0-4783-b412-78dedea5ef03",
              "isHook": false,
              "skipped": false
            },
            {
              "title": "should have 5 Days Trial",
              "fullTitle": "Verisign Campaign Testflow 2 - Pricing page for Indonesia should have 5 Days Trial",
              "timedOut": null,
              "duration": 25,
              "state": "passed",
              "speed": "fast",
              "pass": true,
              "fail": false,
              "pending": false,
              "context": null,
              "code": "cy.get('.pv-section h1.pv-title').contains(_verisignHelper.default.getVerisignTrial());",
              "err": {},
              "uuid": "9e82e31c-4203-4500-b425-a1ce93863ad2",
              "parentUUID": "f1908f79-d9e0-4783-b412-78dedea5ef03",
              "isHook": false,
              "skipped": false
            },
            {
              "title": "should have .com, .net, .org or .cc domain extensions",
              "fullTitle": "Verisign Campaign Testflow 2 - Pricing page for Indonesia should have .com, .net, .org or .cc domain extensions",
              "timedOut": null,
              "duration": 46,
              "state": "passed",
              "speed": "medium",
              "pass": true,
              "fail": false,
              "pending": false,
              "context": null,
              "code": "cy.get('.pv-section .plan-box .plan-box__list').within(function () {\n  cy.contains(\".com\");\n  cy.contains(\".net\");\n  cy.contains(\".org\");\n  cy.contains(\".cc\");\n});",
              "err": {},
              "uuid": "69c70e4d-55a5-49c1-ac6a-c23cf82b7363",
              "parentUUID": "f1908f79-d9e0-4783-b412-78dedea5ef03",
              "isHook": false,
              "skipped": false
            },
            {
              "title": "should have promotional 73% discount on Rp 2.041.333 / tahun in pricing box",
              "fullTitle": "Verisign Campaign Testflow 2 - Pricing page for Indonesia should have promotional 73% discount on Rp 2.041.333 / tahun in pricing box",
              "timedOut": null,
              "duration": 55,
              "state": "passed",
              "speed": "medium",
              "pass": true,
              "fail": false,
              "pending": false,
              "context": null,
              "code": "cy.get('.pv-section .plan-box h2.plan-box__promotion').within(function () {\n  cy.contains('PROMOSI');\n  cy.contains('diskon 73% di');\n  cy.contains(_verisignHelper.default.getPagevampPriceForIndonesia());\n});",
              "err": {},
              "uuid": "bafb34a9-4221-4543-8f39-4f54a445f25e",
              "parentUUID": "f1908f79-d9e0-4783-b412-78dedea5ef03",
              "isHook": false,
              "skipped": false
            },
            {
              "title": "should display price IDRRp551.160",
              "fullTitle": "Verisign Campaign Testflow 2 - Pricing page for Indonesia should display price IDRRp551.160",
              "timedOut": null,
              "duration": 182,
              "state": "passed",
              "speed": "slow",
              "pass": true,
              "fail": false,
              "pending": false,
              "context": null,
              "code": "cy.get('.pv-section .plan-box h2.plan-box__pricing').within(function () {\n  cy.contains(_verisignHelper.default.getIndonesianPricingCountryCode());\n  cy.contains(_verisignHelper.default.getIndonesianCurrencySymbol());\n  cy.contains(_verisignHelper.default.getIndonesianCampaignPrice());\n});",
              "err": {},
              "uuid": "80ab4a53-6b88-4a14-8cb5-3a3be9b7f6fc",
              "parentUUID": "f1908f79-d9e0-4783-b412-78dedea5ef03",
              "isHook": false,
              "skipped": false
            },
            {
              "title": "testing on iphone-4",
              "fullTitle": "Verisign Campaign Testflow 2 - Pricing page for Indonesia testing on iphone-4",
              "timedOut": null,
              "duration": 178,
              "state": "passed",
              "speed": "slow",
              "pass": true,
              "fail": false,
              "pending": false,
              "context": null,
              "code": "",
              "err": {},
              "uuid": "582ac3af-9935-43d8-9928-5aeaf5f9e84f",
              "parentUUID": "f1908f79-d9e0-4783-b412-78dedea5ef03",
              "isHook": false,
              "skipped": false
            },
            {
              "title": "should have 5 Days Trial",
              "fullTitle": "Verisign Campaign Testflow 2 - Pricing page for Indonesia should have 5 Days Trial",
              "timedOut": null,
              "duration": 54,
              "state": "passed",
              "speed": "medium",
              "pass": true,
              "fail": false,
              "pending": false,
              "context": null,
              "code": "cy.get('.pv-section h1.pv-title').contains(_verisignHelper.default.getVerisignTrial());",
              "err": {},
              "uuid": "da71ffe5-d9d4-41a8-bdaf-45fac1915490",
              "parentUUID": "f1908f79-d9e0-4783-b412-78dedea5ef03",
              "isHook": false,
              "skipped": false
            },
            {
              "title": "should have .com, .net, .org or .cc domain extensions",
              "fullTitle": "Verisign Campaign Testflow 2 - Pricing page for Indonesia should have .com, .net, .org or .cc domain extensions",
              "timedOut": null,
              "duration": 98,
              "state": "passed",
              "speed": "slow",
              "pass": true,
              "fail": false,
              "pending": false,
              "context": null,
              "code": "cy.get('.pv-section .plan-box .plan-box__list').within(function () {\n  cy.contains(\".com\");\n  cy.contains(\".net\");\n  cy.contains(\".org\");\n  cy.contains(\".cc\");\n});",
              "err": {},
              "uuid": "42c14dc3-6832-49f1-88e1-0f152b0f0495",
              "parentUUID": "f1908f79-d9e0-4783-b412-78dedea5ef03",
              "isHook": false,
              "skipped": false
            },
            {
              "title": "should have promotional 73% discount on Rp 2.041.333 / tahun in pricing box",
              "fullTitle": "Verisign Campaign Testflow 2 - Pricing page for Indonesia should have promotional 73% discount on Rp 2.041.333 / tahun in pricing box",
              "timedOut": null,
              "duration": 110,
              "state": "passed",
              "speed": "slow",
              "pass": true,
              "fail": false,
              "pending": false,
              "context": null,
              "code": "cy.get('.pv-section .plan-box h2.plan-box__promotion').within(function () {\n  cy.contains('PROMOSI');\n  cy.contains('diskon 73% di');\n  cy.contains(_verisignHelper.default.getPagevampPriceForIndonesia());\n});",
              "err": {},
              "uuid": "7570956a-8273-42ab-b2a7-7265a791a5a7",
              "parentUUID": "f1908f79-d9e0-4783-b412-78dedea5ef03",
              "isHook": false,
              "skipped": false
            },
            {
              "title": "should display price IDRRp551.160",
              "fullTitle": "Verisign Campaign Testflow 2 - Pricing page for Indonesia should display price IDRRp551.160",
              "timedOut": null,
              "duration": 314,
              "state": "passed",
              "speed": "slow",
              "pass": true,
              "fail": false,
              "pending": false,
              "context": null,
              "code": "cy.get('.pv-section .plan-box h2.plan-box__pricing').within(function () {\n  cy.contains(_verisignHelper.default.getIndonesianPricingCountryCode());\n  cy.contains(_verisignHelper.default.getIndonesianCurrencySymbol());\n  cy.contains(_verisignHelper.default.getIndonesianCampaignPrice());\n});",
              "err": {},
              "uuid": "09756f62-359c-45eb-82ae-0c41b823cd91",
              "parentUUID": "f1908f79-d9e0-4783-b412-78dedea5ef03",
              "isHook": false,
              "skipped": false
            },
            {
              "title": "testing on 1500,1000",
              "fullTitle": "Verisign Campaign Testflow 2 - Pricing page for Indonesia testing on 1500,1000",
              "timedOut": null,
              "duration": 128,
              "state": "passed",
              "speed": "slow",
              "pass": true,
              "fail": false,
              "pending": false,
              "context": null,
              "code": "",
              "err": {},
              "uuid": "8a6646f7-eb24-4857-b9f5-2d0122abe03d",
              "parentUUID": "f1908f79-d9e0-4783-b412-78dedea5ef03",
              "isHook": false,
              "skipped": false
            },
            {
              "title": "should have 5 Days Trial",
              "fullTitle": "Verisign Campaign Testflow 2 - Pricing page for Indonesia should have 5 Days Trial",
              "timedOut": null,
              "duration": 64,
              "state": "passed",
              "speed": "medium",
              "pass": true,
              "fail": false,
              "pending": false,
              "context": null,
              "code": "cy.get('.pv-section h1.pv-title').contains(_verisignHelper.default.getVerisignTrial());",
              "err": {},
              "uuid": "a60acd9f-b868-47ab-9144-58cae355ff76",
              "parentUUID": "f1908f79-d9e0-4783-b412-78dedea5ef03",
              "isHook": false,
              "skipped": false
            },
            {
              "title": "should have .com, .net, .org or .cc domain extensions",
              "fullTitle": "Verisign Campaign Testflow 2 - Pricing page for Indonesia should have .com, .net, .org or .cc domain extensions",
              "timedOut": null,
              "duration": 121,
              "state": "passed",
              "speed": "slow",
              "pass": true,
              "fail": false,
              "pending": false,
              "context": null,
              "code": "cy.get('.pv-section .plan-box .plan-box__list').within(function () {\n  cy.contains(\".com\");\n  cy.contains(\".net\");\n  cy.contains(\".org\");\n  cy.contains(\".cc\");\n});",
              "err": {},
              "uuid": "16528dd8-7ee8-48cb-aeab-6a117a677c53",
              "parentUUID": "f1908f79-d9e0-4783-b412-78dedea5ef03",
              "isHook": false,
              "skipped": false
            },
            {
              "title": "should have promotional 73% discount on Rp 2.041.333 / tahun in pricing box",
              "fullTitle": "Verisign Campaign Testflow 2 - Pricing page for Indonesia should have promotional 73% discount on Rp 2.041.333 / tahun in pricing box",
              "timedOut": null,
              "duration": 191,
              "state": "passed",
              "speed": "slow",
              "pass": true,
              "fail": false,
              "pending": false,
              "context": null,
              "code": "cy.get('.pv-section .plan-box h2.plan-box__promotion').within(function () {\n  cy.contains('PROMOSI');\n  cy.contains('diskon 73% di');\n  cy.contains(_verisignHelper.default.getPagevampPriceForIndonesia());\n});",
              "err": {},
              "uuid": "62bf214b-61e6-493f-9761-b7e00536b3d6",
              "parentUUID": "f1908f79-d9e0-4783-b412-78dedea5ef03",
              "isHook": false,
              "skipped": false
            },
            {
              "title": "should display price IDRRp551.160",
              "fullTitle": "Verisign Campaign Testflow 2 - Pricing page for Indonesia should display price IDRRp551.160",
              "timedOut": null,
              "duration": 107,
              "state": "passed",
              "speed": "slow",
              "pass": true,
              "fail": false,
              "pending": false,
              "context": null,
              "code": "cy.get('.pv-section .plan-box h2.plan-box__pricing').within(function () {\n  cy.contains(_verisignHelper.default.getIndonesianPricingCountryCode());\n  cy.contains(_verisignHelper.default.getIndonesianCurrencySymbol());\n  cy.contains(_verisignHelper.default.getIndonesianCampaignPrice());\n});",
              "err": {},
              "uuid": "f0c839cc-970c-42af-921a-c25255ab6611",
              "parentUUID": "f1908f79-d9e0-4783-b412-78dedea5ef03",
              "isHook": false,
              "skipped": false
            }
          ],
          "suites": [],
          "passes": [
            "24ee8508-ffbb-4186-a32d-087694245ef6",
            "2135b6fc-e641-4f11-9bda-e6cd2f7047b1",
            "ea36014b-169b-497e-b980-fbc6a203c8e6",
            "d18eaeff-67d1-4f0e-a3f5-bc1d5c900303",
            "3ade6e85-52e6-47c8-9820-2a602ef6f690",
            "583fd630-f3bc-4f32-9011-57f97178d9bd",
            "9e82e31c-4203-4500-b425-a1ce93863ad2",
            "69c70e4d-55a5-49c1-ac6a-c23cf82b7363",
            "bafb34a9-4221-4543-8f39-4f54a445f25e",
            "80ab4a53-6b88-4a14-8cb5-3a3be9b7f6fc",
            "582ac3af-9935-43d8-9928-5aeaf5f9e84f",
            "da71ffe5-d9d4-41a8-bdaf-45fac1915490",
            "42c14dc3-6832-49f1-88e1-0f152b0f0495",
            "7570956a-8273-42ab-b2a7-7265a791a5a7",
            "09756f62-359c-45eb-82ae-0c41b823cd91",
            "8a6646f7-eb24-4857-b9f5-2d0122abe03d",
            "a60acd9f-b868-47ab-9144-58cae355ff76",
            "16528dd8-7ee8-48cb-aeab-6a117a677c53",
            "62bf214b-61e6-493f-9761-b7e00536b3d6",
            "f0c839cc-970c-42af-921a-c25255ab6611"
          ],
          "failures": [],
          "pending": [],
          "skipped": [],
          "duration": 9246,
          "root": false,
          "rootEmpty": false,
          "_timeout": 2000
        },
        {
          "uuid": "27cdce29-ea7c-4d4f-9fb0-b128030627b0",
          "title": "Verisign Campaign Testflow 2- Pricing page for India",
          "fullFile": "",
          "file": "",
          "beforeHooks": [],
          "afterHooks": [],
          "tests": [
            {
              "title": "testing on iphone-6",
              "fullTitle": "Verisign Campaign Testflow 2- Pricing page for India testing on iphone-6",
              "timedOut": null,
              "duration": 5267,
              "state": "passed",
              "speed": "slow",
              "pass": true,
              "fail": false,
              "pending": false,
              "context": null,
              "code": "",
              "err": {},
              "uuid": "24b890ad-f908-4941-a65e-6a5a66e661ba",
              "parentUUID": "27cdce29-ea7c-4d4f-9fb0-b128030627b0",
              "isHook": false,
              "skipped": false
            },
            {
              "title": "should have 5 Days Trial",
              "fullTitle": "Verisign Campaign Testflow 2- Pricing page for India should have 5 Days Trial",
              "timedOut": null,
              "duration": 317,
              "state": "passed",
              "speed": "slow",
              "pass": true,
              "fail": false,
              "pending": false,
              "context": null,
              "code": "cy.get('.pv-section h1.pv-title').contains(_verisignHelper.default.getVerisignTrial());",
              "err": {},
              "uuid": "61bf71b4-1301-448e-8db5-9074941d0449",
              "parentUUID": "27cdce29-ea7c-4d4f-9fb0-b128030627b0",
              "isHook": false,
              "skipped": false
            },
            {
              "title": "should have .com, .net, .org or .cc domain extensions",
              "fullTitle": "Verisign Campaign Testflow 2- Pricing page for India should have .com, .net, .org or .cc domain extensions",
              "timedOut": null,
              "duration": 246,
              "state": "passed",
              "speed": "slow",
              "pass": true,
              "fail": false,
              "pending": false,
              "context": null,
              "code": "cy.get('.pv-section .plan-box .plan-box__list').within(function () {\n  cy.contains(\".com\");\n  cy.contains(\".net\");\n  cy.contains(\".org\");\n  cy.contains(\".cc\");\n});",
              "err": {},
              "uuid": "dd083d69-d698-4f42-bc96-a894ce1c01b1",
              "parentUUID": "27cdce29-ea7c-4d4f-9fb0-b128030627b0",
              "isHook": false,
              "skipped": false
            },
            {
              "title": "should have promotional with 73% discount on ₹ 10,222/year in pricing box",
              "fullTitle": "Verisign Campaign Testflow 2- Pricing page for India should have promotional with 73% discount on ₹ 10,222/year in pricing box",
              "timedOut": null,
              "duration": 143,
              "state": "passed",
              "speed": "slow",
              "pass": true,
              "fail": false,
              "pending": false,
              "context": null,
              "code": "cy.get('.pv-section .plan-box h2.plan-box__promotion').within(function () {\n  cy.contains('Promotional');\n  cy.contains('73% discount on');\n  cy.contains(_verisignHelper.default.getPagevampPriceForIndia());\n});",
              "err": {},
              "uuid": "bcb3c2cd-712c-4146-8247-27206c1d63ee",
              "parentUUID": "27cdce29-ea7c-4d4f-9fb0-b128030627b0",
              "isHook": false,
              "skipped": false
            },
            {
              "title": "should display price ₹2,760",
              "fullTitle": "Verisign Campaign Testflow 2- Pricing page for India should display price ₹2,760",
              "timedOut": null,
              "duration": 137,
              "state": "passed",
              "speed": "slow",
              "pass": true,
              "fail": false,
              "pending": false,
              "context": null,
              "code": "cy.get('.pv-section .plan-box h2.plan-box__pricing').within(function () {\n  cy.contains(_verisignHelper.default.getIndianPricingCountryCode());\n  cy.contains(_verisignHelper.default.getIndianCurrencySymbol());\n  cy.contains(_verisignHelper.default.getIndianTfPrice());\n});",
              "err": {},
              "uuid": "a0ae3f52-776b-4391-b280-fb5c220fa524",
              "parentUUID": "27cdce29-ea7c-4d4f-9fb0-b128030627b0",
              "isHook": false,
              "skipped": false
            },
            {
              "title": "testing on ipad-2",
              "fullTitle": "Verisign Campaign Testflow 2- Pricing page for India testing on ipad-2",
              "timedOut": null,
              "duration": 93,
              "state": "passed",
              "speed": "slow",
              "pass": true,
              "fail": false,
              "pending": false,
              "context": null,
              "code": "",
              "err": {},
              "uuid": "6e47133a-59b7-4f6e-93e5-20f3e729644c",
              "parentUUID": "27cdce29-ea7c-4d4f-9fb0-b128030627b0",
              "isHook": false,
              "skipped": false
            },
            {
              "title": "should have 5 Days Trial",
              "fullTitle": "Verisign Campaign Testflow 2- Pricing page for India should have 5 Days Trial",
              "timedOut": null,
              "duration": 343,
              "state": "passed",
              "speed": "slow",
              "pass": true,
              "fail": false,
              "pending": false,
              "context": null,
              "code": "cy.get('.pv-section h1.pv-title').contains(_verisignHelper.default.getVerisignTrial());",
              "err": {},
              "uuid": "1d4e4118-0603-4e6a-8b91-7cc165fb24e6",
              "parentUUID": "27cdce29-ea7c-4d4f-9fb0-b128030627b0",
              "isHook": false,
              "skipped": false
            },
            {
              "title": "should have .com, .net, .org or .cc domain extensions",
              "fullTitle": "Verisign Campaign Testflow 2- Pricing page for India should have .com, .net, .org or .cc domain extensions",
              "timedOut": null,
              "duration": 147,
              "state": "passed",
              "speed": "slow",
              "pass": true,
              "fail": false,
              "pending": false,
              "context": null,
              "code": "cy.get('.pv-section .plan-box .plan-box__list').within(function () {\n  cy.contains(\".com\");\n  cy.contains(\".net\");\n  cy.contains(\".org\");\n  cy.contains(\".cc\");\n});",
              "err": {},
              "uuid": "f3df2ebd-52d4-4352-9a9c-05a49f3a565f",
              "parentUUID": "27cdce29-ea7c-4d4f-9fb0-b128030627b0",
              "isHook": false,
              "skipped": false
            },
            {
              "title": "should have promotional with 73% discount on ₹ 10,222/year in pricing box",
              "fullTitle": "Verisign Campaign Testflow 2- Pricing page for India should have promotional with 73% discount on ₹ 10,222/year in pricing box",
              "timedOut": null,
              "duration": 209,
              "state": "passed",
              "speed": "slow",
              "pass": true,
              "fail": false,
              "pending": false,
              "context": null,
              "code": "cy.get('.pv-section .plan-box h2.plan-box__promotion').within(function () {\n  cy.contains('Promotional');\n  cy.contains('73% discount on');\n  cy.contains(_verisignHelper.default.getPagevampPriceForIndia());\n});",
              "err": {},
              "uuid": "fde8e928-c0a4-47dc-ab3a-1f4949dc8ec6",
              "parentUUID": "27cdce29-ea7c-4d4f-9fb0-b128030627b0",
              "isHook": false,
              "skipped": false
            },
            {
              "title": "should display price ₹2,760",
              "fullTitle": "Verisign Campaign Testflow 2- Pricing page for India should display price ₹2,760",
              "timedOut": null,
              "duration": 145,
              "state": "passed",
              "speed": "slow",
              "pass": true,
              "fail": false,
              "pending": false,
              "context": null,
              "code": "cy.get('.pv-section .plan-box h2.plan-box__pricing').within(function () {\n  cy.contains(_verisignHelper.default.getIndianPricingCountryCode());\n  cy.contains(_verisignHelper.default.getIndianCurrencySymbol());\n  cy.contains(_verisignHelper.default.getIndianTfPrice());\n});",
              "err": {},
              "uuid": "48f5b86a-73f2-4cae-9ec1-cec5c9b69a8f",
              "parentUUID": "27cdce29-ea7c-4d4f-9fb0-b128030627b0",
              "isHook": false,
              "skipped": false
            },
            {
              "title": "testing on iphone-4",
              "fullTitle": "Verisign Campaign Testflow 2- Pricing page for India testing on iphone-4",
              "timedOut": null,
              "duration": 48,
              "state": "passed",
              "speed": "medium",
              "pass": true,
              "fail": false,
              "pending": false,
              "context": null,
              "code": "",
              "err": {},
              "uuid": "01e71ccd-6760-47e6-84f1-07e5a466490c",
              "parentUUID": "27cdce29-ea7c-4d4f-9fb0-b128030627b0",
              "isHook": false,
              "skipped": false
            },
            {
              "title": "should have 5 Days Trial",
              "fullTitle": "Verisign Campaign Testflow 2- Pricing page for India should have 5 Days Trial",
              "timedOut": null,
              "duration": 356,
              "state": "passed",
              "speed": "slow",
              "pass": true,
              "fail": false,
              "pending": false,
              "context": null,
              "code": "cy.get('.pv-section h1.pv-title').contains(_verisignHelper.default.getVerisignTrial());",
              "err": {},
              "uuid": "270561bd-7ea0-42cf-9733-bc692be20c25",
              "parentUUID": "27cdce29-ea7c-4d4f-9fb0-b128030627b0",
              "isHook": false,
              "skipped": false
            },
            {
              "title": "should have .com, .net, .org or .cc domain extensions",
              "fullTitle": "Verisign Campaign Testflow 2- Pricing page for India should have .com, .net, .org or .cc domain extensions",
              "timedOut": null,
              "duration": 313,
              "state": "passed",
              "speed": "slow",
              "pass": true,
              "fail": false,
              "pending": false,
              "context": null,
              "code": "cy.get('.pv-section .plan-box .plan-box__list').within(function () {\n  cy.contains(\".com\");\n  cy.contains(\".net\");\n  cy.contains(\".org\");\n  cy.contains(\".cc\");\n});",
              "err": {},
              "uuid": "398663ef-dbce-4b96-a173-f0476c656bcf",
              "parentUUID": "27cdce29-ea7c-4d4f-9fb0-b128030627b0",
              "isHook": false,
              "skipped": false
            },
            {
              "title": "should have promotional with 73% discount on ₹ 10,222/year in pricing box",
              "fullTitle": "Verisign Campaign Testflow 2- Pricing page for India should have promotional with 73% discount on ₹ 10,222/year in pricing box",
              "timedOut": null,
              "duration": 118,
              "state": "passed",
              "speed": "slow",
              "pass": true,
              "fail": false,
              "pending": false,
              "context": null,
              "code": "cy.get('.pv-section .plan-box h2.plan-box__promotion').within(function () {\n  cy.contains('Promotional');\n  cy.contains('73% discount on');\n  cy.contains(_verisignHelper.default.getPagevampPriceForIndia());\n});",
              "err": {},
              "uuid": "39127626-15cb-464c-848a-92954f57393f",
              "parentUUID": "27cdce29-ea7c-4d4f-9fb0-b128030627b0",
              "isHook": false,
              "skipped": false
            },
            {
              "title": "should display price ₹2,760",
              "fullTitle": "Verisign Campaign Testflow 2- Pricing page for India should display price ₹2,760",
              "timedOut": null,
              "duration": 348,
              "state": "passed",
              "speed": "slow",
              "pass": true,
              "fail": false,
              "pending": false,
              "context": null,
              "code": "cy.get('.pv-section .plan-box h2.plan-box__pricing').within(function () {\n  cy.contains(_verisignHelper.default.getIndianPricingCountryCode());\n  cy.contains(_verisignHelper.default.getIndianCurrencySymbol());\n  cy.contains(_verisignHelper.default.getIndianTfPrice());\n});",
              "err": {},
              "uuid": "7d9dd467-f434-45bd-b7c6-2346ec6294a7",
              "parentUUID": "27cdce29-ea7c-4d4f-9fb0-b128030627b0",
              "isHook": false,
              "skipped": false
            },
            {
              "title": "testing on 1500,1000",
              "fullTitle": "Verisign Campaign Testflow 2- Pricing page for India testing on 1500,1000",
              "timedOut": null,
              "duration": 80,
              "state": "passed",
              "speed": "slow",
              "pass": true,
              "fail": false,
              "pending": false,
              "context": null,
              "code": "",
              "err": {},
              "uuid": "2ba46dc2-c84d-460f-bb96-0d3d61cc8835",
              "parentUUID": "27cdce29-ea7c-4d4f-9fb0-b128030627b0",
              "isHook": false,
              "skipped": false
            },
            {
              "title": "should have 5 Days Trial",
              "fullTitle": "Verisign Campaign Testflow 2- Pricing page for India should have 5 Days Trial",
              "timedOut": null,
              "duration": 91,
              "state": "passed",
              "speed": "slow",
              "pass": true,
              "fail": false,
              "pending": false,
              "context": null,
              "code": "cy.get('.pv-section h1.pv-title').contains(_verisignHelper.default.getVerisignTrial());",
              "err": {},
              "uuid": "b36d9604-0050-4ac2-aed6-73437962c3ce",
              "parentUUID": "27cdce29-ea7c-4d4f-9fb0-b128030627b0",
              "isHook": false,
              "skipped": false
            },
            {
              "title": "should have .com, .net, .org or .cc domain extensions",
              "fullTitle": "Verisign Campaign Testflow 2- Pricing page for India should have .com, .net, .org or .cc domain extensions",
              "timedOut": null,
              "duration": 93,
              "state": "passed",
              "speed": "slow",
              "pass": true,
              "fail": false,
              "pending": false,
              "context": null,
              "code": "cy.get('.pv-section .plan-box .plan-box__list').within(function () {\n  cy.contains(\".com\");\n  cy.contains(\".net\");\n  cy.contains(\".org\");\n  cy.contains(\".cc\");\n});",
              "err": {},
              "uuid": "eed46ea9-336e-40ed-8955-4964b086ca09",
              "parentUUID": "27cdce29-ea7c-4d4f-9fb0-b128030627b0",
              "isHook": false,
              "skipped": false
            },
            {
              "title": "should have promotional with 73% discount on ₹ 10,222/year in pricing box",
              "fullTitle": "Verisign Campaign Testflow 2- Pricing page for India should have promotional with 73% discount on ₹ 10,222/year in pricing box",
              "timedOut": null,
              "duration": 244,
              "state": "passed",
              "speed": "slow",
              "pass": true,
              "fail": false,
              "pending": false,
              "context": null,
              "code": "cy.get('.pv-section .plan-box h2.plan-box__promotion').within(function () {\n  cy.contains('Promotional');\n  cy.contains('73% discount on');\n  cy.contains(_verisignHelper.default.getPagevampPriceForIndia());\n});",
              "err": {},
              "uuid": "7ad29c1f-8b02-421f-8d61-2bd695578b64",
              "parentUUID": "27cdce29-ea7c-4d4f-9fb0-b128030627b0",
              "isHook": false,
              "skipped": false
            },
            {
              "title": "should display price ₹2,760",
              "fullTitle": "Verisign Campaign Testflow 2- Pricing page for India should display price ₹2,760",
              "timedOut": null,
              "duration": 166,
              "state": "passed",
              "speed": "slow",
              "pass": true,
              "fail": false,
              "pending": false,
              "context": null,
              "code": "cy.get('.pv-section .plan-box h2.plan-box__pricing').within(function () {\n  cy.contains(_verisignHelper.default.getIndianPricingCountryCode());\n  cy.contains(_verisignHelper.default.getIndianCurrencySymbol());\n  cy.contains(_verisignHelper.default.getIndianTfPrice());\n});",
              "err": {},
              "uuid": "86a2e280-7899-4f54-96b0-a08172a54568",
              "parentUUID": "27cdce29-ea7c-4d4f-9fb0-b128030627b0",
              "isHook": false,
              "skipped": false
            }
          ],
          "suites": [],
          "passes": [
            "24b890ad-f908-4941-a65e-6a5a66e661ba",
            "61bf71b4-1301-448e-8db5-9074941d0449",
            "dd083d69-d698-4f42-bc96-a894ce1c01b1",
            "bcb3c2cd-712c-4146-8247-27206c1d63ee",
            "a0ae3f52-776b-4391-b280-fb5c220fa524",
            "6e47133a-59b7-4f6e-93e5-20f3e729644c",
            "1d4e4118-0603-4e6a-8b91-7cc165fb24e6",
            "f3df2ebd-52d4-4352-9a9c-05a49f3a565f",
            "fde8e928-c0a4-47dc-ab3a-1f4949dc8ec6",
            "48f5b86a-73f2-4cae-9ec1-cec5c9b69a8f",
            "01e71ccd-6760-47e6-84f1-07e5a466490c",
            "270561bd-7ea0-42cf-9733-bc692be20c25",
            "398663ef-dbce-4b96-a173-f0476c656bcf",
            "39127626-15cb-464c-848a-92954f57393f",
            "7d9dd467-f434-45bd-b7c6-2346ec6294a7",
            "2ba46dc2-c84d-460f-bb96-0d3d61cc8835",
            "b36d9604-0050-4ac2-aed6-73437962c3ce",
            "eed46ea9-336e-40ed-8955-4964b086ca09",
            "7ad29c1f-8b02-421f-8d61-2bd695578b64",
            "86a2e280-7899-4f54-96b0-a08172a54568"
          ],
          "failures": [],
          "pending": [],
          "skipped": [],
          "duration": 8904,
          "root": false,
          "rootEmpty": false,
          "_timeout": 2000
        }
      ],
      "passes": [],
      "failures": [],
      "pending": [],
      "skipped": [],
      "duration": 0,
      "root": true,
      "rootEmpty": true,
      "_timeout": 2000
    }
  ],
  "meta": {
    "mocha": {
      "version": "5.2.0"
    },
    "mochawesome": {
      "options": {
        "quiet": false,
        "reportFilename": "mochawesome",
        "saveHtml": false,
        "saveJson": true,
        "consoleReporter": "spec",
        "useInlineDiffs": false
      },
      "version": "4.1.0"
    },
    "marge": {
      "options": {
        "reportDir": "cypress/reports",
        "overwrite": false,
        "html": false,
        "json": true
      },
      "version": "4.0.1"
    }
  }
}