{
  "stats": {
    "suites": 2,
    "tests": 48,
    "passes": 48,
    "pending": 0,
    "failures": 0,
    "start": "2019-12-12T15:19:48.599Z",
    "end": "2019-12-12T15:20:28.078Z",
    "duration": 39479,
    "testsRegistered": 48,
    "passPercent": 100,
    "pendingPercent": 0,
    "other": 0,
    "hasOther": false,
    "skipped": 0,
    "hasSkipped": false
  },
  "results": [
    {
      "uuid": "a81723f5-f38d-435d-a308-9ca1cdc02207",
      "title": "",
      "fullFile": "",
      "file": "",
      "beforeHooks": [],
      "afterHooks": [],
      "tests": [],
      "suites": [
        {
          "uuid": "28b4387d-cc4c-45eb-8cc3-449e26eed153",
          "title": "Verisign Campaign Testflow 1- Index page for Indonesia",
          "fullFile": "",
          "file": "",
          "beforeHooks": [],
          "afterHooks": [],
          "tests": [
            {
              "title": "testing on iphone-6",
              "fullTitle": "Verisign Campaign Testflow 1- Index page for Indonesia testing on iphone-6",
              "timedOut": null,
              "duration": 22343,
              "state": "passed",
              "speed": "slow",
              "pass": true,
              "fail": false,
              "pending": false,
              "context": null,
              "code": "",
              "err": {},
              "uuid": "10776ce3-358b-4b99-8559-732b33a2e56a",
              "parentUUID": "28b4387d-cc4c-45eb-8cc3-449e26eed153",
              "isHook": false,
              "skipped": false
            },
            {
              "title": "should have Promotional Sticker",
              "fullTitle": "Verisign Campaign Testflow 1- Index page for Indonesia should have Promotional Sticker",
              "timedOut": null,
              "duration": 900,
              "state": "passed",
              "speed": "slow",
              "pass": true,
              "fail": false,
              "pending": false,
              "context": null,
              "code": "cy.get('.pv-banner .promo-sticker img').should('have.attr', 'src', '/images/indonesian_sticker.png');",
              "err": {},
              "uuid": "db7f49e5-8d3f-4690-bb5e-0713942227ca",
              "parentUUID": "28b4387d-cc4c-45eb-8cc3-449e26eed153",
              "isHook": false,
              "skipped": false
            },
            {
              "title": "should have .com domain extension in feature",
              "fullTitle": "Verisign Campaign Testflow 1- Index page for Indonesia should have .com domain extension in feature",
              "timedOut": null,
              "duration": 116,
              "state": "passed",
              "speed": "slow",
              "pass": true,
              "fail": false,
              "pending": false,
              "context": null,
              "code": "cy.get('.pv-section .container .pv-cnt .pv-cnt__img .pvg-domain');",
              "err": {},
              "uuid": "3b78059a-ea07-4d8c-9ae8-533ff3b1195a",
              "parentUUID": "28b4387d-cc4c-45eb-8cc3-449e26eed153",
              "isHook": false,
              "skipped": false
            },
            {
              "title": "should have 5 Days Trial",
              "fullTitle": "Verisign Campaign Testflow 1- Index page for Indonesia should have 5 Days Trial",
              "timedOut": null,
              "duration": 23,
              "state": "passed",
              "speed": "fast",
              "pass": true,
              "fail": false,
              "pending": false,
              "context": null,
              "code": "cy.get('.pv-try .pv-title .pv-title__lead').contains(_verisignHelper.default.getVerisignTrial());",
              "err": {},
              "uuid": "0c41ffce-c543-45e1-820b-7901ac4c7a12",
              "parentUUID": "28b4387d-cc4c-45eb-8cc3-449e26eed153",
              "isHook": false,
              "skipped": false
            },
            {
              "title": "should have promotional 73% discount on Rp 2.041.333 / tahun in pricing box",
              "fullTitle": "Verisign Campaign Testflow 1- Index page for Indonesia should have promotional 73% discount on Rp 2.041.333 / tahun in pricing box",
              "timedOut": null,
              "duration": 52,
              "state": "passed",
              "speed": "medium",
              "pass": true,
              "fail": false,
              "pending": false,
              "context": null,
              "code": "cy.get('.pv-section .plan-box h2.plan-box__promotion').within(function () {\n  cy.contains('PROMOSI');\n  cy.contains('diskon 73% di');\n  cy.contains(_verisignHelper.default.getPagevampPriceForIndonesia());\n});",
              "err": {},
              "uuid": "be3ef7d0-0f49-40aa-8fe1-2526cd62d4d8",
              "parentUUID": "28b4387d-cc4c-45eb-8cc3-449e26eed153",
              "isHook": false,
              "skipped": false
            },
            {
              "title": "should display price IDRRp551.160",
              "fullTitle": "Verisign Campaign Testflow 1- Index page for Indonesia should display price IDRRp551.160",
              "timedOut": null,
              "duration": 52,
              "state": "passed",
              "speed": "medium",
              "pass": true,
              "fail": false,
              "pending": false,
              "context": null,
              "code": "cy.get('.pv-section .plan-box--promotion h2.plan-box__pricing').within(function () {\n  cy.contains(_verisignHelper.default.getIndonesianPricingCountryCode());\n  cy.contains(_verisignHelper.default.getIndonesianCurrencySymbol());\n  cy.contains(_verisignHelper.default.getIndonesianCampaignPrice());\n});",
              "err": {},
              "uuid": "1968ad24-09f3-435f-bcca-3bd12a41fc80",
              "parentUUID": "28b4387d-cc4c-45eb-8cc3-449e26eed153",
              "isHook": false,
              "skipped": false
            },
            {
              "title": "testing on ipad-2",
              "fullTitle": "Verisign Campaign Testflow 1- Index page for Indonesia testing on ipad-2",
              "timedOut": null,
              "duration": 45,
              "state": "passed",
              "speed": "medium",
              "pass": true,
              "fail": false,
              "pending": false,
              "context": null,
              "code": "",
              "err": {},
              "uuid": "e416e4d1-ab9c-4df5-af7d-d3a4e00b6247",
              "parentUUID": "28b4387d-cc4c-45eb-8cc3-449e26eed153",
              "isHook": false,
              "skipped": false
            },
            {
              "title": "should have Promotional Sticker",
              "fullTitle": "Verisign Campaign Testflow 1- Index page for Indonesia should have Promotional Sticker",
              "timedOut": null,
              "duration": 59,
              "state": "passed",
              "speed": "medium",
              "pass": true,
              "fail": false,
              "pending": false,
              "context": null,
              "code": "cy.get('.pv-banner .promo-sticker img').should('have.attr', 'src', '/images/indonesian_sticker.png');",
              "err": {},
              "uuid": "9f98d20d-e943-4c77-8c5f-944eea8705d3",
              "parentUUID": "28b4387d-cc4c-45eb-8cc3-449e26eed153",
              "isHook": false,
              "skipped": false
            },
            {
              "title": "should have .com domain extension in feature",
              "fullTitle": "Verisign Campaign Testflow 1- Index page for Indonesia should have .com domain extension in feature",
              "timedOut": null,
              "duration": 26,
              "state": "passed",
              "speed": "fast",
              "pass": true,
              "fail": false,
              "pending": false,
              "context": null,
              "code": "cy.get('.pv-section .container .pv-cnt .pv-cnt__img .pvg-domain');",
              "err": {},
              "uuid": "c00a2d3f-4832-447e-aba2-4937d12f8024",
              "parentUUID": "28b4387d-cc4c-45eb-8cc3-449e26eed153",
              "isHook": false,
              "skipped": false
            },
            {
              "title": "should have 5 Days Trial",
              "fullTitle": "Verisign Campaign Testflow 1- Index page for Indonesia should have 5 Days Trial",
              "timedOut": null,
              "duration": 33,
              "state": "passed",
              "speed": "fast",
              "pass": true,
              "fail": false,
              "pending": false,
              "context": null,
              "code": "cy.get('.pv-try .pv-title .pv-title__lead').contains(_verisignHelper.default.getVerisignTrial());",
              "err": {},
              "uuid": "7599612f-b09e-4d38-8c62-fb66a50ae82a",
              "parentUUID": "28b4387d-cc4c-45eb-8cc3-449e26eed153",
              "isHook": false,
              "skipped": false
            },
            {
              "title": "should have promotional 73% discount on Rp 2.041.333 / tahun in pricing box",
              "fullTitle": "Verisign Campaign Testflow 1- Index page for Indonesia should have promotional 73% discount on Rp 2.041.333 / tahun in pricing box",
              "timedOut": null,
              "duration": 45,
              "state": "passed",
              "speed": "medium",
              "pass": true,
              "fail": false,
              "pending": false,
              "context": null,
              "code": "cy.get('.pv-section .plan-box h2.plan-box__promotion').within(function () {\n  cy.contains('PROMOSI');\n  cy.contains('diskon 73% di');\n  cy.contains(_verisignHelper.default.getPagevampPriceForIndonesia());\n});",
              "err": {},
              "uuid": "a31fc7d8-07e0-44ee-9944-aaa91bc435f0",
              "parentUUID": "28b4387d-cc4c-45eb-8cc3-449e26eed153",
              "isHook": false,
              "skipped": false
            },
            {
              "title": "should display price IDRRp551.160",
              "fullTitle": "Verisign Campaign Testflow 1- Index page for Indonesia should display price IDRRp551.160",
              "timedOut": null,
              "duration": 50,
              "state": "passed",
              "speed": "medium",
              "pass": true,
              "fail": false,
              "pending": false,
              "context": null,
              "code": "cy.get('.pv-section .plan-box--promotion h2.plan-box__pricing').within(function () {\n  cy.contains(_verisignHelper.default.getIndonesianPricingCountryCode());\n  cy.contains(_verisignHelper.default.getIndonesianCurrencySymbol());\n  cy.contains(_verisignHelper.default.getIndonesianCampaignPrice());\n});",
              "err": {},
              "uuid": "9605b8fb-cb35-4cef-a092-1a8e5f3c0a53",
              "parentUUID": "28b4387d-cc4c-45eb-8cc3-449e26eed153",
              "isHook": false,
              "skipped": false
            },
            {
              "title": "testing on iphone-4",
              "fullTitle": "Verisign Campaign Testflow 1- Index page for Indonesia testing on iphone-4",
              "timedOut": null,
              "duration": 42,
              "state": "passed",
              "speed": "medium",
              "pass": true,
              "fail": false,
              "pending": false,
              "context": null,
              "code": "",
              "err": {},
              "uuid": "be1b4abd-b66c-43ac-b870-dfbbd6ab0471",
              "parentUUID": "28b4387d-cc4c-45eb-8cc3-449e26eed153",
              "isHook": false,
              "skipped": false
            },
            {
              "title": "should have Promotional Sticker",
              "fullTitle": "Verisign Campaign Testflow 1- Index page for Indonesia should have Promotional Sticker",
              "timedOut": null,
              "duration": 90,
              "state": "passed",
              "speed": "slow",
              "pass": true,
              "fail": false,
              "pending": false,
              "context": null,
              "code": "cy.get('.pv-banner .promo-sticker img').should('have.attr', 'src', '/images/indonesian_sticker.png');",
              "err": {},
              "uuid": "bdb0cb52-0698-4648-be6d-f470982194b4",
              "parentUUID": "28b4387d-cc4c-45eb-8cc3-449e26eed153",
              "isHook": false,
              "skipped": false
            },
            {
              "title": "should have .com domain extension in feature",
              "fullTitle": "Verisign Campaign Testflow 1- Index page for Indonesia should have .com domain extension in feature",
              "timedOut": null,
              "duration": 32,
              "state": "passed",
              "speed": "fast",
              "pass": true,
              "fail": false,
              "pending": false,
              "context": null,
              "code": "cy.get('.pv-section .container .pv-cnt .pv-cnt__img .pvg-domain');",
              "err": {},
              "uuid": "d81cfccd-7e92-40a7-a6e8-4095a668992b",
              "parentUUID": "28b4387d-cc4c-45eb-8cc3-449e26eed153",
              "isHook": false,
              "skipped": false
            },
            {
              "title": "should have 5 Days Trial",
              "fullTitle": "Verisign Campaign Testflow 1- Index page for Indonesia should have 5 Days Trial",
              "timedOut": null,
              "duration": 69,
              "state": "passed",
              "speed": "medium",
              "pass": true,
              "fail": false,
              "pending": false,
              "context": null,
              "code": "cy.get('.pv-try .pv-title .pv-title__lead').contains(_verisignHelper.default.getVerisignTrial());",
              "err": {},
              "uuid": "cd746a64-af4e-4a8d-9ac6-4628652f756f",
              "parentUUID": "28b4387d-cc4c-45eb-8cc3-449e26eed153",
              "isHook": false,
              "skipped": false
            },
            {
              "title": "should have promotional 73% discount on Rp 2.041.333 / tahun in pricing box",
              "fullTitle": "Verisign Campaign Testflow 1- Index page for Indonesia should have promotional 73% discount on Rp 2.041.333 / tahun in pricing box",
              "timedOut": null,
              "duration": 42,
              "state": "passed",
              "speed": "medium",
              "pass": true,
              "fail": false,
              "pending": false,
              "context": null,
              "code": "cy.get('.pv-section .plan-box h2.plan-box__promotion').within(function () {\n  cy.contains('PROMOSI');\n  cy.contains('diskon 73% di');\n  cy.contains(_verisignHelper.default.getPagevampPriceForIndonesia());\n});",
              "err": {},
              "uuid": "e862caa8-775e-4a69-b5a3-034e73317532",
              "parentUUID": "28b4387d-cc4c-45eb-8cc3-449e26eed153",
              "isHook": false,
              "skipped": false
            },
            {
              "title": "should display price IDRRp551.160",
              "fullTitle": "Verisign Campaign Testflow 1- Index page for Indonesia should display price IDRRp551.160",
              "timedOut": null,
              "duration": 51,
              "state": "passed",
              "speed": "medium",
              "pass": true,
              "fail": false,
              "pending": false,
              "context": null,
              "code": "cy.get('.pv-section .plan-box--promotion h2.plan-box__pricing').within(function () {\n  cy.contains(_verisignHelper.default.getIndonesianPricingCountryCode());\n  cy.contains(_verisignHelper.default.getIndonesianCurrencySymbol());\n  cy.contains(_verisignHelper.default.getIndonesianCampaignPrice());\n});",
              "err": {},
              "uuid": "853c2ba8-3a2c-49ae-8383-9a4323786a98",
              "parentUUID": "28b4387d-cc4c-45eb-8cc3-449e26eed153",
              "isHook": false,
              "skipped": false
            },
            {
              "title": "testing on 1500,1000",
              "fullTitle": "Verisign Campaign Testflow 1- Index page for Indonesia testing on 1500,1000",
              "timedOut": null,
              "duration": 16,
              "state": "passed",
              "speed": "fast",
              "pass": true,
              "fail": false,
              "pending": false,
              "context": null,
              "code": "",
              "err": {},
              "uuid": "49b4328b-66ae-4d67-bb0a-19e273c9b674",
              "parentUUID": "28b4387d-cc4c-45eb-8cc3-449e26eed153",
              "isHook": false,
              "skipped": false
            },
            {
              "title": "should have Promotional Sticker",
              "fullTitle": "Verisign Campaign Testflow 1- Index page for Indonesia should have Promotional Sticker",
              "timedOut": null,
              "duration": 33,
              "state": "passed",
              "speed": "fast",
              "pass": true,
              "fail": false,
              "pending": false,
              "context": null,
              "code": "cy.get('.pv-banner .promo-sticker img').should('have.attr', 'src', '/images/indonesian_sticker.png');",
              "err": {},
              "uuid": "fc873079-c5cd-44a1-a576-a17053d7a7a8",
              "parentUUID": "28b4387d-cc4c-45eb-8cc3-449e26eed153",
              "isHook": false,
              "skipped": false
            },
            {
              "title": "should have .com domain extension in feature",
              "fullTitle": "Verisign Campaign Testflow 1- Index page for Indonesia should have .com domain extension in feature",
              "timedOut": null,
              "duration": 25,
              "state": "passed",
              "speed": "fast",
              "pass": true,
              "fail": false,
              "pending": false,
              "context": null,
              "code": "cy.get('.pv-section .container .pv-cnt .pv-cnt__img .pvg-domain');",
              "err": {},
              "uuid": "251b959c-3734-4031-9900-1ee39f0e8e69",
              "parentUUID": "28b4387d-cc4c-45eb-8cc3-449e26eed153",
              "isHook": false,
              "skipped": false
            },
            {
              "title": "should have 5 Days Trial",
              "fullTitle": "Verisign Campaign Testflow 1- Index page for Indonesia should have 5 Days Trial",
              "timedOut": null,
              "duration": 33,
              "state": "passed",
              "speed": "fast",
              "pass": true,
              "fail": false,
              "pending": false,
              "context": null,
              "code": "cy.get('.pv-try .pv-title .pv-title__lead').contains(_verisignHelper.default.getVerisignTrial());",
              "err": {},
              "uuid": "98cf11b4-e687-4c03-a79c-6dbf8292af70",
              "parentUUID": "28b4387d-cc4c-45eb-8cc3-449e26eed153",
              "isHook": false,
              "skipped": false
            },
            {
              "title": "should have promotional 73% discount on Rp 2.041.333 / tahun in pricing box",
              "fullTitle": "Verisign Campaign Testflow 1- Index page for Indonesia should have promotional 73% discount on Rp 2.041.333 / tahun in pricing box",
              "timedOut": null,
              "duration": 90,
              "state": "passed",
              "speed": "slow",
              "pass": true,
              "fail": false,
              "pending": false,
              "context": null,
              "code": "cy.get('.pv-section .plan-box h2.plan-box__promotion').within(function () {\n  cy.contains('PROMOSI');\n  cy.contains('diskon 73% di');\n  cy.contains(_verisignHelper.default.getPagevampPriceForIndonesia());\n});",
              "err": {},
              "uuid": "9ba519ae-44c0-467f-915f-1e33857475e4",
              "parentUUID": "28b4387d-cc4c-45eb-8cc3-449e26eed153",
              "isHook": false,
              "skipped": false
            },
            {
              "title": "should display price IDRRp551.160",
              "fullTitle": "Verisign Campaign Testflow 1- Index page for Indonesia should display price IDRRp551.160",
              "timedOut": null,
              "duration": 59,
              "state": "passed",
              "speed": "medium",
              "pass": true,
              "fail": false,
              "pending": false,
              "context": null,
              "code": "cy.get('.pv-section .plan-box--promotion h2.plan-box__pricing').within(function () {\n  cy.contains(_verisignHelper.default.getIndonesianPricingCountryCode());\n  cy.contains(_verisignHelper.default.getIndonesianCurrencySymbol());\n  cy.contains(_verisignHelper.default.getIndonesianCampaignPrice());\n});",
              "err": {},
              "uuid": "ca32d178-717c-42f2-88a0-97ea2faee4e5",
              "parentUUID": "28b4387d-cc4c-45eb-8cc3-449e26eed153",
              "isHook": false,
              "skipped": false
            }
          ],
          "suites": [],
          "passes": [
            "10776ce3-358b-4b99-8559-732b33a2e56a",
            "db7f49e5-8d3f-4690-bb5e-0713942227ca",
            "3b78059a-ea07-4d8c-9ae8-533ff3b1195a",
            "0c41ffce-c543-45e1-820b-7901ac4c7a12",
            "be3ef7d0-0f49-40aa-8fe1-2526cd62d4d8",
            "1968ad24-09f3-435f-bcca-3bd12a41fc80",
            "e416e4d1-ab9c-4df5-af7d-d3a4e00b6247",
            "9f98d20d-e943-4c77-8c5f-944eea8705d3",
            "c00a2d3f-4832-447e-aba2-4937d12f8024",
            "7599612f-b09e-4d38-8c62-fb66a50ae82a",
            "a31fc7d8-07e0-44ee-9944-aaa91bc435f0",
            "9605b8fb-cb35-4cef-a092-1a8e5f3c0a53",
            "be1b4abd-b66c-43ac-b870-dfbbd6ab0471",
            "bdb0cb52-0698-4648-be6d-f470982194b4",
            "d81cfccd-7e92-40a7-a6e8-4095a668992b",
            "cd746a64-af4e-4a8d-9ac6-4628652f756f",
            "e862caa8-775e-4a69-b5a3-034e73317532",
            "853c2ba8-3a2c-49ae-8383-9a4323786a98",
            "49b4328b-66ae-4d67-bb0a-19e273c9b674",
            "fc873079-c5cd-44a1-a576-a17053d7a7a8",
            "251b959c-3734-4031-9900-1ee39f0e8e69",
            "98cf11b4-e687-4c03-a79c-6dbf8292af70",
            "9ba519ae-44c0-467f-915f-1e33857475e4",
            "ca32d178-717c-42f2-88a0-97ea2faee4e5"
          ],
          "failures": [],
          "pending": [],
          "skipped": [],
          "duration": 24326,
          "root": false,
          "rootEmpty": false,
          "_timeout": 2000
        },
        {
          "uuid": "ac373356-8109-420e-bd36-f65b7187686b",
          "title": "Verisign Campaign Testflow 1 - Index page for India",
          "fullFile": "",
          "file": "",
          "beforeHooks": [],
          "afterHooks": [],
          "tests": [
            {
              "title": "testing on iphone-6",
              "fullTitle": "Verisign Campaign Testflow 1 - Index page for India testing on iphone-6",
              "timedOut": null,
              "duration": 9449,
              "state": "passed",
              "speed": "slow",
              "pass": true,
              "fail": false,
              "pending": false,
              "context": null,
              "code": "",
              "err": {},
              "uuid": "7a94fb71-833a-4848-b21f-eb36c3052b9c",
              "parentUUID": "ac373356-8109-420e-bd36-f65b7187686b",
              "isHook": false,
              "skipped": false
            },
            {
              "title": "should have Promotional Sticker",
              "fullTitle": "Verisign Campaign Testflow 1 - Index page for India should have Promotional Sticker",
              "timedOut": null,
              "duration": 261,
              "state": "passed",
              "speed": "slow",
              "pass": true,
              "fail": false,
              "pending": false,
              "context": null,
              "code": "cy.get('.pv-banner .promo-sticker img').should('have.attr', 'src', '/images/indian_sticker.png');",
              "err": {},
              "uuid": "ff9cecc4-9890-4f2a-a92e-e5a7e1083946",
              "parentUUID": "ac373356-8109-420e-bd36-f65b7187686b",
              "isHook": false,
              "skipped": false
            },
            {
              "title": "should have .com domain extension in feature",
              "fullTitle": "Verisign Campaign Testflow 1 - Index page for India should have .com domain extension in feature",
              "timedOut": null,
              "duration": 57,
              "state": "passed",
              "speed": "medium",
              "pass": true,
              "fail": false,
              "pending": false,
              "context": null,
              "code": "cy.get('.pv-section .container .pv-cnt .pv-cnt__img .pvg-domain');",
              "err": {},
              "uuid": "9ec451ce-3d04-408b-954a-1f54c07535a5",
              "parentUUID": "ac373356-8109-420e-bd36-f65b7187686b",
              "isHook": false,
              "skipped": false
            },
            {
              "title": "should have 5 Days Trial",
              "fullTitle": "Verisign Campaign Testflow 1 - Index page for India should have 5 Days Trial",
              "timedOut": null,
              "duration": 32,
              "state": "passed",
              "speed": "fast",
              "pass": true,
              "fail": false,
              "pending": false,
              "context": null,
              "code": "cy.get('.pv-try .pv-title .pv-title__lead').contains(_verisignHelper.default.getVerisignTrial());",
              "err": {},
              "uuid": "9f33471e-741e-4b84-98c2-a93344372e41",
              "parentUUID": "ac373356-8109-420e-bd36-f65b7187686b",
              "isHook": false,
              "skipped": false
            },
            {
              "title": "should have promotional with 73% discount on ₹ 10,222/year in pricing box",
              "fullTitle": "Verisign Campaign Testflow 1 - Index page for India should have promotional with 73% discount on ₹ 10,222/year in pricing box",
              "timedOut": null,
              "duration": 61,
              "state": "passed",
              "speed": "medium",
              "pass": true,
              "fail": false,
              "pending": false,
              "context": null,
              "code": "cy.get('.pv-section .plan-box h2.plan-box__promotion').within(function () {\n  cy.contains('Promotional');\n  cy.contains('73% discount on');\n  cy.contains(_verisignHelper.default.getPagevampPriceForIndia());\n});",
              "err": {},
              "uuid": "dca07818-356f-4f5b-a0a3-6fd8bb54b64a",
              "parentUUID": "ac373356-8109-420e-bd36-f65b7187686b",
              "isHook": false,
              "skipped": false
            },
            {
              "title": "should display price ₹2,760",
              "fullTitle": "Verisign Campaign Testflow 1 - Index page for India should display price ₹2,760",
              "timedOut": null,
              "duration": 115,
              "state": "passed",
              "speed": "slow",
              "pass": true,
              "fail": false,
              "pending": false,
              "context": null,
              "code": "cy.get('.pv-section .plan-box--promotion h2.plan-box__pricing').within(function () {\n  cy.contains(_verisignHelper.default.getIndianPricingCountryCode());\n  cy.contains(_verisignHelper.default.getIndianCurrencySymbol());\n  cy.contains(_verisignHelper.default.getIndianTfPrice());\n});",
              "err": {},
              "uuid": "d3083b75-48db-4b3f-8e7e-cd35df3df07a",
              "parentUUID": "ac373356-8109-420e-bd36-f65b7187686b",
              "isHook": false,
              "skipped": false
            },
            {
              "title": "testing on ipad-2",
              "fullTitle": "Verisign Campaign Testflow 1 - Index page for India testing on ipad-2",
              "timedOut": null,
              "duration": 108,
              "state": "passed",
              "speed": "slow",
              "pass": true,
              "fail": false,
              "pending": false,
              "context": null,
              "code": "",
              "err": {},
              "uuid": "68467f04-4c51-4c35-aa3d-d98709cfa055",
              "parentUUID": "ac373356-8109-420e-bd36-f65b7187686b",
              "isHook": false,
              "skipped": false
            },
            {
              "title": "should have Promotional Sticker",
              "fullTitle": "Verisign Campaign Testflow 1 - Index page for India should have Promotional Sticker",
              "timedOut": null,
              "duration": 26,
              "state": "passed",
              "speed": "fast",
              "pass": true,
              "fail": false,
              "pending": false,
              "context": null,
              "code": "cy.get('.pv-banner .promo-sticker img').should('have.attr', 'src', '/images/indian_sticker.png');",
              "err": {},
              "uuid": "1c052590-d150-4652-89e6-cdf183f44592",
              "parentUUID": "ac373356-8109-420e-bd36-f65b7187686b",
              "isHook": false,
              "skipped": false
            },
            {
              "title": "should have .com domain extension in feature",
              "fullTitle": "Verisign Campaign Testflow 1 - Index page for India should have .com domain extension in feature",
              "timedOut": null,
              "duration": 41,
              "state": "passed",
              "speed": "medium",
              "pass": true,
              "fail": false,
              "pending": false,
              "context": null,
              "code": "cy.get('.pv-section .container .pv-cnt .pv-cnt__img .pvg-domain');",
              "err": {},
              "uuid": "c9221004-721b-4c93-936f-a69ce3fce229",
              "parentUUID": "ac373356-8109-420e-bd36-f65b7187686b",
              "isHook": false,
              "skipped": false
            },
            {
              "title": "should have 5 Days Trial",
              "fullTitle": "Verisign Campaign Testflow 1 - Index page for India should have 5 Days Trial",
              "timedOut": null,
              "duration": 29,
              "state": "passed",
              "speed": "fast",
              "pass": true,
              "fail": false,
              "pending": false,
              "context": null,
              "code": "cy.get('.pv-try .pv-title .pv-title__lead').contains(_verisignHelper.default.getVerisignTrial());",
              "err": {},
              "uuid": "8bf4ae15-9ae8-4dbb-b5ae-7154f860b9b6",
              "parentUUID": "ac373356-8109-420e-bd36-f65b7187686b",
              "isHook": false,
              "skipped": false
            },
            {
              "title": "should have promotional with 73% discount on ₹ 10,222/year in pricing box",
              "fullTitle": "Verisign Campaign Testflow 1 - Index page for India should have promotional with 73% discount on ₹ 10,222/year in pricing box",
              "timedOut": null,
              "duration": 80,
              "state": "passed",
              "speed": "slow",
              "pass": true,
              "fail": false,
              "pending": false,
              "context": null,
              "code": "cy.get('.pv-section .plan-box h2.plan-box__promotion').within(function () {\n  cy.contains('Promotional');\n  cy.contains('73% discount on');\n  cy.contains(_verisignHelper.default.getPagevampPriceForIndia());\n});",
              "err": {},
              "uuid": "5aa26eda-abdd-4178-8734-b76f06deb4df",
              "parentUUID": "ac373356-8109-420e-bd36-f65b7187686b",
              "isHook": false,
              "skipped": false
            },
            {
              "title": "should display price ₹2,760",
              "fullTitle": "Verisign Campaign Testflow 1 - Index page for India should display price ₹2,760",
              "timedOut": null,
              "duration": 60,
              "state": "passed",
              "speed": "medium",
              "pass": true,
              "fail": false,
              "pending": false,
              "context": null,
              "code": "cy.get('.pv-section .plan-box--promotion h2.plan-box__pricing').within(function () {\n  cy.contains(_verisignHelper.default.getIndianPricingCountryCode());\n  cy.contains(_verisignHelper.default.getIndianCurrencySymbol());\n  cy.contains(_verisignHelper.default.getIndianTfPrice());\n});",
              "err": {},
              "uuid": "cd8e625c-2437-4ed7-85c0-7f9527a7b13c",
              "parentUUID": "ac373356-8109-420e-bd36-f65b7187686b",
              "isHook": false,
              "skipped": false
            },
            {
              "title": "testing on iphone-4",
              "fullTitle": "Verisign Campaign Testflow 1 - Index page for India testing on iphone-4",
              "timedOut": null,
              "duration": 23,
              "state": "passed",
              "speed": "fast",
              "pass": true,
              "fail": false,
              "pending": false,
              "context": null,
              "code": "",
              "err": {},
              "uuid": "767bf215-266c-4def-8b42-f1436653c1b1",
              "parentUUID": "ac373356-8109-420e-bd36-f65b7187686b",
              "isHook": false,
              "skipped": false
            },
            {
              "title": "should have Promotional Sticker",
              "fullTitle": "Verisign Campaign Testflow 1 - Index page for India should have Promotional Sticker",
              "timedOut": null,
              "duration": 23,
              "state": "passed",
              "speed": "fast",
              "pass": true,
              "fail": false,
              "pending": false,
              "context": null,
              "code": "cy.get('.pv-banner .promo-sticker img').should('have.attr', 'src', '/images/indian_sticker.png');",
              "err": {},
              "uuid": "35f27684-9216-49fd-ad1a-5960b4b833d2",
              "parentUUID": "ac373356-8109-420e-bd36-f65b7187686b",
              "isHook": false,
              "skipped": false
            },
            {
              "title": "should have .com domain extension in feature",
              "fullTitle": "Verisign Campaign Testflow 1 - Index page for India should have .com domain extension in feature",
              "timedOut": null,
              "duration": 41,
              "state": "passed",
              "speed": "medium",
              "pass": true,
              "fail": false,
              "pending": false,
              "context": null,
              "code": "cy.get('.pv-section .container .pv-cnt .pv-cnt__img .pvg-domain');",
              "err": {},
              "uuid": "7d8f378d-6c60-4325-a3d0-ea1a46c9ea5a",
              "parentUUID": "ac373356-8109-420e-bd36-f65b7187686b",
              "isHook": false,
              "skipped": false
            },
            {
              "title": "should have 5 Days Trial",
              "fullTitle": "Verisign Campaign Testflow 1 - Index page for India should have 5 Days Trial",
              "timedOut": null,
              "duration": 38,
              "state": "passed",
              "speed": "medium",
              "pass": true,
              "fail": false,
              "pending": false,
              "context": null,
              "code": "cy.get('.pv-try .pv-title .pv-title__lead').contains(_verisignHelper.default.getVerisignTrial());",
              "err": {},
              "uuid": "cf34d8ed-d810-412d-8e91-4339d10cd73b",
              "parentUUID": "ac373356-8109-420e-bd36-f65b7187686b",
              "isHook": false,
              "skipped": false
            },
            {
              "title": "should have promotional with 73% discount on ₹ 10,222/year in pricing box",
              "fullTitle": "Verisign Campaign Testflow 1 - Index page for India should have promotional with 73% discount on ₹ 10,222/year in pricing box",
              "timedOut": null,
              "duration": 38,
              "state": "passed",
              "speed": "medium",
              "pass": true,
              "fail": false,
              "pending": false,
              "context": null,
              "code": "cy.get('.pv-section .plan-box h2.plan-box__promotion').within(function () {\n  cy.contains('Promotional');\n  cy.contains('73% discount on');\n  cy.contains(_verisignHelper.default.getPagevampPriceForIndia());\n});",
              "err": {},
              "uuid": "faf3e4ea-dee6-454a-9904-008bb83c7992",
              "parentUUID": "ac373356-8109-420e-bd36-f65b7187686b",
              "isHook": false,
              "skipped": false
            },
            {
              "title": "should display price ₹2,760",
              "fullTitle": "Verisign Campaign Testflow 1 - Index page for India should display price ₹2,760",
              "timedOut": null,
              "duration": 38,
              "state": "passed",
              "speed": "medium",
              "pass": true,
              "fail": false,
              "pending": false,
              "context": null,
              "code": "cy.get('.pv-section .plan-box--promotion h2.plan-box__pricing').within(function () {\n  cy.contains(_verisignHelper.default.getIndianPricingCountryCode());\n  cy.contains(_verisignHelper.default.getIndianCurrencySymbol());\n  cy.contains(_verisignHelper.default.getIndianTfPrice());\n});",
              "err": {},
              "uuid": "e64f92fc-cf42-4720-99aa-045c9b90556b",
              "parentUUID": "ac373356-8109-420e-bd36-f65b7187686b",
              "isHook": false,
              "skipped": false
            },
            {
              "title": "testing on 1500,1000",
              "fullTitle": "Verisign Campaign Testflow 1 - Index page for India testing on 1500,1000",
              "timedOut": null,
              "duration": 113,
              "state": "passed",
              "speed": "slow",
              "pass": true,
              "fail": false,
              "pending": false,
              "context": null,
              "code": "",
              "err": {},
              "uuid": "24697782-33d2-4e6a-b8a3-a5bc9a121a8e",
              "parentUUID": "ac373356-8109-420e-bd36-f65b7187686b",
              "isHook": false,
              "skipped": false
            },
            {
              "title": "should have Promotional Sticker",
              "fullTitle": "Verisign Campaign Testflow 1 - Index page for India should have Promotional Sticker",
              "timedOut": null,
              "duration": 72,
              "state": "passed",
              "speed": "medium",
              "pass": true,
              "fail": false,
              "pending": false,
              "context": null,
              "code": "cy.get('.pv-banner .promo-sticker img').should('have.attr', 'src', '/images/indian_sticker.png');",
              "err": {},
              "uuid": "82e1ae20-5f3d-4958-8ef7-eac50560a1df",
              "parentUUID": "ac373356-8109-420e-bd36-f65b7187686b",
              "isHook": false,
              "skipped": false
            },
            {
              "title": "should have .com domain extension in feature",
              "fullTitle": "Verisign Campaign Testflow 1 - Index page for India should have .com domain extension in feature",
              "timedOut": null,
              "duration": 16,
              "state": "passed",
              "speed": "fast",
              "pass": true,
              "fail": false,
              "pending": false,
              "context": null,
              "code": "cy.get('.pv-section .container .pv-cnt .pv-cnt__img .pvg-domain');",
              "err": {},
              "uuid": "d06d041a-5dba-4c80-92da-540a6ce111cd",
              "parentUUID": "ac373356-8109-420e-bd36-f65b7187686b",
              "isHook": false,
              "skipped": false
            },
            {
              "title": "should have 5 Days Trial",
              "fullTitle": "Verisign Campaign Testflow 1 - Index page for India should have 5 Days Trial",
              "timedOut": null,
              "duration": 27,
              "state": "passed",
              "speed": "fast",
              "pass": true,
              "fail": false,
              "pending": false,
              "context": null,
              "code": "cy.get('.pv-try .pv-title .pv-title__lead').contains(_verisignHelper.default.getVerisignTrial());",
              "err": {},
              "uuid": "e96a0b3d-2576-47fb-b95e-c3260b579954",
              "parentUUID": "ac373356-8109-420e-bd36-f65b7187686b",
              "isHook": false,
              "skipped": false
            },
            {
              "title": "should have promotional with 73% discount on ₹ 10,222/year in pricing box",
              "fullTitle": "Verisign Campaign Testflow 1 - Index page for India should have promotional with 73% discount on ₹ 10,222/year in pricing box",
              "timedOut": null,
              "duration": 42,
              "state": "passed",
              "speed": "medium",
              "pass": true,
              "fail": false,
              "pending": false,
              "context": null,
              "code": "cy.get('.pv-section .plan-box h2.plan-box__promotion').within(function () {\n  cy.contains('Promotional');\n  cy.contains('73% discount on');\n  cy.contains(_verisignHelper.default.getPagevampPriceForIndia());\n});",
              "err": {},
              "uuid": "99d1e854-a875-42d3-8025-22596a82b222",
              "parentUUID": "ac373356-8109-420e-bd36-f65b7187686b",
              "isHook": false,
              "skipped": false
            },
            {
              "title": "should display price ₹2,760",
              "fullTitle": "Verisign Campaign Testflow 1 - Index page for India should display price ₹2,760",
              "timedOut": null,
              "duration": 36,
              "state": "passed",
              "speed": "fast",
              "pass": true,
              "fail": false,
              "pending": false,
              "context": null,
              "code": "cy.get('.pv-section .plan-box--promotion h2.plan-box__pricing').within(function () {\n  cy.contains(_verisignHelper.default.getIndianPricingCountryCode());\n  cy.contains(_verisignHelper.default.getIndianCurrencySymbol());\n  cy.contains(_verisignHelper.default.getIndianTfPrice());\n});",
              "err": {},
              "uuid": "67020725-0e99-4b72-a6b2-6b18bc27dc7e",
              "parentUUID": "ac373356-8109-420e-bd36-f65b7187686b",
              "isHook": false,
              "skipped": false
            }
          ],
          "suites": [],
          "passes": [
            "7a94fb71-833a-4848-b21f-eb36c3052b9c",
            "ff9cecc4-9890-4f2a-a92e-e5a7e1083946",
            "9ec451ce-3d04-408b-954a-1f54c07535a5",
            "9f33471e-741e-4b84-98c2-a93344372e41",
            "dca07818-356f-4f5b-a0a3-6fd8bb54b64a",
            "d3083b75-48db-4b3f-8e7e-cd35df3df07a",
            "68467f04-4c51-4c35-aa3d-d98709cfa055",
            "1c052590-d150-4652-89e6-cdf183f44592",
            "c9221004-721b-4c93-936f-a69ce3fce229",
            "8bf4ae15-9ae8-4dbb-b5ae-7154f860b9b6",
            "5aa26eda-abdd-4178-8734-b76f06deb4df",
            "cd8e625c-2437-4ed7-85c0-7f9527a7b13c",
            "767bf215-266c-4def-8b42-f1436653c1b1",
            "35f27684-9216-49fd-ad1a-5960b4b833d2",
            "7d8f378d-6c60-4325-a3d0-ea1a46c9ea5a",
            "cf34d8ed-d810-412d-8e91-4339d10cd73b",
            "faf3e4ea-dee6-454a-9904-008bb83c7992",
            "e64f92fc-cf42-4720-99aa-045c9b90556b",
            "24697782-33d2-4e6a-b8a3-a5bc9a121a8e",
            "82e1ae20-5f3d-4958-8ef7-eac50560a1df",
            "d06d041a-5dba-4c80-92da-540a6ce111cd",
            "e96a0b3d-2576-47fb-b95e-c3260b579954",
            "99d1e854-a875-42d3-8025-22596a82b222",
            "67020725-0e99-4b72-a6b2-6b18bc27dc7e"
          ],
          "failures": [],
          "pending": [],
          "skipped": [],
          "duration": 10826,
          "root": false,
          "rootEmpty": false,
          "_timeout": 2000
        }
      ],
      "passes": [],
      "failures": [],
      "pending": [],
      "skipped": [],
      "duration": 0,
      "root": true,
      "rootEmpty": true,
      "_timeout": 2000
    }
  ],
  "meta": {
    "mocha": {
      "version": "5.2.0"
    },
    "mochawesome": {
      "options": {
        "quiet": false,
        "reportFilename": "mochawesome",
        "saveHtml": false,
        "saveJson": true,
        "consoleReporter": "spec",
        "useInlineDiffs": false
      },
      "version": "4.1.0"
    },
    "marge": {
      "options": {
        "reportDir": "cypress/reports",
        "overwrite": false,
        "html": false,
        "json": true
      },
      "version": "4.0.1"
    }
  }
}