{
  "stats": {
    "suites": 2,
    "tests": 32,
    "passes": 24,
    "pending": 0,
    "failures": 8,
    "start": "2019-12-12T15:23:55.215Z",
    "end": "2019-12-12T15:24:46.480Z",
    "duration": 51265,
    "testsRegistered": 32,
    "passPercent": 75,
    "pendingPercent": 0,
    "other": 0,
    "hasOther": false,
    "skipped": 0,
    "hasSkipped": false
  },
  "results": [
    {
      "uuid": "e9c55007-e426-4ce4-8ef2-d1b8aed20ef5",
      "title": "",
      "fullFile": "",
      "file": "",
      "beforeHooks": [],
      "afterHooks": [],
      "tests": [],
      "suites": [
        {
          "uuid": "32606119-8fae-4f4b-9297-c0a9700f529c",
          "title": "Verisign Campaign Control Flow - Pricing page for Indonesia",
          "fullFile": "",
          "file": "",
          "beforeHooks": [],
          "afterHooks": [],
          "tests": [
            {
              "title": "testing on iphone-6",
              "fullTitle": "Verisign Campaign Control Flow - Pricing page for Indonesia testing on iphone-6",
              "timedOut": null,
              "duration": 8042,
              "state": "passed",
              "speed": "slow",
              "pass": true,
              "fail": false,
              "pending": false,
              "context": null,
              "code": "",
              "err": {},
              "uuid": "349df9e5-0ba4-4cc3-bfef-169288595cfc",
              "parentUUID": "32606119-8fae-4f4b-9297-c0a9700f529c",
              "isHook": false,
              "skipped": false
            },
            {
              "title": "should have 14 Days Trial",
              "fullTitle": "Verisign Campaign Control Flow - Pricing page for Indonesia should have 14 Days Trial",
              "timedOut": null,
              "duration": 142,
              "state": "passed",
              "speed": "slow",
              "pass": true,
              "fail": false,
              "pending": false,
              "context": null,
              "code": "cy.get('.pv-section .pv-title').contains(_verisignHelper.default.getNormalPagevampTrial());",
              "err": {},
              "uuid": "3b2b4f1f-2d53-429b-8b97-e947a319654c",
              "parentUUID": "32606119-8fae-4f4b-9297-c0a9700f529c",
              "isHook": false,
              "skipped": false
            },
            {
              "title": "should have .com, .net, or .org domain extensions",
              "fullTitle": "Verisign Campaign Control Flow - Pricing page for Indonesia should have .com, .net, or .org domain extensions",
              "timedOut": null,
              "duration": 215,
              "state": "passed",
              "speed": "slow",
              "pass": true,
              "fail": false,
              "pending": false,
              "context": null,
              "code": "cy.get('.pv-section .plan-box .plan-box__list').within(function () {\n  cy.contains(\".com\");\n  cy.contains(\".net\");\n  cy.contains(\".org\");\n});",
              "err": {},
              "uuid": "f8903a01-1af6-429a-b3d5-01234817daee",
              "parentUUID": "32606119-8fae-4f4b-9297-c0a9700f529c",
              "isHook": false,
              "skipped": false
            },
            {
              "title": "should display price US $12/mo",
              "fullTitle": "Verisign Campaign Control Flow - Pricing page for Indonesia should display price US $12/mo",
              "timedOut": null,
              "duration": 4303,
              "state": "failed",
              "speed": null,
              "pass": false,
              "fail": true,
              "pending": false,
              "context": null,
              "code": "cy.get('.pv-section .plan-box h2.plan-box__pricing').within(function () {\n  cy.contains(_verisignHelper.default.getUsPricingCountryCode());\n  cy.contains(_verisignHelper.default.getDollarCurrencySymbol());\n  cy.contains(_verisignHelper.default.getUsYearlyPrice());\n});",
              "err": {
                "message": "CypressError: Timed out retrying: Expected to find content: 'US' but never did.",
                "estack": "CypressError: Timed out retrying: Expected to find content: 'US' but never did.\n    at Object.cypressErr (https://cf.pagevamp.com/__cypress/runner/cypress_runner.js:105262:11)\n    at Object.throwErr (https://cf.pagevamp.com/__cypress/runner/cypress_runner.js:105217:18)\n    at Object.throwErrByPath (https://cf.pagevamp.com/__cypress/runner/cypress_runner.js:105249:17)\n    at retry (https://cf.pagevamp.com/__cypress/runner/cypress_runner.js:96526:16)\n    at onFailFn (https://cf.pagevamp.com/__cypress/runner/cypress_runner.js:85591:16)\n    at tryCatcher (https://cf.pagevamp.com/__cypress/runner/cypress_runner.js:139407:23)\n    at Promise._settlePromiseFromHandler (https://cf.pagevamp.com/__cypress/runner/cypress_runner.js:137343:31)\n    at Promise._settlePromise (https://cf.pagevamp.com/__cypress/runner/cypress_runner.js:137400:18)\n    at Promise._settlePromise0 (https://cf.pagevamp.com/__cypress/runner/cypress_runner.js:137445:10)\n    at Promise._settlePromises (https://cf.pagevamp.com/__cypress/runner/cypress_runner.js:137520:18)\n    at Async../node_modules/bluebird/js/release/async.js.Async._drainQueue (https://cf.pagevamp.com/__cypress/runner/cypress_runner.js:134132:16)\n    at Async../node_modules/bluebird/js/release/async.js.Async._drainQueues (https://cf.pagevamp.com/__cypress/runner/cypress_runner.js:134142:10)\n    at Async.drainQueues (https://cf.pagevamp.com/__cypress/runner/cypress_runner.js:134016:14)",
                "diff": null
              },
              "uuid": "f9f481c6-9257-48d0-bafb-b484ac33802d",
              "parentUUID": "32606119-8fae-4f4b-9297-c0a9700f529c",
              "isHook": false,
              "skipped": false
            },
            {
              "title": "testing on ipad-2",
              "fullTitle": "Verisign Campaign Control Flow - Pricing page for Indonesia testing on ipad-2",
              "timedOut": null,
              "duration": 74,
              "state": "passed",
              "speed": "medium",
              "pass": true,
              "fail": false,
              "pending": false,
              "context": null,
              "code": "",
              "err": {},
              "uuid": "223041b4-2277-4c50-9b8f-6027d9a20162",
              "parentUUID": "32606119-8fae-4f4b-9297-c0a9700f529c",
              "isHook": false,
              "skipped": false
            },
            {
              "title": "should have 14 Days Trial",
              "fullTitle": "Verisign Campaign Control Flow - Pricing page for Indonesia should have 14 Days Trial",
              "timedOut": null,
              "duration": 24,
              "state": "passed",
              "speed": "fast",
              "pass": true,
              "fail": false,
              "pending": false,
              "context": null,
              "code": "cy.get('.pv-section .pv-title').contains(_verisignHelper.default.getNormalPagevampTrial());",
              "err": {},
              "uuid": "141732c5-2cb2-4c9b-8138-cbe71558b221",
              "parentUUID": "32606119-8fae-4f4b-9297-c0a9700f529c",
              "isHook": false,
              "skipped": false
            },
            {
              "title": "should have .com, .net, or .org domain extensions",
              "fullTitle": "Verisign Campaign Control Flow - Pricing page for Indonesia should have .com, .net, or .org domain extensions",
              "timedOut": null,
              "duration": 34,
              "state": "passed",
              "speed": "fast",
              "pass": true,
              "fail": false,
              "pending": false,
              "context": null,
              "code": "cy.get('.pv-section .plan-box .plan-box__list').within(function () {\n  cy.contains(\".com\");\n  cy.contains(\".net\");\n  cy.contains(\".org\");\n});",
              "err": {},
              "uuid": "f5db3f07-1a6b-40aa-875d-0d0a3ecf13fe",
              "parentUUID": "32606119-8fae-4f4b-9297-c0a9700f529c",
              "isHook": false,
              "skipped": false
            },
            {
              "title": "should display price US $12/mo",
              "fullTitle": "Verisign Campaign Control Flow - Pricing page for Indonesia should display price US $12/mo",
              "timedOut": null,
              "duration": 4322,
              "state": "failed",
              "speed": null,
              "pass": false,
              "fail": true,
              "pending": false,
              "context": null,
              "code": "cy.get('.pv-section .plan-box h2.plan-box__pricing').within(function () {\n  cy.contains(_verisignHelper.default.getUsPricingCountryCode());\n  cy.contains(_verisignHelper.default.getDollarCurrencySymbol());\n  cy.contains(_verisignHelper.default.getUsYearlyPrice());\n});",
              "err": {
                "message": "CypressError: Timed out retrying: Expected to find content: 'US' but never did.",
                "estack": "CypressError: Timed out retrying: Expected to find content: 'US' but never did.\n    at Object.cypressErr (https://cf.pagevamp.com/__cypress/runner/cypress_runner.js:105262:11)\n    at Object.throwErr (https://cf.pagevamp.com/__cypress/runner/cypress_runner.js:105217:18)\n    at Object.throwErrByPath (https://cf.pagevamp.com/__cypress/runner/cypress_runner.js:105249:17)\n    at retry (https://cf.pagevamp.com/__cypress/runner/cypress_runner.js:96526:16)\n    at onFailFn (https://cf.pagevamp.com/__cypress/runner/cypress_runner.js:85591:16)\n    at tryCatcher (https://cf.pagevamp.com/__cypress/runner/cypress_runner.js:139407:23)\n    at Promise._settlePromiseFromHandler (https://cf.pagevamp.com/__cypress/runner/cypress_runner.js:137343:31)\n    at Promise._settlePromise (https://cf.pagevamp.com/__cypress/runner/cypress_runner.js:137400:18)\n    at Promise._settlePromise0 (https://cf.pagevamp.com/__cypress/runner/cypress_runner.js:137445:10)\n    at Promise._settlePromises (https://cf.pagevamp.com/__cypress/runner/cypress_runner.js:137520:18)\n    at Async../node_modules/bluebird/js/release/async.js.Async._drainQueue (https://cf.pagevamp.com/__cypress/runner/cypress_runner.js:134132:16)\n    at Async../node_modules/bluebird/js/release/async.js.Async._drainQueues (https://cf.pagevamp.com/__cypress/runner/cypress_runner.js:134142:10)\n    at Async.drainQueues (https://cf.pagevamp.com/__cypress/runner/cypress_runner.js:134016:14)",
                "diff": null
              },
              "uuid": "ab135e5a-4ec7-4cc4-bb58-6ce860abc629",
              "parentUUID": "32606119-8fae-4f4b-9297-c0a9700f529c",
              "isHook": false,
              "skipped": false
            },
            {
              "title": "testing on iphone-4",
              "fullTitle": "Verisign Campaign Control Flow - Pricing page for Indonesia testing on iphone-4",
              "timedOut": null,
              "duration": 51,
              "state": "passed",
              "speed": "medium",
              "pass": true,
              "fail": false,
              "pending": false,
              "context": null,
              "code": "",
              "err": {},
              "uuid": "f58db3d1-926a-40a3-aca7-0a83f94f0b65",
              "parentUUID": "32606119-8fae-4f4b-9297-c0a9700f529c",
              "isHook": false,
              "skipped": false
            },
            {
              "title": "should have 14 Days Trial",
              "fullTitle": "Verisign Campaign Control Flow - Pricing page for Indonesia should have 14 Days Trial",
              "timedOut": null,
              "duration": 18,
              "state": "passed",
              "speed": "fast",
              "pass": true,
              "fail": false,
              "pending": false,
              "context": null,
              "code": "cy.get('.pv-section .pv-title').contains(_verisignHelper.default.getNormalPagevampTrial());",
              "err": {},
              "uuid": "bc37646d-b407-467c-8bab-a97d69530665",
              "parentUUID": "32606119-8fae-4f4b-9297-c0a9700f529c",
              "isHook": false,
              "skipped": false
            },
            {
              "title": "should have .com, .net, or .org domain extensions",
              "fullTitle": "Verisign Campaign Control Flow - Pricing page for Indonesia should have .com, .net, or .org domain extensions",
              "timedOut": null,
              "duration": 46,
              "state": "passed",
              "speed": "medium",
              "pass": true,
              "fail": false,
              "pending": false,
              "context": null,
              "code": "cy.get('.pv-section .plan-box .plan-box__list').within(function () {\n  cy.contains(\".com\");\n  cy.contains(\".net\");\n  cy.contains(\".org\");\n});",
              "err": {},
              "uuid": "beb43ac2-96fb-4bde-b70e-ded23e709afe",
              "parentUUID": "32606119-8fae-4f4b-9297-c0a9700f529c",
              "isHook": false,
              "skipped": false
            },
            {
              "title": "should display price US $12/mo",
              "fullTitle": "Verisign Campaign Control Flow - Pricing page for Indonesia should display price US $12/mo",
              "timedOut": null,
              "duration": 4301,
              "state": "failed",
              "speed": null,
              "pass": false,
              "fail": true,
              "pending": false,
              "context": null,
              "code": "cy.get('.pv-section .plan-box h2.plan-box__pricing').within(function () {\n  cy.contains(_verisignHelper.default.getUsPricingCountryCode());\n  cy.contains(_verisignHelper.default.getDollarCurrencySymbol());\n  cy.contains(_verisignHelper.default.getUsYearlyPrice());\n});",
              "err": {
                "message": "CypressError: Timed out retrying: Expected to find content: 'US' but never did.",
                "estack": "CypressError: Timed out retrying: Expected to find content: 'US' but never did.\n    at Object.cypressErr (https://cf.pagevamp.com/__cypress/runner/cypress_runner.js:105262:11)\n    at Object.throwErr (https://cf.pagevamp.com/__cypress/runner/cypress_runner.js:105217:18)\n    at Object.throwErrByPath (https://cf.pagevamp.com/__cypress/runner/cypress_runner.js:105249:17)\n    at retry (https://cf.pagevamp.com/__cypress/runner/cypress_runner.js:96526:16)\n    at onFailFn (https://cf.pagevamp.com/__cypress/runner/cypress_runner.js:85591:16)\n    at tryCatcher (https://cf.pagevamp.com/__cypress/runner/cypress_runner.js:139407:23)\n    at Promise._settlePromiseFromHandler (https://cf.pagevamp.com/__cypress/runner/cypress_runner.js:137343:31)\n    at Promise._settlePromise (https://cf.pagevamp.com/__cypress/runner/cypress_runner.js:137400:18)\n    at Promise._settlePromise0 (https://cf.pagevamp.com/__cypress/runner/cypress_runner.js:137445:10)\n    at Promise._settlePromises (https://cf.pagevamp.com/__cypress/runner/cypress_runner.js:137520:18)\n    at Async../node_modules/bluebird/js/release/async.js.Async._drainQueue (https://cf.pagevamp.com/__cypress/runner/cypress_runner.js:134132:16)\n    at Async../node_modules/bluebird/js/release/async.js.Async._drainQueues (https://cf.pagevamp.com/__cypress/runner/cypress_runner.js:134142:10)\n    at Async.drainQueues (https://cf.pagevamp.com/__cypress/runner/cypress_runner.js:134016:14)",
                "diff": null
              },
              "uuid": "ea5bf0b2-656c-4648-a6c0-f65c59c0c7f7",
              "parentUUID": "32606119-8fae-4f4b-9297-c0a9700f529c",
              "isHook": false,
              "skipped": false
            },
            {
              "title": "testing on 1500,1000",
              "fullTitle": "Verisign Campaign Control Flow - Pricing page for Indonesia testing on 1500,1000",
              "timedOut": null,
              "duration": 22,
              "state": "passed",
              "speed": "fast",
              "pass": true,
              "fail": false,
              "pending": false,
              "context": null,
              "code": "",
              "err": {},
              "uuid": "8867a13c-b6c4-4b5b-b973-37f3fe7a1351",
              "parentUUID": "32606119-8fae-4f4b-9297-c0a9700f529c",
              "isHook": false,
              "skipped": false
            },
            {
              "title": "should have 14 Days Trial",
              "fullTitle": "Verisign Campaign Control Flow - Pricing page for Indonesia should have 14 Days Trial",
              "timedOut": null,
              "duration": 21,
              "state": "passed",
              "speed": "fast",
              "pass": true,
              "fail": false,
              "pending": false,
              "context": null,
              "code": "cy.get('.pv-section .pv-title').contains(_verisignHelper.default.getNormalPagevampTrial());",
              "err": {},
              "uuid": "95d7b693-a019-4bf4-8f45-e46732098663",
              "parentUUID": "32606119-8fae-4f4b-9297-c0a9700f529c",
              "isHook": false,
              "skipped": false
            },
            {
              "title": "should have .com, .net, or .org domain extensions",
              "fullTitle": "Verisign Campaign Control Flow - Pricing page for Indonesia should have .com, .net, or .org domain extensions",
              "timedOut": null,
              "duration": 35,
              "state": "passed",
              "speed": "fast",
              "pass": true,
              "fail": false,
              "pending": false,
              "context": null,
              "code": "cy.get('.pv-section .plan-box .plan-box__list').within(function () {\n  cy.contains(\".com\");\n  cy.contains(\".net\");\n  cy.contains(\".org\");\n});",
              "err": {},
              "uuid": "12ee3e74-8c7f-4e05-a2d7-d651ccb9ee81",
              "parentUUID": "32606119-8fae-4f4b-9297-c0a9700f529c",
              "isHook": false,
              "skipped": false
            },
            {
              "title": "should display price US $12/mo",
              "fullTitle": "Verisign Campaign Control Flow - Pricing page for Indonesia should display price US $12/mo",
              "timedOut": null,
              "duration": 4341,
              "state": "failed",
              "speed": null,
              "pass": false,
              "fail": true,
              "pending": false,
              "context": null,
              "code": "cy.get('.pv-section .plan-box h2.plan-box__pricing').within(function () {\n  cy.contains(_verisignHelper.default.getUsPricingCountryCode());\n  cy.contains(_verisignHelper.default.getDollarCurrencySymbol());\n  cy.contains(_verisignHelper.default.getUsYearlyPrice());\n});",
              "err": {
                "message": "CypressError: Timed out retrying: Expected to find content: 'US' but never did.",
                "estack": "CypressError: Timed out retrying: Expected to find content: 'US' but never did.\n    at Object.cypressErr (https://cf.pagevamp.com/__cypress/runner/cypress_runner.js:105262:11)\n    at Object.throwErr (https://cf.pagevamp.com/__cypress/runner/cypress_runner.js:105217:18)\n    at Object.throwErrByPath (https://cf.pagevamp.com/__cypress/runner/cypress_runner.js:105249:17)\n    at retry (https://cf.pagevamp.com/__cypress/runner/cypress_runner.js:96526:16)\n    at onFailFn (https://cf.pagevamp.com/__cypress/runner/cypress_runner.js:85591:16)\n    at tryCatcher (https://cf.pagevamp.com/__cypress/runner/cypress_runner.js:139407:23)\n    at Promise._settlePromiseFromHandler (https://cf.pagevamp.com/__cypress/runner/cypress_runner.js:137343:31)\n    at Promise._settlePromise (https://cf.pagevamp.com/__cypress/runner/cypress_runner.js:137400:18)\n    at Promise._settlePromise0 (https://cf.pagevamp.com/__cypress/runner/cypress_runner.js:137445:10)\n    at Promise._settlePromises (https://cf.pagevamp.com/__cypress/runner/cypress_runner.js:137520:18)\n    at Async../node_modules/bluebird/js/release/async.js.Async._drainQueue (https://cf.pagevamp.com/__cypress/runner/cypress_runner.js:134132:16)\n    at Async../node_modules/bluebird/js/release/async.js.Async._drainQueues (https://cf.pagevamp.com/__cypress/runner/cypress_runner.js:134142:10)\n    at Async.drainQueues (https://cf.pagevamp.com/__cypress/runner/cypress_runner.js:134016:14)",
                "diff": null
              },
              "uuid": "c01edeea-c283-4023-af76-9c6bda2ad348",
              "parentUUID": "32606119-8fae-4f4b-9297-c0a9700f529c",
              "isHook": false,
              "skipped": false
            }
          ],
          "suites": [],
          "passes": [
            "349df9e5-0ba4-4cc3-bfef-169288595cfc",
            "3b2b4f1f-2d53-429b-8b97-e947a319654c",
            "f8903a01-1af6-429a-b3d5-01234817daee",
            "223041b4-2277-4c50-9b8f-6027d9a20162",
            "141732c5-2cb2-4c9b-8138-cbe71558b221",
            "f5db3f07-1a6b-40aa-875d-0d0a3ecf13fe",
            "f58db3d1-926a-40a3-aca7-0a83f94f0b65",
            "bc37646d-b407-467c-8bab-a97d69530665",
            "beb43ac2-96fb-4bde-b70e-ded23e709afe",
            "8867a13c-b6c4-4b5b-b973-37f3fe7a1351",
            "95d7b693-a019-4bf4-8f45-e46732098663",
            "12ee3e74-8c7f-4e05-a2d7-d651ccb9ee81"
          ],
          "failures": [
            "f9f481c6-9257-48d0-bafb-b484ac33802d",
            "ab135e5a-4ec7-4cc4-bb58-6ce860abc629",
            "ea5bf0b2-656c-4648-a6c0-f65c59c0c7f7",
            "c01edeea-c283-4023-af76-9c6bda2ad348"
          ],
          "pending": [],
          "skipped": [],
          "duration": 25991,
          "root": false,
          "rootEmpty": false,
          "_timeout": 2000
        },
        {
          "uuid": "fa75d93e-6e90-48b1-821a-bf5ae788c9d8",
          "title": "Verisign Campaign Control Flow- Pricing page for India",
          "fullFile": "",
          "file": "",
          "beforeHooks": [],
          "afterHooks": [],
          "tests": [
            {
              "title": "testing on iphone-6",
              "fullTitle": "Verisign Campaign Control Flow- Pricing page for India testing on iphone-6",
              "timedOut": null,
              "duration": 4818,
              "state": "passed",
              "speed": "slow",
              "pass": true,
              "fail": false,
              "pending": false,
              "context": null,
              "code": "",
              "err": {},
              "uuid": "eeba142a-dd0d-4054-898a-147418fa3861",
              "parentUUID": "fa75d93e-6e90-48b1-821a-bf5ae788c9d8",
              "isHook": false,
              "skipped": false
            },
            {
              "title": "should have 14 Days Trial",
              "fullTitle": "Verisign Campaign Control Flow- Pricing page for India should have 14 Days Trial",
              "timedOut": null,
              "duration": 281,
              "state": "passed",
              "speed": "slow",
              "pass": true,
              "fail": false,
              "pending": false,
              "context": null,
              "code": "cy.get('.pv-section .pv-title').contains(_verisignHelper.default.getNormalPagevampTrial());",
              "err": {},
              "uuid": "6b848e1a-8573-45c8-8977-2715d3686c42",
              "parentUUID": "fa75d93e-6e90-48b1-821a-bf5ae788c9d8",
              "isHook": false,
              "skipped": false
            },
            {
              "title": "should have .com, .net, or .org domain extensions",
              "fullTitle": "Verisign Campaign Control Flow- Pricing page for India should have .com, .net, or .org domain extensions",
              "timedOut": null,
              "duration": 33,
              "state": "passed",
              "speed": "fast",
              "pass": true,
              "fail": false,
              "pending": false,
              "context": null,
              "code": "cy.get('.pv-section .plan-box .plan-box__list').within(function () {\n  cy.contains(\".com\");\n  cy.contains(\".net\");\n  cy.contains(\".org\");\n});",
              "err": {},
              "uuid": "dcf70935-5908-4019-bb17-e737f1edacce",
              "parentUUID": "fa75d93e-6e90-48b1-821a-bf5ae788c9d8",
              "isHook": false,
              "skipped": false
            },
            {
              "title": "should display price ₹850/mo",
              "fullTitle": "Verisign Campaign Control Flow- Pricing page for India should display price ₹850/mo",
              "timedOut": null,
              "duration": 4331,
              "state": "failed",
              "speed": null,
              "pass": false,
              "fail": true,
              "pending": false,
              "context": null,
              "code": "cy.get('.pv-section .plan-box h2.plan-box__pricing').within(function () {\n  cy.contains(_verisignHelper.default.getIndianPricingCountryCode());\n  cy.contains(_verisignHelper.default.getIndianCurrencySymbol());\n  cy.contains(_verisignHelper.default.getIndianCfPrice());\n});",
              "err": {
                "message": "CypressError: Timed out retrying: Expected to find content: '850' but never did.",
                "estack": "CypressError: Timed out retrying: Expected to find content: '850' but never did.\n    at Object.cypressErr (https://cf.pagevamp.com/__cypress/runner/cypress_runner.js:105262:11)\n    at Object.throwErr (https://cf.pagevamp.com/__cypress/runner/cypress_runner.js:105217:18)\n    at Object.throwErrByPath (https://cf.pagevamp.com/__cypress/runner/cypress_runner.js:105249:17)\n    at retry (https://cf.pagevamp.com/__cypress/runner/cypress_runner.js:96526:16)\n    at onFailFn (https://cf.pagevamp.com/__cypress/runner/cypress_runner.js:85591:16)\n    at tryCatcher (https://cf.pagevamp.com/__cypress/runner/cypress_runner.js:139407:23)\n    at Promise._settlePromiseFromHandler (https://cf.pagevamp.com/__cypress/runner/cypress_runner.js:137343:31)\n    at Promise._settlePromise (https://cf.pagevamp.com/__cypress/runner/cypress_runner.js:137400:18)\n    at Promise._settlePromise0 (https://cf.pagevamp.com/__cypress/runner/cypress_runner.js:137445:10)\n    at Promise._settlePromises (https://cf.pagevamp.com/__cypress/runner/cypress_runner.js:137520:18)\n    at Async../node_modules/bluebird/js/release/async.js.Async._drainQueue (https://cf.pagevamp.com/__cypress/runner/cypress_runner.js:134132:16)\n    at Async../node_modules/bluebird/js/release/async.js.Async._drainQueues (https://cf.pagevamp.com/__cypress/runner/cypress_runner.js:134142:10)\n    at Async.drainQueues (https://cf.pagevamp.com/__cypress/runner/cypress_runner.js:134016:14)",
                "diff": null
              },
              "uuid": "5ea09694-7df8-404c-83bf-c2232a36820c",
              "parentUUID": "fa75d93e-6e90-48b1-821a-bf5ae788c9d8",
              "isHook": false,
              "skipped": false
            },
            {
              "title": "testing on ipad-2",
              "fullTitle": "Verisign Campaign Control Flow- Pricing page for India testing on ipad-2",
              "timedOut": null,
              "duration": 52,
              "state": "passed",
              "speed": "medium",
              "pass": true,
              "fail": false,
              "pending": false,
              "context": null,
              "code": "",
              "err": {},
              "uuid": "1b4f803c-6ff6-4046-9f11-2016c440a716",
              "parentUUID": "fa75d93e-6e90-48b1-821a-bf5ae788c9d8",
              "isHook": false,
              "skipped": false
            },
            {
              "title": "should have 14 Days Trial",
              "fullTitle": "Verisign Campaign Control Flow- Pricing page for India should have 14 Days Trial",
              "timedOut": null,
              "duration": 40,
              "state": "passed",
              "speed": "medium",
              "pass": true,
              "fail": false,
              "pending": false,
              "context": null,
              "code": "cy.get('.pv-section .pv-title').contains(_verisignHelper.default.getNormalPagevampTrial());",
              "err": {},
              "uuid": "0766203b-e1bf-45ff-821f-bbd3b2db5d72",
              "parentUUID": "fa75d93e-6e90-48b1-821a-bf5ae788c9d8",
              "isHook": false,
              "skipped": false
            },
            {
              "title": "should have .com, .net, or .org domain extensions",
              "fullTitle": "Verisign Campaign Control Flow- Pricing page for India should have .com, .net, or .org domain extensions",
              "timedOut": null,
              "duration": 48,
              "state": "passed",
              "speed": "medium",
              "pass": true,
              "fail": false,
              "pending": false,
              "context": null,
              "code": "cy.get('.pv-section .plan-box .plan-box__list').within(function () {\n  cy.contains(\".com\");\n  cy.contains(\".net\");\n  cy.contains(\".org\");\n});",
              "err": {},
              "uuid": "8ef1cd47-c800-435e-8873-f0948ea1d978",
              "parentUUID": "fa75d93e-6e90-48b1-821a-bf5ae788c9d8",
              "isHook": false,
              "skipped": false
            },
            {
              "title": "should display price ₹850/mo",
              "fullTitle": "Verisign Campaign Control Flow- Pricing page for India should display price ₹850/mo",
              "timedOut": null,
              "duration": 4279,
              "state": "failed",
              "speed": null,
              "pass": false,
              "fail": true,
              "pending": false,
              "context": null,
              "code": "cy.get('.pv-section .plan-box h2.plan-box__pricing').within(function () {\n  cy.contains(_verisignHelper.default.getIndianPricingCountryCode());\n  cy.contains(_verisignHelper.default.getIndianCurrencySymbol());\n  cy.contains(_verisignHelper.default.getIndianCfPrice());\n});",
              "err": {
                "message": "CypressError: Timed out retrying: Expected to find content: '850' but never did.",
                "estack": "CypressError: Timed out retrying: Expected to find content: '850' but never did.\n    at Object.cypressErr (https://cf.pagevamp.com/__cypress/runner/cypress_runner.js:105262:11)\n    at Object.throwErr (https://cf.pagevamp.com/__cypress/runner/cypress_runner.js:105217:18)\n    at Object.throwErrByPath (https://cf.pagevamp.com/__cypress/runner/cypress_runner.js:105249:17)\n    at retry (https://cf.pagevamp.com/__cypress/runner/cypress_runner.js:96526:16)\n    at onFailFn (https://cf.pagevamp.com/__cypress/runner/cypress_runner.js:85591:16)\n    at tryCatcher (https://cf.pagevamp.com/__cypress/runner/cypress_runner.js:139407:23)\n    at Promise._settlePromiseFromHandler (https://cf.pagevamp.com/__cypress/runner/cypress_runner.js:137343:31)\n    at Promise._settlePromise (https://cf.pagevamp.com/__cypress/runner/cypress_runner.js:137400:18)\n    at Promise._settlePromise0 (https://cf.pagevamp.com/__cypress/runner/cypress_runner.js:137445:10)\n    at Promise._settlePromises (https://cf.pagevamp.com/__cypress/runner/cypress_runner.js:137520:18)\n    at Async../node_modules/bluebird/js/release/async.js.Async._drainQueue (https://cf.pagevamp.com/__cypress/runner/cypress_runner.js:134132:16)\n    at Async../node_modules/bluebird/js/release/async.js.Async._drainQueues (https://cf.pagevamp.com/__cypress/runner/cypress_runner.js:134142:10)\n    at Async.drainQueues (https://cf.pagevamp.com/__cypress/runner/cypress_runner.js:134016:14)",
                "diff": null
              },
              "uuid": "b97f8f8a-89cf-4e9d-af36-571471e71f71",
              "parentUUID": "fa75d93e-6e90-48b1-821a-bf5ae788c9d8",
              "isHook": false,
              "skipped": false
            },
            {
              "title": "testing on iphone-4",
              "fullTitle": "Verisign Campaign Control Flow- Pricing page for India testing on iphone-4",
              "timedOut": null,
              "duration": 30,
              "state": "passed",
              "speed": "fast",
              "pass": true,
              "fail": false,
              "pending": false,
              "context": null,
              "code": "",
              "err": {},
              "uuid": "9991350e-a85b-4226-a463-fd5f0c84285c",
              "parentUUID": "fa75d93e-6e90-48b1-821a-bf5ae788c9d8",
              "isHook": false,
              "skipped": false
            },
            {
              "title": "should have 14 Days Trial",
              "fullTitle": "Verisign Campaign Control Flow- Pricing page for India should have 14 Days Trial",
              "timedOut": null,
              "duration": 66,
              "state": "passed",
              "speed": "medium",
              "pass": true,
              "fail": false,
              "pending": false,
              "context": null,
              "code": "cy.get('.pv-section .pv-title').contains(_verisignHelper.default.getNormalPagevampTrial());",
              "err": {},
              "uuid": "58442ee4-fd7c-4ed8-a67b-c8e509daa19d",
              "parentUUID": "fa75d93e-6e90-48b1-821a-bf5ae788c9d8",
              "isHook": false,
              "skipped": false
            },
            {
              "title": "should have .com, .net, or .org domain extensions",
              "fullTitle": "Verisign Campaign Control Flow- Pricing page for India should have .com, .net, or .org domain extensions",
              "timedOut": null,
              "duration": 35,
              "state": "passed",
              "speed": "fast",
              "pass": true,
              "fail": false,
              "pending": false,
              "context": null,
              "code": "cy.get('.pv-section .plan-box .plan-box__list').within(function () {\n  cy.contains(\".com\");\n  cy.contains(\".net\");\n  cy.contains(\".org\");\n});",
              "err": {},
              "uuid": "19012535-2697-4b12-8da2-18d964b49ff5",
              "parentUUID": "fa75d93e-6e90-48b1-821a-bf5ae788c9d8",
              "isHook": false,
              "skipped": false
            },
            {
              "title": "should display price ₹850/mo",
              "fullTitle": "Verisign Campaign Control Flow- Pricing page for India should display price ₹850/mo",
              "timedOut": null,
              "duration": 4393,
              "state": "failed",
              "speed": null,
              "pass": false,
              "fail": true,
              "pending": false,
              "context": null,
              "code": "cy.get('.pv-section .plan-box h2.plan-box__pricing').within(function () {\n  cy.contains(_verisignHelper.default.getIndianPricingCountryCode());\n  cy.contains(_verisignHelper.default.getIndianCurrencySymbol());\n  cy.contains(_verisignHelper.default.getIndianCfPrice());\n});",
              "err": {
                "message": "CypressError: Timed out retrying: Expected to find content: '850' but never did.",
                "estack": "CypressError: Timed out retrying: Expected to find content: '850' but never did.\n    at Object.cypressErr (https://cf.pagevamp.com/__cypress/runner/cypress_runner.js:105262:11)\n    at Object.throwErr (https://cf.pagevamp.com/__cypress/runner/cypress_runner.js:105217:18)\n    at Object.throwErrByPath (https://cf.pagevamp.com/__cypress/runner/cypress_runner.js:105249:17)\n    at retry (https://cf.pagevamp.com/__cypress/runner/cypress_runner.js:96526:16)\n    at onFailFn (https://cf.pagevamp.com/__cypress/runner/cypress_runner.js:85591:16)\n    at tryCatcher (https://cf.pagevamp.com/__cypress/runner/cypress_runner.js:139407:23)\n    at Promise._settlePromiseFromHandler (https://cf.pagevamp.com/__cypress/runner/cypress_runner.js:137343:31)\n    at Promise._settlePromise (https://cf.pagevamp.com/__cypress/runner/cypress_runner.js:137400:18)\n    at Promise._settlePromise0 (https://cf.pagevamp.com/__cypress/runner/cypress_runner.js:137445:10)\n    at Promise._settlePromises (https://cf.pagevamp.com/__cypress/runner/cypress_runner.js:137520:18)\n    at Async../node_modules/bluebird/js/release/async.js.Async._drainQueue (https://cf.pagevamp.com/__cypress/runner/cypress_runner.js:134132:16)\n    at Async../node_modules/bluebird/js/release/async.js.Async._drainQueues (https://cf.pagevamp.com/__cypress/runner/cypress_runner.js:134142:10)\n    at Async.drainQueues (https://cf.pagevamp.com/__cypress/runner/cypress_runner.js:134016:14)",
                "diff": null
              },
              "uuid": "e05dc431-6999-4594-bbe6-de7d69d96a31",
              "parentUUID": "fa75d93e-6e90-48b1-821a-bf5ae788c9d8",
              "isHook": false,
              "skipped": false
            },
            {
              "title": "testing on 1500,1000",
              "fullTitle": "Verisign Campaign Control Flow- Pricing page for India testing on 1500,1000",
              "timedOut": null,
              "duration": 26,
              "state": "passed",
              "speed": "fast",
              "pass": true,
              "fail": false,
              "pending": false,
              "context": null,
              "code": "",
              "err": {},
              "uuid": "f710bed7-e038-4867-ab24-aaddf05ab20c",
              "parentUUID": "fa75d93e-6e90-48b1-821a-bf5ae788c9d8",
              "isHook": false,
              "skipped": false
            },
            {
              "title": "should have 14 Days Trial",
              "fullTitle": "Verisign Campaign Control Flow- Pricing page for India should have 14 Days Trial",
              "timedOut": null,
              "duration": 23,
              "state": "passed",
              "speed": "fast",
              "pass": true,
              "fail": false,
              "pending": false,
              "context": null,
              "code": "cy.get('.pv-section .pv-title').contains(_verisignHelper.default.getNormalPagevampTrial());",
              "err": {},
              "uuid": "33e75d65-e5e3-484e-add8-d15d7aa2d7cf",
              "parentUUID": "fa75d93e-6e90-48b1-821a-bf5ae788c9d8",
              "isHook": false,
              "skipped": false
            },
            {
              "title": "should have .com, .net, or .org domain extensions",
              "fullTitle": "Verisign Campaign Control Flow- Pricing page for India should have .com, .net, or .org domain extensions",
              "timedOut": null,
              "duration": 25,
              "state": "passed",
              "speed": "fast",
              "pass": true,
              "fail": false,
              "pending": false,
              "context": null,
              "code": "cy.get('.pv-section .plan-box .plan-box__list').within(function () {\n  cy.contains(\".com\");\n  cy.contains(\".net\");\n  cy.contains(\".org\");\n});",
              "err": {},
              "uuid": "574daa52-5c07-46f7-890b-70fd4bc83231",
              "parentUUID": "fa75d93e-6e90-48b1-821a-bf5ae788c9d8",
              "isHook": false,
              "skipped": false
            },
            {
              "title": "should display price ₹850/mo",
              "fullTitle": "Verisign Campaign Control Flow- Pricing page for India should display price ₹850/mo",
              "timedOut": null,
              "duration": 4513,
              "state": "failed",
              "speed": null,
              "pass": false,
              "fail": true,
              "pending": false,
              "context": null,
              "code": "cy.get('.pv-section .plan-box h2.plan-box__pricing').within(function () {\n  cy.contains(_verisignHelper.default.getIndianPricingCountryCode());\n  cy.contains(_verisignHelper.default.getIndianCurrencySymbol());\n  cy.contains(_verisignHelper.default.getIndianCfPrice());\n});",
              "err": {
                "message": "CypressError: Timed out retrying: Expected to find content: '850' but never did.",
                "estack": "CypressError: Timed out retrying: Expected to find content: '850' but never did.\n    at Object.cypressErr (https://cf.pagevamp.com/__cypress/runner/cypress_runner.js:105262:11)\n    at Object.throwErr (https://cf.pagevamp.com/__cypress/runner/cypress_runner.js:105217:18)\n    at Object.throwErrByPath (https://cf.pagevamp.com/__cypress/runner/cypress_runner.js:105249:17)\n    at retry (https://cf.pagevamp.com/__cypress/runner/cypress_runner.js:96526:16)\n    at onFailFn (https://cf.pagevamp.com/__cypress/runner/cypress_runner.js:85591:16)\n    at tryCatcher (https://cf.pagevamp.com/__cypress/runner/cypress_runner.js:139407:23)\n    at Promise._settlePromiseFromHandler (https://cf.pagevamp.com/__cypress/runner/cypress_runner.js:137343:31)\n    at Promise._settlePromise (https://cf.pagevamp.com/__cypress/runner/cypress_runner.js:137400:18)\n    at Promise._settlePromise0 (https://cf.pagevamp.com/__cypress/runner/cypress_runner.js:137445:10)\n    at Promise._settlePromises (https://cf.pagevamp.com/__cypress/runner/cypress_runner.js:137520:18)\n    at Async../node_modules/bluebird/js/release/async.js.Async._drainQueue (https://cf.pagevamp.com/__cypress/runner/cypress_runner.js:134132:16)\n    at Async../node_modules/bluebird/js/release/async.js.Async._drainQueues (https://cf.pagevamp.com/__cypress/runner/cypress_runner.js:134142:10)\n    at Async.drainQueues (https://cf.pagevamp.com/__cypress/runner/cypress_runner.js:134016:14)",
                "diff": null
              },
              "uuid": "c078772c-b8d2-47c3-93fd-0e1055714c1d",
              "parentUUID": "fa75d93e-6e90-48b1-821a-bf5ae788c9d8",
              "isHook": false,
              "skipped": false
            }
          ],
          "suites": [],
          "passes": [
            "eeba142a-dd0d-4054-898a-147418fa3861",
            "6b848e1a-8573-45c8-8977-2715d3686c42",
            "dcf70935-5908-4019-bb17-e737f1edacce",
            "1b4f803c-6ff6-4046-9f11-2016c440a716",
            "0766203b-e1bf-45ff-821f-bbd3b2db5d72",
            "8ef1cd47-c800-435e-8873-f0948ea1d978",
            "9991350e-a85b-4226-a463-fd5f0c84285c",
            "58442ee4-fd7c-4ed8-a67b-c8e509daa19d",
            "19012535-2697-4b12-8da2-18d964b49ff5",
            "f710bed7-e038-4867-ab24-aaddf05ab20c",
            "33e75d65-e5e3-484e-add8-d15d7aa2d7cf",
            "574daa52-5c07-46f7-890b-70fd4bc83231"
          ],
          "failures": [
            "5ea09694-7df8-404c-83bf-c2232a36820c",
            "b97f8f8a-89cf-4e9d-af36-571471e71f71",
            "e05dc431-6999-4594-bbe6-de7d69d96a31",
            "c078772c-b8d2-47c3-93fd-0e1055714c1d"
          ],
          "pending": [],
          "skipped": [],
          "duration": 22993,
          "root": false,
          "rootEmpty": false,
          "_timeout": 2000
        }
      ],
      "passes": [],
      "failures": [],
      "pending": [],
      "skipped": [],
      "duration": 0,
      "root": true,
      "rootEmpty": true,
      "_timeout": 2000
    }
  ],
  "meta": {
    "mocha": {
      "version": "5.2.0"
    },
    "mochawesome": {
      "options": {
        "quiet": false,
        "reportFilename": "mochawesome",
        "saveHtml": false,
        "saveJson": true,
        "consoleReporter": "spec",
        "useInlineDiffs": false
      },
      "version": "4.1.0"
    },
    "marge": {
      "options": {
        "reportDir": "cypress/reports",
        "overwrite": false,
        "html": false,
        "json": true
      },
      "version": "4.0.1"
    }
  }
}