{
  "stats": {
    "suites": 2,
    "tests": 40,
    "passes": 40,
    "pending": 0,
    "failures": 0,
    "start": "2019-12-12T15:24:49.753Z",
    "end": "2019-12-12T15:25:30.692Z",
    "duration": 40939,
    "testsRegistered": 40,
    "passPercent": 100,
    "pendingPercent": 0,
    "other": 0,
    "hasOther": false,
    "skipped": 0,
    "hasSkipped": false
  },
  "results": [
    {
      "uuid": "a1131be8-527c-4c80-957e-264672b447de",
      "title": "",
      "fullFile": "",
      "file": "",
      "beforeHooks": [],
      "afterHooks": [],
      "tests": [],
      "suites": [
        {
          "uuid": "6896e068-05b1-48d2-9f6c-dadf2da75703",
          "title": "Italian Pagevamp Landing page - index page",
          "fullFile": "",
          "file": "",
          "beforeHooks": [],
          "afterHooks": [],
          "tests": [
            {
              "title": "testing on iphone-6",
              "fullTitle": "Italian Pagevamp Landing page - index page testing on iphone-6",
              "timedOut": null,
              "duration": 28713,
              "state": "passed",
              "speed": "slow",
              "pass": true,
              "fail": false,
              "pending": false,
              "context": null,
              "code": "",
              "err": {},
              "uuid": "258e209c-7afa-4e76-87d5-890e41573b29",
              "parentUUID": "6896e068-05b1-48d2-9f6c-dadf2da75703",
              "isHook": false,
              "skipped": false
            },
            {
              "title": "should have cookie policy banner on top",
              "fullTitle": "Italian Pagevamp Landing page - index page should have cookie policy banner on top",
              "timedOut": null,
              "duration": 110,
              "state": "passed",
              "speed": "slow",
              "pass": true,
              "fail": false,
              "pending": false,
              "context": null,
              "code": "cy.get('.pv-cookie__alert');",
              "err": {},
              "uuid": "91eab073-d05b-4a12-b3e8-fb43e54bc91f",
              "parentUUID": "6896e068-05b1-48d2-9f6c-dadf2da75703",
              "isHook": false,
              "skipped": false
            },
            {
              "title": "should have .com domain extension in feature section",
              "fullTitle": "Italian Pagevamp Landing page - index page should have .com domain extension in feature section",
              "timedOut": null,
              "duration": 23,
              "state": "passed",
              "speed": "fast",
              "pass": true,
              "fail": false,
              "pending": false,
              "context": null,
              "code": "cy.get('.pv-section .container .pv-cnt .pv-cnt__img .pvg-domain');",
              "err": {},
              "uuid": "92bbef1c-3892-41ec-9174-db4caa6e4e8b",
              "parentUUID": "6896e068-05b1-48d2-9f6c-dadf2da75703",
              "isHook": false,
              "skipped": false
            },
            {
              "title": "should have 14 Days Trial",
              "fullTitle": "Italian Pagevamp Landing page - index page should have 14 Days Trial",
              "timedOut": null,
              "duration": 27,
              "state": "passed",
              "speed": "fast",
              "pass": true,
              "fail": false,
              "pending": false,
              "context": null,
              "code": "cy.get('.pv-try .pv-title .pv-title__lead').contains(_pvHelper.default.getNormalPagevampTrial());",
              "err": {},
              "uuid": "4130380a-10bf-4cbd-b2e7-0996d75a167c",
              "parentUUID": "6896e068-05b1-48d2-9f6c-dadf2da75703",
              "isHook": false,
              "skipped": false
            },
            {
              "title": "should have €144+IVA yearly plan & €15+IVA monthly plan",
              "fullTitle": "Italian Pagevamp Landing page - index page should have €144+IVA yearly plan & €15+IVA monthly plan",
              "timedOut": null,
              "duration": 54,
              "state": "passed",
              "speed": "medium",
              "pass": true,
              "fail": false,
              "pending": false,
              "context": null,
              "code": "cy.get('.pv-section h2.plan-box__pricing').within(function () {\n  cy.contains(_pvHelper.default.getEuroCurrencySymbol());\n  cy.contains(_pvHelper.default.getItYearlyPrice());\n  cy.contains(_pvHelper.default.getItMonthlyPrice());\n  cy.contains(_pvHelper.default.getItIva());\n});",
              "err": {},
              "uuid": "fe6727b6-6bbe-4d59-8a9f-1fcafa1c98f2",
              "parentUUID": "6896e068-05b1-48d2-9f6c-dadf2da75703",
              "isHook": false,
              "skipped": false
            },
            {
              "title": "should have free domain for yearly and $15/year domain price for monthly plan",
              "fullTitle": "Italian Pagevamp Landing page - index page should have free domain for yearly and $15/year domain price for monthly plan",
              "timedOut": null,
              "duration": 65,
              "state": "passed",
              "speed": "medium",
              "pass": true,
              "fail": false,
              "pending": false,
              "context": null,
              "code": "cy.get('.pv-section .pv-cta__title').within(function () {\n  cy.contains(\"Include un dominio gratis\");\n  cy.contains(\"Il dominio è €15/anno\");\n});",
              "err": {},
              "uuid": "7ac62458-8edb-4f79-ad14-d2127c078ed3",
              "parentUUID": "6896e068-05b1-48d2-9f6c-dadf2da75703",
              "isHook": false,
              "skipped": false
            },
            {
              "title": "should have IT contact widget",
              "fullTitle": "Italian Pagevamp Landing page - index page should have IT contact widget",
              "timedOut": null,
              "duration": 34,
              "state": "passed",
              "speed": "fast",
              "pass": true,
              "fail": false,
              "pending": false,
              "context": null,
              "code": "cy.get('.pv-support .pv-support__title').within(function () {\n  cy.contains('800 929 200');\n  cy.contains('06 888 12168');\n});",
              "err": {},
              "uuid": "2370e3b3-6c4f-4150-b27b-f66f7749a2c2",
              "parentUUID": "6896e068-05b1-48d2-9f6c-dadf2da75703",
              "isHook": false,
              "skipped": false
            },
            {
              "title": "testing on ipad-2",
              "fullTitle": "Italian Pagevamp Landing page - index page testing on ipad-2",
              "timedOut": null,
              "duration": 13,
              "state": "passed",
              "speed": "fast",
              "pass": true,
              "fail": false,
              "pending": false,
              "context": null,
              "code": "",
              "err": {},
              "uuid": "284c84ef-2d0b-4423-b8e8-d567220c3b10",
              "parentUUID": "6896e068-05b1-48d2-9f6c-dadf2da75703",
              "isHook": false,
              "skipped": false
            },
            {
              "title": "should have cookie policy banner on top",
              "fullTitle": "Italian Pagevamp Landing page - index page should have cookie policy banner on top",
              "timedOut": null,
              "duration": 23,
              "state": "passed",
              "speed": "fast",
              "pass": true,
              "fail": false,
              "pending": false,
              "context": null,
              "code": "cy.get('.pv-cookie__alert');",
              "err": {},
              "uuid": "0117df1c-df72-46ad-8c23-87ef2386a44c",
              "parentUUID": "6896e068-05b1-48d2-9f6c-dadf2da75703",
              "isHook": false,
              "skipped": false
            },
            {
              "title": "should have .com domain extension in feature section",
              "fullTitle": "Italian Pagevamp Landing page - index page should have .com domain extension in feature section",
              "timedOut": null,
              "duration": 20,
              "state": "passed",
              "speed": "fast",
              "pass": true,
              "fail": false,
              "pending": false,
              "context": null,
              "code": "cy.get('.pv-section .container .pv-cnt .pv-cnt__img .pvg-domain');",
              "err": {},
              "uuid": "eb993aea-37ab-4920-960d-a976a959a4e7",
              "parentUUID": "6896e068-05b1-48d2-9f6c-dadf2da75703",
              "isHook": false,
              "skipped": false
            },
            {
              "title": "should have 14 Days Trial",
              "fullTitle": "Italian Pagevamp Landing page - index page should have 14 Days Trial",
              "timedOut": null,
              "duration": 20,
              "state": "passed",
              "speed": "fast",
              "pass": true,
              "fail": false,
              "pending": false,
              "context": null,
              "code": "cy.get('.pv-try .pv-title .pv-title__lead').contains(_pvHelper.default.getNormalPagevampTrial());",
              "err": {},
              "uuid": "3730e7ef-38fc-46c3-b845-f22681db6676",
              "parentUUID": "6896e068-05b1-48d2-9f6c-dadf2da75703",
              "isHook": false,
              "skipped": false
            },
            {
              "title": "should have €144+IVA yearly plan & €15+IVA monthly plan",
              "fullTitle": "Italian Pagevamp Landing page - index page should have €144+IVA yearly plan & €15+IVA monthly plan",
              "timedOut": null,
              "duration": 151,
              "state": "passed",
              "speed": "slow",
              "pass": true,
              "fail": false,
              "pending": false,
              "context": null,
              "code": "cy.get('.pv-section h2.plan-box__pricing').within(function () {\n  cy.contains(_pvHelper.default.getEuroCurrencySymbol());\n  cy.contains(_pvHelper.default.getItYearlyPrice());\n  cy.contains(_pvHelper.default.getItMonthlyPrice());\n  cy.contains(_pvHelper.default.getItIva());\n});",
              "err": {},
              "uuid": "f4275ef3-2824-4052-8923-2843c037f395",
              "parentUUID": "6896e068-05b1-48d2-9f6c-dadf2da75703",
              "isHook": false,
              "skipped": false
            },
            {
              "title": "should have free domain for yearly and $15/year domain price for monthly plan",
              "fullTitle": "Italian Pagevamp Landing page - index page should have free domain for yearly and $15/year domain price for monthly plan",
              "timedOut": null,
              "duration": 41,
              "state": "passed",
              "speed": "medium",
              "pass": true,
              "fail": false,
              "pending": false,
              "context": null,
              "code": "cy.get('.pv-section .pv-cta__title').within(function () {\n  cy.contains(\"Include un dominio gratis\");\n  cy.contains(\"Il dominio è €15/anno\");\n});",
              "err": {},
              "uuid": "4b6ae65b-fd8c-4fe9-9562-4da6288b65b4",
              "parentUUID": "6896e068-05b1-48d2-9f6c-dadf2da75703",
              "isHook": false,
              "skipped": false
            },
            {
              "title": "should have IT contact widget",
              "fullTitle": "Italian Pagevamp Landing page - index page should have IT contact widget",
              "timedOut": null,
              "duration": 21,
              "state": "passed",
              "speed": "fast",
              "pass": true,
              "fail": false,
              "pending": false,
              "context": null,
              "code": "cy.get('.pv-support .pv-support__title').within(function () {\n  cy.contains('800 929 200');\n  cy.contains('06 888 12168');\n});",
              "err": {},
              "uuid": "58094125-0f24-4d50-918c-46908592428b",
              "parentUUID": "6896e068-05b1-48d2-9f6c-dadf2da75703",
              "isHook": false,
              "skipped": false
            },
            {
              "title": "testing on iphone-4",
              "fullTitle": "Italian Pagevamp Landing page - index page testing on iphone-4",
              "timedOut": null,
              "duration": 14,
              "state": "passed",
              "speed": "fast",
              "pass": true,
              "fail": false,
              "pending": false,
              "context": null,
              "code": "",
              "err": {},
              "uuid": "198de4e3-14fa-4b9b-9a80-ceb6d8dec8c8",
              "parentUUID": "6896e068-05b1-48d2-9f6c-dadf2da75703",
              "isHook": false,
              "skipped": false
            },
            {
              "title": "should have cookie policy banner on top",
              "fullTitle": "Italian Pagevamp Landing page - index page should have cookie policy banner on top",
              "timedOut": null,
              "duration": 34,
              "state": "passed",
              "speed": "fast",
              "pass": true,
              "fail": false,
              "pending": false,
              "context": null,
              "code": "cy.get('.pv-cookie__alert');",
              "err": {},
              "uuid": "2dcaeb24-3541-4f2b-8373-743bf6b4fa6b",
              "parentUUID": "6896e068-05b1-48d2-9f6c-dadf2da75703",
              "isHook": false,
              "skipped": false
            },
            {
              "title": "should have .com domain extension in feature section",
              "fullTitle": "Italian Pagevamp Landing page - index page should have .com domain extension in feature section",
              "timedOut": null,
              "duration": 56,
              "state": "passed",
              "speed": "medium",
              "pass": true,
              "fail": false,
              "pending": false,
              "context": null,
              "code": "cy.get('.pv-section .container .pv-cnt .pv-cnt__img .pvg-domain');",
              "err": {},
              "uuid": "379c87b4-d12a-4432-ab56-038c2a6a84c2",
              "parentUUID": "6896e068-05b1-48d2-9f6c-dadf2da75703",
              "isHook": false,
              "skipped": false
            },
            {
              "title": "should have 14 Days Trial",
              "fullTitle": "Italian Pagevamp Landing page - index page should have 14 Days Trial",
              "timedOut": null,
              "duration": 46,
              "state": "passed",
              "speed": "medium",
              "pass": true,
              "fail": false,
              "pending": false,
              "context": null,
              "code": "cy.get('.pv-try .pv-title .pv-title__lead').contains(_pvHelper.default.getNormalPagevampTrial());",
              "err": {},
              "uuid": "a4e3d35c-27a7-4855-b3ed-73ea26dcbc9e",
              "parentUUID": "6896e068-05b1-48d2-9f6c-dadf2da75703",
              "isHook": false,
              "skipped": false
            },
            {
              "title": "should have €144+IVA yearly plan & €15+IVA monthly plan",
              "fullTitle": "Italian Pagevamp Landing page - index page should have €144+IVA yearly plan & €15+IVA monthly plan",
              "timedOut": null,
              "duration": 42,
              "state": "passed",
              "speed": "medium",
              "pass": true,
              "fail": false,
              "pending": false,
              "context": null,
              "code": "cy.get('.pv-section h2.plan-box__pricing').within(function () {\n  cy.contains(_pvHelper.default.getEuroCurrencySymbol());\n  cy.contains(_pvHelper.default.getItYearlyPrice());\n  cy.contains(_pvHelper.default.getItMonthlyPrice());\n  cy.contains(_pvHelper.default.getItIva());\n});",
              "err": {},
              "uuid": "462be004-a52e-4ec6-b0ae-f2c2a11b83b6",
              "parentUUID": "6896e068-05b1-48d2-9f6c-dadf2da75703",
              "isHook": false,
              "skipped": false
            },
            {
              "title": "should have free domain for yearly and $15/year domain price for monthly plan",
              "fullTitle": "Italian Pagevamp Landing page - index page should have free domain for yearly and $15/year domain price for monthly plan",
              "timedOut": null,
              "duration": 107,
              "state": "passed",
              "speed": "slow",
              "pass": true,
              "fail": false,
              "pending": false,
              "context": null,
              "code": "cy.get('.pv-section .pv-cta__title').within(function () {\n  cy.contains(\"Include un dominio gratis\");\n  cy.contains(\"Il dominio è €15/anno\");\n});",
              "err": {},
              "uuid": "d4f3defb-4a00-42f4-a00d-756683f921b9",
              "parentUUID": "6896e068-05b1-48d2-9f6c-dadf2da75703",
              "isHook": false,
              "skipped": false
            },
            {
              "title": "should have IT contact widget",
              "fullTitle": "Italian Pagevamp Landing page - index page should have IT contact widget",
              "timedOut": null,
              "duration": 17,
              "state": "passed",
              "speed": "fast",
              "pass": true,
              "fail": false,
              "pending": false,
              "context": null,
              "code": "cy.get('.pv-support .pv-support__title').within(function () {\n  cy.contains('800 929 200');\n  cy.contains('06 888 12168');\n});",
              "err": {},
              "uuid": "500643f5-4a24-4f8f-8bb7-7c05148b2dd5",
              "parentUUID": "6896e068-05b1-48d2-9f6c-dadf2da75703",
              "isHook": false,
              "skipped": false
            },
            {
              "title": "testing on 1500,1000",
              "fullTitle": "Italian Pagevamp Landing page - index page testing on 1500,1000",
              "timedOut": null,
              "duration": 18,
              "state": "passed",
              "speed": "fast",
              "pass": true,
              "fail": false,
              "pending": false,
              "context": null,
              "code": "",
              "err": {},
              "uuid": "4690d5b8-ac4e-446e-9e16-add5ebf96371",
              "parentUUID": "6896e068-05b1-48d2-9f6c-dadf2da75703",
              "isHook": false,
              "skipped": false
            },
            {
              "title": "should have cookie policy banner on top",
              "fullTitle": "Italian Pagevamp Landing page - index page should have cookie policy banner on top",
              "timedOut": null,
              "duration": 16,
              "state": "passed",
              "speed": "fast",
              "pass": true,
              "fail": false,
              "pending": false,
              "context": null,
              "code": "cy.get('.pv-cookie__alert');",
              "err": {},
              "uuid": "07254521-841c-44ec-aaed-44a7e36701e2",
              "parentUUID": "6896e068-05b1-48d2-9f6c-dadf2da75703",
              "isHook": false,
              "skipped": false
            },
            {
              "title": "should have .com domain extension in feature section",
              "fullTitle": "Italian Pagevamp Landing page - index page should have .com domain extension in feature section",
              "timedOut": null,
              "duration": 27,
              "state": "passed",
              "speed": "fast",
              "pass": true,
              "fail": false,
              "pending": false,
              "context": null,
              "code": "cy.get('.pv-section .container .pv-cnt .pv-cnt__img .pvg-domain');",
              "err": {},
              "uuid": "cf5594d2-2ed5-49bb-81ea-b641ee16bf8a",
              "parentUUID": "6896e068-05b1-48d2-9f6c-dadf2da75703",
              "isHook": false,
              "skipped": false
            },
            {
              "title": "should have 14 Days Trial",
              "fullTitle": "Italian Pagevamp Landing page - index page should have 14 Days Trial",
              "timedOut": null,
              "duration": 24,
              "state": "passed",
              "speed": "fast",
              "pass": true,
              "fail": false,
              "pending": false,
              "context": null,
              "code": "cy.get('.pv-try .pv-title .pv-title__lead').contains(_pvHelper.default.getNormalPagevampTrial());",
              "err": {},
              "uuid": "532d69a7-7964-458a-b566-aede9f299933",
              "parentUUID": "6896e068-05b1-48d2-9f6c-dadf2da75703",
              "isHook": false,
              "skipped": false
            },
            {
              "title": "should have €144+IVA yearly plan & €15+IVA monthly plan",
              "fullTitle": "Italian Pagevamp Landing page - index page should have €144+IVA yearly plan & €15+IVA monthly plan",
              "timedOut": null,
              "duration": 112,
              "state": "passed",
              "speed": "slow",
              "pass": true,
              "fail": false,
              "pending": false,
              "context": null,
              "code": "cy.get('.pv-section h2.plan-box__pricing').within(function () {\n  cy.contains(_pvHelper.default.getEuroCurrencySymbol());\n  cy.contains(_pvHelper.default.getItYearlyPrice());\n  cy.contains(_pvHelper.default.getItMonthlyPrice());\n  cy.contains(_pvHelper.default.getItIva());\n});",
              "err": {},
              "uuid": "52af49c6-4429-4ab1-8aac-9f4cbe417a38",
              "parentUUID": "6896e068-05b1-48d2-9f6c-dadf2da75703",
              "isHook": false,
              "skipped": false
            },
            {
              "title": "should have free domain for yearly and $15/year domain price for monthly plan",
              "fullTitle": "Italian Pagevamp Landing page - index page should have free domain for yearly and $15/year domain price for monthly plan",
              "timedOut": null,
              "duration": 50,
              "state": "passed",
              "speed": "medium",
              "pass": true,
              "fail": false,
              "pending": false,
              "context": null,
              "code": "cy.get('.pv-section .pv-cta__title').within(function () {\n  cy.contains(\"Include un dominio gratis\");\n  cy.contains(\"Il dominio è €15/anno\");\n});",
              "err": {},
              "uuid": "9bba4cdc-618c-425a-912f-2aad41f25821",
              "parentUUID": "6896e068-05b1-48d2-9f6c-dadf2da75703",
              "isHook": false,
              "skipped": false
            },
            {
              "title": "should have IT contact widget",
              "fullTitle": "Italian Pagevamp Landing page - index page should have IT contact widget",
              "timedOut": null,
              "duration": 30,
              "state": "passed",
              "speed": "fast",
              "pass": true,
              "fail": false,
              "pending": false,
              "context": null,
              "code": "cy.get('.pv-support .pv-support__title').within(function () {\n  cy.contains('800 929 200');\n  cy.contains('06 888 12168');\n});",
              "err": {},
              "uuid": "1318a897-3a72-48fc-bdb6-0d03f6bdec91",
              "parentUUID": "6896e068-05b1-48d2-9f6c-dadf2da75703",
              "isHook": false,
              "skipped": false
            }
          ],
          "suites": [],
          "passes": [
            "258e209c-7afa-4e76-87d5-890e41573b29",
            "91eab073-d05b-4a12-b3e8-fb43e54bc91f",
            "92bbef1c-3892-41ec-9174-db4caa6e4e8b",
            "4130380a-10bf-4cbd-b2e7-0996d75a167c",
            "fe6727b6-6bbe-4d59-8a9f-1fcafa1c98f2",
            "7ac62458-8edb-4f79-ad14-d2127c078ed3",
            "2370e3b3-6c4f-4150-b27b-f66f7749a2c2",
            "284c84ef-2d0b-4423-b8e8-d567220c3b10",
            "0117df1c-df72-46ad-8c23-87ef2386a44c",
            "eb993aea-37ab-4920-960d-a976a959a4e7",
            "3730e7ef-38fc-46c3-b845-f22681db6676",
            "f4275ef3-2824-4052-8923-2843c037f395",
            "4b6ae65b-fd8c-4fe9-9562-4da6288b65b4",
            "58094125-0f24-4d50-918c-46908592428b",
            "198de4e3-14fa-4b9b-9a80-ceb6d8dec8c8",
            "2dcaeb24-3541-4f2b-8373-743bf6b4fa6b",
            "379c87b4-d12a-4432-ab56-038c2a6a84c2",
            "a4e3d35c-27a7-4855-b3ed-73ea26dcbc9e",
            "462be004-a52e-4ec6-b0ae-f2c2a11b83b6",
            "d4f3defb-4a00-42f4-a00d-756683f921b9",
            "500643f5-4a24-4f8f-8bb7-7c05148b2dd5",
            "4690d5b8-ac4e-446e-9e16-add5ebf96371",
            "07254521-841c-44ec-aaed-44a7e36701e2",
            "cf5594d2-2ed5-49bb-81ea-b641ee16bf8a",
            "532d69a7-7964-458a-b566-aede9f299933",
            "52af49c6-4429-4ab1-8aac-9f4cbe417a38",
            "9bba4cdc-618c-425a-912f-2aad41f25821",
            "1318a897-3a72-48fc-bdb6-0d03f6bdec91"
          ],
          "failures": [],
          "pending": [],
          "skipped": [],
          "duration": 29908,
          "root": false,
          "rootEmpty": false,
          "_timeout": 2000
        },
        {
          "uuid": "a0851dab-eef7-48c5-9075-fd94e38a66eb",
          "title": "Italian Pagevamp landing page - pricing page",
          "fullFile": "",
          "file": "",
          "beforeHooks": [],
          "afterHooks": [],
          "tests": [
            {
              "title": "testing oniphone-6",
              "fullTitle": "Italian Pagevamp landing page - pricing page testing oniphone-6",
              "timedOut": null,
              "duration": 6590,
              "state": "passed",
              "speed": "slow",
              "pass": true,
              "fail": false,
              "pending": false,
              "context": null,
              "code": "",
              "err": {},
              "uuid": "7c8b2467-48c4-435d-97d5-7db8defc3533",
              "parentUUID": "a0851dab-eef7-48c5-9075-fd94e38a66eb",
              "isHook": false,
              "skipped": false
            },
            {
              "title": "should have €144+IVA yearly plan & €15+IVA monthly plan",
              "fullTitle": "Italian Pagevamp landing page - pricing page should have €144+IVA yearly plan & €15+IVA monthly plan",
              "timedOut": null,
              "duration": 169,
              "state": "passed",
              "speed": "slow",
              "pass": true,
              "fail": false,
              "pending": false,
              "context": null,
              "code": "cy.get('.pv-section h2.plan-box__pricing').within(function () {\n  cy.contains(_pvHelper.default.getEuroCurrencySymbol());\n  cy.contains(_pvHelper.default.getItYearlyPrice());\n  cy.contains(_pvHelper.default.getItMonthlyPrice());\n  cy.contains(_pvHelper.default.getItIva());\n});",
              "err": {},
              "uuid": "9eabcbcb-9a2a-4d5c-9995-ba579e6419ee",
              "parentUUID": "a0851dab-eef7-48c5-9075-fd94e38a66eb",
              "isHook": false,
              "skipped": false
            },
            {
              "title": "should have free domain for yearly and $15/year domain price for monthly plan",
              "fullTitle": "Italian Pagevamp landing page - pricing page should have free domain for yearly and $15/year domain price for monthly plan",
              "timedOut": null,
              "duration": 38,
              "state": "passed",
              "speed": "medium",
              "pass": true,
              "fail": false,
              "pending": false,
              "context": null,
              "code": "cy.get('.pv-section .plan-box .plan-box__list').within(function () {\n  cy.contains(\"Dominio personalizzato gratuito (.com, .net, .it o .org)\");\n  cy.contains(\"Il dominio è €15/anno\");\n});",
              "err": {},
              "uuid": "520896b3-bd3a-4d7c-a3a7-06fa17c59ece",
              "parentUUID": "a0851dab-eef7-48c5-9075-fd94e38a66eb",
              "isHook": false,
              "skipped": false
            },
            {
              "title": "testing onipad-2",
              "fullTitle": "Italian Pagevamp landing page - pricing page testing onipad-2",
              "timedOut": null,
              "duration": 79,
              "state": "passed",
              "speed": "slow",
              "pass": true,
              "fail": false,
              "pending": false,
              "context": null,
              "code": "",
              "err": {},
              "uuid": "0c2ea3d0-7e2b-4dc5-9934-01061c7921e3",
              "parentUUID": "a0851dab-eef7-48c5-9075-fd94e38a66eb",
              "isHook": false,
              "skipped": false
            },
            {
              "title": "should have €144+IVA yearly plan & €15+IVA monthly plan",
              "fullTitle": "Italian Pagevamp landing page - pricing page should have €144+IVA yearly plan & €15+IVA monthly plan",
              "timedOut": null,
              "duration": 39,
              "state": "passed",
              "speed": "medium",
              "pass": true,
              "fail": false,
              "pending": false,
              "context": null,
              "code": "cy.get('.pv-section h2.plan-box__pricing').within(function () {\n  cy.contains(_pvHelper.default.getEuroCurrencySymbol());\n  cy.contains(_pvHelper.default.getItYearlyPrice());\n  cy.contains(_pvHelper.default.getItMonthlyPrice());\n  cy.contains(_pvHelper.default.getItIva());\n});",
              "err": {},
              "uuid": "6022d88c-dfbe-453f-b337-d47e232f4f7e",
              "parentUUID": "a0851dab-eef7-48c5-9075-fd94e38a66eb",
              "isHook": false,
              "skipped": false
            },
            {
              "title": "should have free domain for yearly and $15/year domain price for monthly plan",
              "fullTitle": "Italian Pagevamp landing page - pricing page should have free domain for yearly and $15/year domain price for monthly plan",
              "timedOut": null,
              "duration": 34,
              "state": "passed",
              "speed": "fast",
              "pass": true,
              "fail": false,
              "pending": false,
              "context": null,
              "code": "cy.get('.pv-section .plan-box .plan-box__list').within(function () {\n  cy.contains(\"Dominio personalizzato gratuito (.com, .net, .it o .org)\");\n  cy.contains(\"Il dominio è €15/anno\");\n});",
              "err": {},
              "uuid": "e32fa07c-ecd9-4f4d-9cb8-56132406807c",
              "parentUUID": "a0851dab-eef7-48c5-9075-fd94e38a66eb",
              "isHook": false,
              "skipped": false
            },
            {
              "title": "testing oniphone-4",
              "fullTitle": "Italian Pagevamp landing page - pricing page testing oniphone-4",
              "timedOut": null,
              "duration": 7,
              "state": "passed",
              "speed": "fast",
              "pass": true,
              "fail": false,
              "pending": false,
              "context": null,
              "code": "",
              "err": {},
              "uuid": "3868c70c-1faf-4347-a284-389d668ebbfa",
              "parentUUID": "a0851dab-eef7-48c5-9075-fd94e38a66eb",
              "isHook": false,
              "skipped": false
            },
            {
              "title": "should have €144+IVA yearly plan & €15+IVA monthly plan",
              "fullTitle": "Italian Pagevamp landing page - pricing page should have €144+IVA yearly plan & €15+IVA monthly plan",
              "timedOut": null,
              "duration": 44,
              "state": "passed",
              "speed": "medium",
              "pass": true,
              "fail": false,
              "pending": false,
              "context": null,
              "code": "cy.get('.pv-section h2.plan-box__pricing').within(function () {\n  cy.contains(_pvHelper.default.getEuroCurrencySymbol());\n  cy.contains(_pvHelper.default.getItYearlyPrice());\n  cy.contains(_pvHelper.default.getItMonthlyPrice());\n  cy.contains(_pvHelper.default.getItIva());\n});",
              "err": {},
              "uuid": "f4657b22-1dd6-4db1-97c9-d0c7b44e8af0",
              "parentUUID": "a0851dab-eef7-48c5-9075-fd94e38a66eb",
              "isHook": false,
              "skipped": false
            },
            {
              "title": "should have free domain for yearly and $15/year domain price for monthly plan",
              "fullTitle": "Italian Pagevamp landing page - pricing page should have free domain for yearly and $15/year domain price for monthly plan",
              "timedOut": null,
              "duration": 138,
              "state": "passed",
              "speed": "slow",
              "pass": true,
              "fail": false,
              "pending": false,
              "context": null,
              "code": "cy.get('.pv-section .plan-box .plan-box__list').within(function () {\n  cy.contains(\"Dominio personalizzato gratuito (.com, .net, .it o .org)\");\n  cy.contains(\"Il dominio è €15/anno\");\n});",
              "err": {},
              "uuid": "5e42aae6-755b-4dde-8170-cdc2b8da0774",
              "parentUUID": "a0851dab-eef7-48c5-9075-fd94e38a66eb",
              "isHook": false,
              "skipped": false
            },
            {
              "title": "testing on1500,1000",
              "fullTitle": "Italian Pagevamp landing page - pricing page testing on1500,1000",
              "timedOut": null,
              "duration": 14,
              "state": "passed",
              "speed": "fast",
              "pass": true,
              "fail": false,
              "pending": false,
              "context": null,
              "code": "",
              "err": {},
              "uuid": "25792ede-b192-4dec-83bf-a7390a2f2750",
              "parentUUID": "a0851dab-eef7-48c5-9075-fd94e38a66eb",
              "isHook": false,
              "skipped": false
            },
            {
              "title": "should have €144+IVA yearly plan & €15+IVA monthly plan",
              "fullTitle": "Italian Pagevamp landing page - pricing page should have €144+IVA yearly plan & €15+IVA monthly plan",
              "timedOut": null,
              "duration": 44,
              "state": "passed",
              "speed": "medium",
              "pass": true,
              "fail": false,
              "pending": false,
              "context": null,
              "code": "cy.get('.pv-section h2.plan-box__pricing').within(function () {\n  cy.contains(_pvHelper.default.getEuroCurrencySymbol());\n  cy.contains(_pvHelper.default.getItYearlyPrice());\n  cy.contains(_pvHelper.default.getItMonthlyPrice());\n  cy.contains(_pvHelper.default.getItIva());\n});",
              "err": {},
              "uuid": "b8184174-fc0a-4df8-a5af-ace5ec661168",
              "parentUUID": "a0851dab-eef7-48c5-9075-fd94e38a66eb",
              "isHook": false,
              "skipped": false
            },
            {
              "title": "should have free domain for yearly and $15/year domain price for monthly plan",
              "fullTitle": "Italian Pagevamp landing page - pricing page should have free domain for yearly and $15/year domain price for monthly plan",
              "timedOut": null,
              "duration": 33,
              "state": "passed",
              "speed": "fast",
              "pass": true,
              "fail": false,
              "pending": false,
              "context": null,
              "code": "cy.get('.pv-section .plan-box .plan-box__list').within(function () {\n  cy.contains(\"Dominio personalizzato gratuito (.com, .net, .it o .org)\");\n  cy.contains(\"Il dominio è €15/anno\");\n});",
              "err": {},
              "uuid": "b52a6fd3-4d91-4a23-a18f-873b9a8b7bd1",
              "parentUUID": "a0851dab-eef7-48c5-9075-fd94e38a66eb",
              "isHook": false,
              "skipped": false
            }
          ],
          "suites": [],
          "passes": [
            "7c8b2467-48c4-435d-97d5-7db8defc3533",
            "9eabcbcb-9a2a-4d5c-9995-ba579e6419ee",
            "520896b3-bd3a-4d7c-a3a7-06fa17c59ece",
            "0c2ea3d0-7e2b-4dc5-9934-01061c7921e3",
            "6022d88c-dfbe-453f-b337-d47e232f4f7e",
            "e32fa07c-ecd9-4f4d-9cb8-56132406807c",
            "3868c70c-1faf-4347-a284-389d668ebbfa",
            "f4657b22-1dd6-4db1-97c9-d0c7b44e8af0",
            "5e42aae6-755b-4dde-8170-cdc2b8da0774",
            "25792ede-b192-4dec-83bf-a7390a2f2750",
            "b8184174-fc0a-4df8-a5af-ace5ec661168",
            "b52a6fd3-4d91-4a23-a18f-873b9a8b7bd1"
          ],
          "failures": [],
          "pending": [],
          "skipped": [],
          "duration": 7229,
          "root": false,
          "rootEmpty": false,
          "_timeout": 2000
        }
      ],
      "passes": [],
      "failures": [],
      "pending": [],
      "skipped": [],
      "duration": 0,
      "root": true,
      "rootEmpty": true,
      "_timeout": 2000
    }
  ],
  "meta": {
    "mocha": {
      "version": "5.2.0"
    },
    "mochawesome": {
      "options": {
        "quiet": false,
        "reportFilename": "mochawesome",
        "saveHtml": false,
        "saveJson": true,
        "consoleReporter": "spec",
        "useInlineDiffs": false
      },
      "version": "4.1.0"
    },
    "marge": {
      "options": {
        "reportDir": "cypress/reports",
        "overwrite": false,
        "html": false,
        "json": true
      },
      "version": "4.0.1"
    }
  }
}