{
  "stats": {
    "suites": 2,
    "tests": 36,
    "passes": 36,
    "pending": 0,
    "failures": 0,
    "start": "2019-12-12T15:25:32.030Z",
    "end": "2019-12-12T15:26:04.248Z",
    "duration": 32218,
    "testsRegistered": 36,
    "passPercent": 100,
    "pendingPercent": 0,
    "other": 0,
    "hasOther": false,
    "skipped": 0,
    "hasSkipped": false
  },
  "results": [
    {
      "uuid": "e7a63da3-620a-4175-9fc3-ad54690e71cd",
      "title": "",
      "fullFile": "",
      "file": "",
      "beforeHooks": [],
      "afterHooks": [],
      "tests": [],
      "suites": [
        {
          "uuid": "7ba25484-6530-49eb-a84b-75e459660e22",
          "title": "Pagevamp Landing page - index page",
          "fullFile": "",
          "file": "",
          "beforeHooks": [],
          "afterHooks": [],
          "tests": [
            {
              "title": "testing on iphone-6",
              "fullTitle": "Pagevamp Landing page - index page testing on iphone-6",
              "timedOut": null,
              "duration": 13760,
              "state": "passed",
              "speed": "slow",
              "pass": true,
              "fail": false,
              "pending": false,
              "context": null,
              "code": "",
              "err": {},
              "uuid": "c5644495-a308-4724-a058-88eaf18c8187",
              "parentUUID": "7ba25484-6530-49eb-a84b-75e459660e22",
              "isHook": false,
              "skipped": false
            },
            {
              "title": "should have .com domain extension in feature section",
              "fullTitle": "Pagevamp Landing page - index page should have .com domain extension in feature section",
              "timedOut": null,
              "duration": 209,
              "state": "passed",
              "speed": "slow",
              "pass": true,
              "fail": false,
              "pending": false,
              "context": null,
              "code": "cy.get('.pv-section .container .pv-cnt .pv-cnt__img .pvg-domain');",
              "err": {},
              "uuid": "6a581253-9c1b-4cb1-9d71-767a4894595f",
              "parentUUID": "7ba25484-6530-49eb-a84b-75e459660e22",
              "isHook": false,
              "skipped": false
            },
            {
              "title": "should have 14 Days Trial",
              "fullTitle": "Pagevamp Landing page - index page should have 14 Days Trial",
              "timedOut": null,
              "duration": 123,
              "state": "passed",
              "speed": "slow",
              "pass": true,
              "fail": false,
              "pending": false,
              "context": null,
              "code": "cy.get('.pv-try .pv-title .pv-title__lead').contains(_pvHelper.default.getNormalPagevampTrial());",
              "err": {},
              "uuid": "2729ca91-8a49-4d1d-ab48-871094f5a98e",
              "parentUUID": "7ba25484-6530-49eb-a84b-75e459660e22",
              "isHook": false,
              "skipped": false
            },
            {
              "title": "should have $12 yearly plan & $15 monthly plan",
              "fullTitle": "Pagevamp Landing page - index page should have $12 yearly plan & $15 monthly plan",
              "timedOut": null,
              "duration": 90,
              "state": "passed",
              "speed": "slow",
              "pass": true,
              "fail": false,
              "pending": false,
              "context": null,
              "code": "cy.get('.pv-section h2.plan-box__pricing').within(function () {\n  cy.contains(_pvHelper.default.getDollarCurrencySymbol());\n  cy.contains(_pvHelper.default.getUsYearlyPrice());\n  cy.contains(_pvHelper.default.getUsYearlyPrice());\n});",
              "err": {},
              "uuid": "3e1c014b-7add-42dd-9e73-bf010033cbe3",
              "parentUUID": "7ba25484-6530-49eb-a84b-75e459660e22",
              "isHook": false,
              "skipped": false
            },
            {
              "title": "should have free domain for yearly and $12/year domain price for monthly plan",
              "fullTitle": "Pagevamp Landing page - index page should have free domain for yearly and $12/year domain price for monthly plan",
              "timedOut": null,
              "duration": 288,
              "state": "passed",
              "speed": "slow",
              "pass": true,
              "fail": false,
              "pending": false,
              "context": null,
              "code": "cy.get('.pv-section .pv-cta__title').within(function () {\n  cy.contains(\"Includes a free domain\");\n  cy.contains(\"Domain is $12/year\");\n});",
              "err": {},
              "uuid": "a74e3645-4688-4fe8-95dd-6a1652f49356",
              "parentUUID": "7ba25484-6530-49eb-a84b-75e459660e22",
              "isHook": false,
              "skipped": false
            },
            {
              "title": "testing on ipad-2",
              "fullTitle": "Pagevamp Landing page - index page testing on ipad-2",
              "timedOut": null,
              "duration": 34,
              "state": "passed",
              "speed": "fast",
              "pass": true,
              "fail": false,
              "pending": false,
              "context": null,
              "code": "",
              "err": {},
              "uuid": "2b6881bb-d52e-44c2-a9b0-3e4fd438969b",
              "parentUUID": "7ba25484-6530-49eb-a84b-75e459660e22",
              "isHook": false,
              "skipped": false
            },
            {
              "title": "should have .com domain extension in feature section",
              "fullTitle": "Pagevamp Landing page - index page should have .com domain extension in feature section",
              "timedOut": null,
              "duration": 31,
              "state": "passed",
              "speed": "fast",
              "pass": true,
              "fail": false,
              "pending": false,
              "context": null,
              "code": "cy.get('.pv-section .container .pv-cnt .pv-cnt__img .pvg-domain');",
              "err": {},
              "uuid": "175b582f-60c4-4ebf-9949-f11ddedc06d5",
              "parentUUID": "7ba25484-6530-49eb-a84b-75e459660e22",
              "isHook": false,
              "skipped": false
            },
            {
              "title": "should have 14 Days Trial",
              "fullTitle": "Pagevamp Landing page - index page should have 14 Days Trial",
              "timedOut": null,
              "duration": 38,
              "state": "passed",
              "speed": "medium",
              "pass": true,
              "fail": false,
              "pending": false,
              "context": null,
              "code": "cy.get('.pv-try .pv-title .pv-title__lead').contains(_pvHelper.default.getNormalPagevampTrial());",
              "err": {},
              "uuid": "db08f5a9-7dd2-4c3d-9298-9dd63cb9c678",
              "parentUUID": "7ba25484-6530-49eb-a84b-75e459660e22",
              "isHook": false,
              "skipped": false
            },
            {
              "title": "should have $12 yearly plan & $15 monthly plan",
              "fullTitle": "Pagevamp Landing page - index page should have $12 yearly plan & $15 monthly plan",
              "timedOut": null,
              "duration": 131,
              "state": "passed",
              "speed": "slow",
              "pass": true,
              "fail": false,
              "pending": false,
              "context": null,
              "code": "cy.get('.pv-section h2.plan-box__pricing').within(function () {\n  cy.contains(_pvHelper.default.getDollarCurrencySymbol());\n  cy.contains(_pvHelper.default.getUsYearlyPrice());\n  cy.contains(_pvHelper.default.getUsYearlyPrice());\n});",
              "err": {},
              "uuid": "a65a1d50-a819-4da0-ba9b-996c736ad6e4",
              "parentUUID": "7ba25484-6530-49eb-a84b-75e459660e22",
              "isHook": false,
              "skipped": false
            },
            {
              "title": "should have free domain for yearly and $12/year domain price for monthly plan",
              "fullTitle": "Pagevamp Landing page - index page should have free domain for yearly and $12/year domain price for monthly plan",
              "timedOut": null,
              "duration": 59,
              "state": "passed",
              "speed": "medium",
              "pass": true,
              "fail": false,
              "pending": false,
              "context": null,
              "code": "cy.get('.pv-section .pv-cta__title').within(function () {\n  cy.contains(\"Includes a free domain\");\n  cy.contains(\"Domain is $12/year\");\n});",
              "err": {},
              "uuid": "e6797173-9a5d-4ff4-98c1-8f1788bec681",
              "parentUUID": "7ba25484-6530-49eb-a84b-75e459660e22",
              "isHook": false,
              "skipped": false
            },
            {
              "title": "testing on iphone-4",
              "fullTitle": "Pagevamp Landing page - index page testing on iphone-4",
              "timedOut": null,
              "duration": 22,
              "state": "passed",
              "speed": "fast",
              "pass": true,
              "fail": false,
              "pending": false,
              "context": null,
              "code": "",
              "err": {},
              "uuid": "f8eb4d31-c2ae-43bd-a430-854d189549c0",
              "parentUUID": "7ba25484-6530-49eb-a84b-75e459660e22",
              "isHook": false,
              "skipped": false
            },
            {
              "title": "should have .com domain extension in feature section",
              "fullTitle": "Pagevamp Landing page - index page should have .com domain extension in feature section",
              "timedOut": null,
              "duration": 32,
              "state": "passed",
              "speed": "fast",
              "pass": true,
              "fail": false,
              "pending": false,
              "context": null,
              "code": "cy.get('.pv-section .container .pv-cnt .pv-cnt__img .pvg-domain');",
              "err": {},
              "uuid": "f1d58261-b408-4d55-a91c-c50ccd7a1ab2",
              "parentUUID": "7ba25484-6530-49eb-a84b-75e459660e22",
              "isHook": false,
              "skipped": false
            },
            {
              "title": "should have 14 Days Trial",
              "fullTitle": "Pagevamp Landing page - index page should have 14 Days Trial",
              "timedOut": null,
              "duration": 49,
              "state": "passed",
              "speed": "medium",
              "pass": true,
              "fail": false,
              "pending": false,
              "context": null,
              "code": "cy.get('.pv-try .pv-title .pv-title__lead').contains(_pvHelper.default.getNormalPagevampTrial());",
              "err": {},
              "uuid": "3aca5f1c-4f43-4a2f-be1a-6259ec016f7e",
              "parentUUID": "7ba25484-6530-49eb-a84b-75e459660e22",
              "isHook": false,
              "skipped": false
            },
            {
              "title": "should have $12 yearly plan & $15 monthly plan",
              "fullTitle": "Pagevamp Landing page - index page should have $12 yearly plan & $15 monthly plan",
              "timedOut": null,
              "duration": 81,
              "state": "passed",
              "speed": "slow",
              "pass": true,
              "fail": false,
              "pending": false,
              "context": null,
              "code": "cy.get('.pv-section h2.plan-box__pricing').within(function () {\n  cy.contains(_pvHelper.default.getDollarCurrencySymbol());\n  cy.contains(_pvHelper.default.getUsYearlyPrice());\n  cy.contains(_pvHelper.default.getUsYearlyPrice());\n});",
              "err": {},
              "uuid": "992b8408-8647-40e0-a2db-f626bce4d756",
              "parentUUID": "7ba25484-6530-49eb-a84b-75e459660e22",
              "isHook": false,
              "skipped": false
            },
            {
              "title": "should have free domain for yearly and $12/year domain price for monthly plan",
              "fullTitle": "Pagevamp Landing page - index page should have free domain for yearly and $12/year domain price for monthly plan",
              "timedOut": null,
              "duration": 398,
              "state": "passed",
              "speed": "slow",
              "pass": true,
              "fail": false,
              "pending": false,
              "context": null,
              "code": "cy.get('.pv-section .pv-cta__title').within(function () {\n  cy.contains(\"Includes a free domain\");\n  cy.contains(\"Domain is $12/year\");\n});",
              "err": {},
              "uuid": "b9e2428b-e050-4d1e-b555-7c6a52901376",
              "parentUUID": "7ba25484-6530-49eb-a84b-75e459660e22",
              "isHook": false,
              "skipped": false
            },
            {
              "title": "testing on 1500,1000",
              "fullTitle": "Pagevamp Landing page - index page testing on 1500,1000",
              "timedOut": null,
              "duration": 113,
              "state": "passed",
              "speed": "slow",
              "pass": true,
              "fail": false,
              "pending": false,
              "context": null,
              "code": "",
              "err": {},
              "uuid": "9fbbf616-7e51-41e3-a1ad-54b702bfaa50",
              "parentUUID": "7ba25484-6530-49eb-a84b-75e459660e22",
              "isHook": false,
              "skipped": false
            },
            {
              "title": "should have .com domain extension in feature section",
              "fullTitle": "Pagevamp Landing page - index page should have .com domain extension in feature section",
              "timedOut": null,
              "duration": 140,
              "state": "passed",
              "speed": "slow",
              "pass": true,
              "fail": false,
              "pending": false,
              "context": null,
              "code": "cy.get('.pv-section .container .pv-cnt .pv-cnt__img .pvg-domain');",
              "err": {},
              "uuid": "f4c5b9fb-dce9-44e2-bb48-32bc04b69759",
              "parentUUID": "7ba25484-6530-49eb-a84b-75e459660e22",
              "isHook": false,
              "skipped": false
            },
            {
              "title": "should have 14 Days Trial",
              "fullTitle": "Pagevamp Landing page - index page should have 14 Days Trial",
              "timedOut": null,
              "duration": 276,
              "state": "passed",
              "speed": "slow",
              "pass": true,
              "fail": false,
              "pending": false,
              "context": null,
              "code": "cy.get('.pv-try .pv-title .pv-title__lead').contains(_pvHelper.default.getNormalPagevampTrial());",
              "err": {},
              "uuid": "7567fee1-5336-48db-ac3b-59b1c677c28a",
              "parentUUID": "7ba25484-6530-49eb-a84b-75e459660e22",
              "isHook": false,
              "skipped": false
            },
            {
              "title": "should have $12 yearly plan & $15 monthly plan",
              "fullTitle": "Pagevamp Landing page - index page should have $12 yearly plan & $15 monthly plan",
              "timedOut": null,
              "duration": 63,
              "state": "passed",
              "speed": "medium",
              "pass": true,
              "fail": false,
              "pending": false,
              "context": null,
              "code": "cy.get('.pv-section h2.plan-box__pricing').within(function () {\n  cy.contains(_pvHelper.default.getDollarCurrencySymbol());\n  cy.contains(_pvHelper.default.getUsYearlyPrice());\n  cy.contains(_pvHelper.default.getUsYearlyPrice());\n});",
              "err": {},
              "uuid": "4e49edee-87f4-4d9a-b3ed-1350ab2db7ca",
              "parentUUID": "7ba25484-6530-49eb-a84b-75e459660e22",
              "isHook": false,
              "skipped": false
            },
            {
              "title": "should have free domain for yearly and $12/year domain price for monthly plan",
              "fullTitle": "Pagevamp Landing page - index page should have free domain for yearly and $12/year domain price for monthly plan",
              "timedOut": null,
              "duration": 130,
              "state": "passed",
              "speed": "slow",
              "pass": true,
              "fail": false,
              "pending": false,
              "context": null,
              "code": "cy.get('.pv-section .pv-cta__title').within(function () {\n  cy.contains(\"Includes a free domain\");\n  cy.contains(\"Domain is $12/year\");\n});",
              "err": {},
              "uuid": "7347bb2f-cf6e-4764-b01c-10712b527b4f",
              "parentUUID": "7ba25484-6530-49eb-a84b-75e459660e22",
              "isHook": false,
              "skipped": false
            }
          ],
          "suites": [],
          "passes": [
            "c5644495-a308-4724-a058-88eaf18c8187",
            "6a581253-9c1b-4cb1-9d71-767a4894595f",
            "2729ca91-8a49-4d1d-ab48-871094f5a98e",
            "3e1c014b-7add-42dd-9e73-bf010033cbe3",
            "a74e3645-4688-4fe8-95dd-6a1652f49356",
            "2b6881bb-d52e-44c2-a9b0-3e4fd438969b",
            "175b582f-60c4-4ebf-9949-f11ddedc06d5",
            "db08f5a9-7dd2-4c3d-9298-9dd63cb9c678",
            "a65a1d50-a819-4da0-ba9b-996c736ad6e4",
            "e6797173-9a5d-4ff4-98c1-8f1788bec681",
            "f8eb4d31-c2ae-43bd-a430-854d189549c0",
            "f1d58261-b408-4d55-a91c-c50ccd7a1ab2",
            "3aca5f1c-4f43-4a2f-be1a-6259ec016f7e",
            "992b8408-8647-40e0-a2db-f626bce4d756",
            "b9e2428b-e050-4d1e-b555-7c6a52901376",
            "9fbbf616-7e51-41e3-a1ad-54b702bfaa50",
            "f4c5b9fb-dce9-44e2-bb48-32bc04b69759",
            "7567fee1-5336-48db-ac3b-59b1c677c28a",
            "4e49edee-87f4-4d9a-b3ed-1350ab2db7ca",
            "7347bb2f-cf6e-4764-b01c-10712b527b4f"
          ],
          "failures": [],
          "pending": [],
          "skipped": [],
          "duration": 16067,
          "root": false,
          "rootEmpty": false,
          "_timeout": 2000
        },
        {
          "uuid": "27178193-2672-473f-9262-0c2e50e00774",
          "title": "Pagevamp landing page - pricing page",
          "fullFile": "",
          "file": "",
          "beforeHooks": [],
          "afterHooks": [],
          "tests": [
            {
              "title": "testing oniphone-6",
              "fullTitle": "Pagevamp landing page - pricing page testing oniphone-6",
              "timedOut": null,
              "duration": 9474,
              "state": "passed",
              "speed": "slow",
              "pass": true,
              "fail": false,
              "pending": false,
              "context": null,
              "code": "",
              "err": {},
              "uuid": "0e1300b9-c664-4601-b882-04e6e80786f0",
              "parentUUID": "27178193-2672-473f-9262-0c2e50e00774",
              "isHook": false,
              "skipped": false
            },
            {
              "title": "should have 14 Days Trial",
              "fullTitle": "Pagevamp landing page - pricing page should have 14 Days Trial",
              "timedOut": null,
              "duration": 773,
              "state": "passed",
              "speed": "slow",
              "pass": true,
              "fail": false,
              "pending": false,
              "context": null,
              "code": "cy.get('.pv-section .pv-title').contains(_pvHelper.default.getNormalPagevampTrial());",
              "err": {},
              "uuid": "af3064bf-e665-4f82-be40-3282ddc8f6b1",
              "parentUUID": "27178193-2672-473f-9262-0c2e50e00774",
              "isHook": false,
              "skipped": false
            },
            {
              "title": "should have $12 yearly plan & $15 monthly plan",
              "fullTitle": "Pagevamp landing page - pricing page should have $12 yearly plan & $15 monthly plan",
              "timedOut": null,
              "duration": 213,
              "state": "passed",
              "speed": "slow",
              "pass": true,
              "fail": false,
              "pending": false,
              "context": null,
              "code": "cy.get('.pv-section h2.plan-box__pricing').within(function () {\n  cy.contains(_pvHelper.default.getDollarCurrencySymbol());\n  cy.contains(_pvHelper.default.getUsYearlyPrice());\n  cy.contains(_pvHelper.default.getUsYearlyPrice());\n});",
              "err": {},
              "uuid": "0f38d9b9-e175-4d17-bde1-aa1626a971f1",
              "parentUUID": "27178193-2672-473f-9262-0c2e50e00774",
              "isHook": false,
              "skipped": false
            },
            {
              "title": "should have free domain for yearly and $12/year domain price for monthly plan",
              "fullTitle": "Pagevamp landing page - pricing page should have free domain for yearly and $12/year domain price for monthly plan",
              "timedOut": null,
              "duration": 443,
              "state": "passed",
              "speed": "slow",
              "pass": true,
              "fail": false,
              "pending": false,
              "context": null,
              "code": "cy.get('.pv-section .plan-box .plan-box__list').within(function () {\n  cy.contains(\"Free custom domain (.com, .net or .org)\");\n  cy.contains(\"Domain is $12/year\");\n});",
              "err": {},
              "uuid": "f7b061ff-78e0-4f91-84d1-d485513c4463",
              "parentUUID": "27178193-2672-473f-9262-0c2e50e00774",
              "isHook": false,
              "skipped": false
            },
            {
              "title": "testing onipad-2",
              "fullTitle": "Pagevamp landing page - pricing page testing onipad-2",
              "timedOut": null,
              "duration": 72,
              "state": "passed",
              "speed": "medium",
              "pass": true,
              "fail": false,
              "pending": false,
              "context": null,
              "code": "",
              "err": {},
              "uuid": "46deb3d5-fe08-493c-97a9-64d28085ebcd",
              "parentUUID": "27178193-2672-473f-9262-0c2e50e00774",
              "isHook": false,
              "skipped": false
            },
            {
              "title": "should have 14 Days Trial",
              "fullTitle": "Pagevamp landing page - pricing page should have 14 Days Trial",
              "timedOut": null,
              "duration": 86,
              "state": "passed",
              "speed": "slow",
              "pass": true,
              "fail": false,
              "pending": false,
              "context": null,
              "code": "cy.get('.pv-section .pv-title').contains(_pvHelper.default.getNormalPagevampTrial());",
              "err": {},
              "uuid": "4783212d-e2af-4b24-99b4-2d1b2d2b68f1",
              "parentUUID": "27178193-2672-473f-9262-0c2e50e00774",
              "isHook": false,
              "skipped": false
            },
            {
              "title": "should have $12 yearly plan & $15 monthly plan",
              "fullTitle": "Pagevamp landing page - pricing page should have $12 yearly plan & $15 monthly plan",
              "timedOut": null,
              "duration": 363,
              "state": "passed",
              "speed": "slow",
              "pass": true,
              "fail": false,
              "pending": false,
              "context": null,
              "code": "cy.get('.pv-section h2.plan-box__pricing').within(function () {\n  cy.contains(_pvHelper.default.getDollarCurrencySymbol());\n  cy.contains(_pvHelper.default.getUsYearlyPrice());\n  cy.contains(_pvHelper.default.getUsYearlyPrice());\n});",
              "err": {},
              "uuid": "b3804df8-f2d0-4406-ae7f-8e7d0d4d9fbd",
              "parentUUID": "27178193-2672-473f-9262-0c2e50e00774",
              "isHook": false,
              "skipped": false
            },
            {
              "title": "should have free domain for yearly and $12/year domain price for monthly plan",
              "fullTitle": "Pagevamp landing page - pricing page should have free domain for yearly and $12/year domain price for monthly plan",
              "timedOut": null,
              "duration": 219,
              "state": "passed",
              "speed": "slow",
              "pass": true,
              "fail": false,
              "pending": false,
              "context": null,
              "code": "cy.get('.pv-section .plan-box .plan-box__list').within(function () {\n  cy.contains(\"Free custom domain (.com, .net or .org)\");\n  cy.contains(\"Domain is $12/year\");\n});",
              "err": {},
              "uuid": "e5ed97f2-e02e-461c-8d36-354b5e89cb99",
              "parentUUID": "27178193-2672-473f-9262-0c2e50e00774",
              "isHook": false,
              "skipped": false
            },
            {
              "title": "testing oniphone-4",
              "fullTitle": "Pagevamp landing page - pricing page testing oniphone-4",
              "timedOut": null,
              "duration": 65,
              "state": "passed",
              "speed": "medium",
              "pass": true,
              "fail": false,
              "pending": false,
              "context": null,
              "code": "",
              "err": {},
              "uuid": "a20b4224-493d-467c-9499-5cdfc0f3da02",
              "parentUUID": "27178193-2672-473f-9262-0c2e50e00774",
              "isHook": false,
              "skipped": false
            },
            {
              "title": "should have 14 Days Trial",
              "fullTitle": "Pagevamp landing page - pricing page should have 14 Days Trial",
              "timedOut": null,
              "duration": 105,
              "state": "passed",
              "speed": "slow",
              "pass": true,
              "fail": false,
              "pending": false,
              "context": null,
              "code": "cy.get('.pv-section .pv-title').contains(_pvHelper.default.getNormalPagevampTrial());",
              "err": {},
              "uuid": "d3f38384-174b-4b34-aa3c-5c098bb77825",
              "parentUUID": "27178193-2672-473f-9262-0c2e50e00774",
              "isHook": false,
              "skipped": false
            },
            {
              "title": "should have $12 yearly plan & $15 monthly plan",
              "fullTitle": "Pagevamp landing page - pricing page should have $12 yearly plan & $15 monthly plan",
              "timedOut": null,
              "duration": 299,
              "state": "passed",
              "speed": "slow",
              "pass": true,
              "fail": false,
              "pending": false,
              "context": null,
              "code": "cy.get('.pv-section h2.plan-box__pricing').within(function () {\n  cy.contains(_pvHelper.default.getDollarCurrencySymbol());\n  cy.contains(_pvHelper.default.getUsYearlyPrice());\n  cy.contains(_pvHelper.default.getUsYearlyPrice());\n});",
              "err": {},
              "uuid": "9c694760-ac68-4df3-966a-e01908201e90",
              "parentUUID": "27178193-2672-473f-9262-0c2e50e00774",
              "isHook": false,
              "skipped": false
            },
            {
              "title": "should have free domain for yearly and $12/year domain price for monthly plan",
              "fullTitle": "Pagevamp landing page - pricing page should have free domain for yearly and $12/year domain price for monthly plan",
              "timedOut": null,
              "duration": 150,
              "state": "passed",
              "speed": "slow",
              "pass": true,
              "fail": false,
              "pending": false,
              "context": null,
              "code": "cy.get('.pv-section .plan-box .plan-box__list').within(function () {\n  cy.contains(\"Free custom domain (.com, .net or .org)\");\n  cy.contains(\"Domain is $12/year\");\n});",
              "err": {},
              "uuid": "d68acee4-9645-4ac1-b5ec-366ce734c71a",
              "parentUUID": "27178193-2672-473f-9262-0c2e50e00774",
              "isHook": false,
              "skipped": false
            },
            {
              "title": "testing on1500,1000",
              "fullTitle": "Pagevamp landing page - pricing page testing on1500,1000",
              "timedOut": null,
              "duration": 72,
              "state": "passed",
              "speed": "medium",
              "pass": true,
              "fail": false,
              "pending": false,
              "context": null,
              "code": "",
              "err": {},
              "uuid": "f87a366a-b0c4-4974-888a-7aec387bf46f",
              "parentUUID": "27178193-2672-473f-9262-0c2e50e00774",
              "isHook": false,
              "skipped": false
            },
            {
              "title": "should have 14 Days Trial",
              "fullTitle": "Pagevamp landing page - pricing page should have 14 Days Trial",
              "timedOut": null,
              "duration": 85,
              "state": "passed",
              "speed": "slow",
              "pass": true,
              "fail": false,
              "pending": false,
              "context": null,
              "code": "cy.get('.pv-section .pv-title').contains(_pvHelper.default.getNormalPagevampTrial());",
              "err": {},
              "uuid": "8db17aab-8db2-486f-8192-f629ab510c3d",
              "parentUUID": "27178193-2672-473f-9262-0c2e50e00774",
              "isHook": false,
              "skipped": false
            },
            {
              "title": "should have $12 yearly plan & $15 monthly plan",
              "fullTitle": "Pagevamp landing page - pricing page should have $12 yearly plan & $15 monthly plan",
              "timedOut": null,
              "duration": 165,
              "state": "passed",
              "speed": "slow",
              "pass": true,
              "fail": false,
              "pending": false,
              "context": null,
              "code": "cy.get('.pv-section h2.plan-box__pricing').within(function () {\n  cy.contains(_pvHelper.default.getDollarCurrencySymbol());\n  cy.contains(_pvHelper.default.getUsYearlyPrice());\n  cy.contains(_pvHelper.default.getUsYearlyPrice());\n});",
              "err": {},
              "uuid": "a8f4d08c-ac68-4513-94ae-b8c81917d94e",
              "parentUUID": "27178193-2672-473f-9262-0c2e50e00774",
              "isHook": false,
              "skipped": false
            },
            {
              "title": "should have free domain for yearly and $12/year domain price for monthly plan",
              "fullTitle": "Pagevamp landing page - pricing page should have free domain for yearly and $12/year domain price for monthly plan",
              "timedOut": null,
              "duration": 340,
              "state": "passed",
              "speed": "slow",
              "pass": true,
              "fail": false,
              "pending": false,
              "context": null,
              "code": "cy.get('.pv-section .plan-box .plan-box__list').within(function () {\n  cy.contains(\"Free custom domain (.com, .net or .org)\");\n  cy.contains(\"Domain is $12/year\");\n});",
              "err": {},
              "uuid": "935194bc-b671-47a8-952f-d353935bb644",
              "parentUUID": "27178193-2672-473f-9262-0c2e50e00774",
              "isHook": false,
              "skipped": false
            }
          ],
          "suites": [],
          "passes": [
            "0e1300b9-c664-4601-b882-04e6e80786f0",
            "af3064bf-e665-4f82-be40-3282ddc8f6b1",
            "0f38d9b9-e175-4d17-bde1-aa1626a971f1",
            "f7b061ff-78e0-4f91-84d1-d485513c4463",
            "46deb3d5-fe08-493c-97a9-64d28085ebcd",
            "4783212d-e2af-4b24-99b4-2d1b2d2b68f1",
            "b3804df8-f2d0-4406-ae7f-8e7d0d4d9fbd",
            "e5ed97f2-e02e-461c-8d36-354b5e89cb99",
            "a20b4224-493d-467c-9499-5cdfc0f3da02",
            "d3f38384-174b-4b34-aa3c-5c098bb77825",
            "9c694760-ac68-4df3-966a-e01908201e90",
            "d68acee4-9645-4ac1-b5ec-366ce734c71a",
            "f87a366a-b0c4-4974-888a-7aec387bf46f",
            "8db17aab-8db2-486f-8192-f629ab510c3d",
            "a8f4d08c-ac68-4513-94ae-b8c81917d94e",
            "935194bc-b671-47a8-952f-d353935bb644"
          ],
          "failures": [],
          "pending": [],
          "skipped": [],
          "duration": 12924,
          "root": false,
          "rootEmpty": false,
          "_timeout": 2000
        }
      ],
      "passes": [],
      "failures": [],
      "pending": [],
      "skipped": [],
      "duration": 0,
      "root": true,
      "rootEmpty": true,
      "_timeout": 2000
    }
  ],
  "meta": {
    "mocha": {
      "version": "5.2.0"
    },
    "mochawesome": {
      "options": {
        "quiet": false,
        "reportFilename": "mochawesome",
        "saveHtml": false,
        "saveJson": true,
        "consoleReporter": "spec",
        "useInlineDiffs": false
      },
      "version": "4.1.0"
    },
    "marge": {
      "options": {
        "reportDir": "cypress/reports",
        "overwrite": false,
        "html": false,
        "json": true
      },
      "version": "4.0.1"
    }
  }
}