{
  "stats": {
    "suites": 2,
    "tests": 40,
    "passes": 40,
    "pending": 0,
    "failures": 0,
    "start": "2019-12-12T15:20:29.821Z",
    "end": "2019-12-12T15:20:47.239Z",
    "duration": 17418,
    "testsRegistered": 40,
    "passPercent": 100,
    "pendingPercent": 0,
    "other": 0,
    "hasOther": false,
    "skipped": 0,
    "hasSkipped": false
  },
  "results": [
    {
      "uuid": "7258ed0c-f3aa-4b54-8640-c62271724726",
      "title": "",
      "fullFile": "",
      "file": "",
      "beforeHooks": [],
      "afterHooks": [],
      "tests": [],
      "suites": [
        {
          "uuid": "c5d68027-c2e4-4658-9c26-2d0770ec9b3c",
          "title": "Verisign Campaign Testflow 1 - Pricing page for Indonesia",
          "fullFile": "",
          "file": "",
          "beforeHooks": [],
          "afterHooks": [],
          "tests": [
            {
              "title": "testing on iphone-6",
              "fullTitle": "Verisign Campaign Testflow 1 - Pricing page for Indonesia testing on iphone-6",
              "timedOut": null,
              "duration": 7546,
              "state": "passed",
              "speed": "slow",
              "pass": true,
              "fail": false,
              "pending": false,
              "context": null,
              "code": "",
              "err": {},
              "uuid": "669cbe7d-48da-43db-b8cb-f9deb5355172",
              "parentUUID": "c5d68027-c2e4-4658-9c26-2d0770ec9b3c",
              "isHook": false,
              "skipped": false
            },
            {
              "title": "should have 5 Days Trial",
              "fullTitle": "Verisign Campaign Testflow 1 - Pricing page for Indonesia should have 5 Days Trial",
              "timedOut": null,
              "duration": 232,
              "state": "passed",
              "speed": "slow",
              "pass": true,
              "fail": false,
              "pending": false,
              "context": null,
              "code": "cy.get('.pv-section h1.pv-title').contains(_verisignHelper.default.getVerisignTrial());",
              "err": {},
              "uuid": "505a23f0-bf5e-4d0f-86eb-90bc39c9ebc3",
              "parentUUID": "c5d68027-c2e4-4658-9c26-2d0770ec9b3c",
              "isHook": false,
              "skipped": false
            },
            {
              "title": "should have .com, .net, .org or .cc domain extensions",
              "fullTitle": "Verisign Campaign Testflow 1 - Pricing page for Indonesia should have .com, .net, .org or .cc domain extensions",
              "timedOut": null,
              "duration": 109,
              "state": "passed",
              "speed": "slow",
              "pass": true,
              "fail": false,
              "pending": false,
              "context": null,
              "code": "cy.get('.pv-section .plan-box .plan-box__list').within(function () {\n  cy.contains(\".com\");\n  cy.contains(\".net\");\n  cy.contains(\".org\");\n  cy.contains(\".cc\");\n});",
              "err": {},
              "uuid": "49ef6306-8944-45b6-9a40-caedad3adbfc",
              "parentUUID": "c5d68027-c2e4-4658-9c26-2d0770ec9b3c",
              "isHook": false,
              "skipped": false
            },
            {
              "title": "should have promotional 73% discount on Rp 2.041.333 / tahun in pricing box",
              "fullTitle": "Verisign Campaign Testflow 1 - Pricing page for Indonesia should have promotional 73% discount on Rp 2.041.333 / tahun in pricing box",
              "timedOut": null,
              "duration": 41,
              "state": "passed",
              "speed": "medium",
              "pass": true,
              "fail": false,
              "pending": false,
              "context": null,
              "code": "cy.get('.pv-section .plan-box h2.plan-box__promotion').within(function () {\n  cy.contains('PROMOSI');\n  cy.contains('diskon 73% di');\n  cy.contains(_verisignHelper.default.getPagevampPriceForIndonesia());\n});",
              "err": {},
              "uuid": "7019eb5f-9d20-40fe-8a7a-d51409aeb962",
              "parentUUID": "c5d68027-c2e4-4658-9c26-2d0770ec9b3c",
              "isHook": false,
              "skipped": false
            },
            {
              "title": "should display price IDRRp551.160",
              "fullTitle": "Verisign Campaign Testflow 1 - Pricing page for Indonesia should display price IDRRp551.160",
              "timedOut": null,
              "duration": 37,
              "state": "passed",
              "speed": "fast",
              "pass": true,
              "fail": false,
              "pending": false,
              "context": null,
              "code": "cy.get('.pv-section .plan-box h2.plan-box__pricing').within(function () {\n  cy.contains(_verisignHelper.default.getIndonesianPricingCountryCode());\n  cy.contains(_verisignHelper.default.getIndonesianCurrencySymbol());\n  cy.contains(_verisignHelper.default.getIndonesianCampaignPrice());\n});",
              "err": {},
              "uuid": "017370cf-93e1-4b19-975a-fc21c6ee83f5",
              "parentUUID": "c5d68027-c2e4-4658-9c26-2d0770ec9b3c",
              "isHook": false,
              "skipped": false
            },
            {
              "title": "testing on ipad-2",
              "fullTitle": "Verisign Campaign Testflow 1 - Pricing page for Indonesia testing on ipad-2",
              "timedOut": null,
              "duration": 22,
              "state": "passed",
              "speed": "fast",
              "pass": true,
              "fail": false,
              "pending": false,
              "context": null,
              "code": "",
              "err": {},
              "uuid": "b626369f-560b-4338-891f-f42555ff881c",
              "parentUUID": "c5d68027-c2e4-4658-9c26-2d0770ec9b3c",
              "isHook": false,
              "skipped": false
            },
            {
              "title": "should have 5 Days Trial",
              "fullTitle": "Verisign Campaign Testflow 1 - Pricing page for Indonesia should have 5 Days Trial",
              "timedOut": null,
              "duration": 67,
              "state": "passed",
              "speed": "medium",
              "pass": true,
              "fail": false,
              "pending": false,
              "context": null,
              "code": "cy.get('.pv-section h1.pv-title').contains(_verisignHelper.default.getVerisignTrial());",
              "err": {},
              "uuid": "fe7ddc73-5fe1-4c86-ac97-46c416476cc2",
              "parentUUID": "c5d68027-c2e4-4658-9c26-2d0770ec9b3c",
              "isHook": false,
              "skipped": false
            },
            {
              "title": "should have .com, .net, .org or .cc domain extensions",
              "fullTitle": "Verisign Campaign Testflow 1 - Pricing page for Indonesia should have .com, .net, .org or .cc domain extensions",
              "timedOut": null,
              "duration": 220,
              "state": "passed",
              "speed": "slow",
              "pass": true,
              "fail": false,
              "pending": false,
              "context": null,
              "code": "cy.get('.pv-section .plan-box .plan-box__list').within(function () {\n  cy.contains(\".com\");\n  cy.contains(\".net\");\n  cy.contains(\".org\");\n  cy.contains(\".cc\");\n});",
              "err": {},
              "uuid": "60b10bb1-0ec9-4496-94f9-67ea2923eeef",
              "parentUUID": "c5d68027-c2e4-4658-9c26-2d0770ec9b3c",
              "isHook": false,
              "skipped": false
            },
            {
              "title": "should have promotional 73% discount on Rp 2.041.333 / tahun in pricing box",
              "fullTitle": "Verisign Campaign Testflow 1 - Pricing page for Indonesia should have promotional 73% discount on Rp 2.041.333 / tahun in pricing box",
              "timedOut": null,
              "duration": 142,
              "state": "passed",
              "speed": "slow",
              "pass": true,
              "fail": false,
              "pending": false,
              "context": null,
              "code": "cy.get('.pv-section .plan-box h2.plan-box__promotion').within(function () {\n  cy.contains('PROMOSI');\n  cy.contains('diskon 73% di');\n  cy.contains(_verisignHelper.default.getPagevampPriceForIndonesia());\n});",
              "err": {},
              "uuid": "f7f2bab2-d7e1-497e-94d7-b2d4d449c4d0",
              "parentUUID": "c5d68027-c2e4-4658-9c26-2d0770ec9b3c",
              "isHook": false,
              "skipped": false
            },
            {
              "title": "should display price IDRRp551.160",
              "fullTitle": "Verisign Campaign Testflow 1 - Pricing page for Indonesia should display price IDRRp551.160",
              "timedOut": null,
              "duration": 72,
              "state": "passed",
              "speed": "medium",
              "pass": true,
              "fail": false,
              "pending": false,
              "context": null,
              "code": "cy.get('.pv-section .plan-box h2.plan-box__pricing').within(function () {\n  cy.contains(_verisignHelper.default.getIndonesianPricingCountryCode());\n  cy.contains(_verisignHelper.default.getIndonesianCurrencySymbol());\n  cy.contains(_verisignHelper.default.getIndonesianCampaignPrice());\n});",
              "err": {},
              "uuid": "878b0093-3abf-4dc3-8b6d-9e414f88597a",
              "parentUUID": "c5d68027-c2e4-4658-9c26-2d0770ec9b3c",
              "isHook": false,
              "skipped": false
            },
            {
              "title": "testing on iphone-4",
              "fullTitle": "Verisign Campaign Testflow 1 - Pricing page for Indonesia testing on iphone-4",
              "timedOut": null,
              "duration": 24,
              "state": "passed",
              "speed": "fast",
              "pass": true,
              "fail": false,
              "pending": false,
              "context": null,
              "code": "",
              "err": {},
              "uuid": "35bf912c-8735-47ca-9626-b252f8fa0768",
              "parentUUID": "c5d68027-c2e4-4658-9c26-2d0770ec9b3c",
              "isHook": false,
              "skipped": false
            },
            {
              "title": "should have 5 Days Trial",
              "fullTitle": "Verisign Campaign Testflow 1 - Pricing page for Indonesia should have 5 Days Trial",
              "timedOut": null,
              "duration": 34,
              "state": "passed",
              "speed": "fast",
              "pass": true,
              "fail": false,
              "pending": false,
              "context": null,
              "code": "cy.get('.pv-section h1.pv-title').contains(_verisignHelper.default.getVerisignTrial());",
              "err": {},
              "uuid": "93cbab9a-1a4b-40ed-afb4-cd1193fdd1bb",
              "parentUUID": "c5d68027-c2e4-4658-9c26-2d0770ec9b3c",
              "isHook": false,
              "skipped": false
            },
            {
              "title": "should have .com, .net, .org or .cc domain extensions",
              "fullTitle": "Verisign Campaign Testflow 1 - Pricing page for Indonesia should have .com, .net, .org or .cc domain extensions",
              "timedOut": null,
              "duration": 85,
              "state": "passed",
              "speed": "slow",
              "pass": true,
              "fail": false,
              "pending": false,
              "context": null,
              "code": "cy.get('.pv-section .plan-box .plan-box__list').within(function () {\n  cy.contains(\".com\");\n  cy.contains(\".net\");\n  cy.contains(\".org\");\n  cy.contains(\".cc\");\n});",
              "err": {},
              "uuid": "a4686f5e-c5cb-43e8-906f-1d89167d3404",
              "parentUUID": "c5d68027-c2e4-4658-9c26-2d0770ec9b3c",
              "isHook": false,
              "skipped": false
            },
            {
              "title": "should have promotional 73% discount on Rp 2.041.333 / tahun in pricing box",
              "fullTitle": "Verisign Campaign Testflow 1 - Pricing page for Indonesia should have promotional 73% discount on Rp 2.041.333 / tahun in pricing box",
              "timedOut": null,
              "duration": 92,
              "state": "passed",
              "speed": "slow",
              "pass": true,
              "fail": false,
              "pending": false,
              "context": null,
              "code": "cy.get('.pv-section .plan-box h2.plan-box__promotion').within(function () {\n  cy.contains('PROMOSI');\n  cy.contains('diskon 73% di');\n  cy.contains(_verisignHelper.default.getPagevampPriceForIndonesia());\n});",
              "err": {},
              "uuid": "e16611e8-6db3-4471-bb9a-f013524f3218",
              "parentUUID": "c5d68027-c2e4-4658-9c26-2d0770ec9b3c",
              "isHook": false,
              "skipped": false
            },
            {
              "title": "should display price IDRRp551.160",
              "fullTitle": "Verisign Campaign Testflow 1 - Pricing page for Indonesia should display price IDRRp551.160",
              "timedOut": null,
              "duration": 60,
              "state": "passed",
              "speed": "medium",
              "pass": true,
              "fail": false,
              "pending": false,
              "context": null,
              "code": "cy.get('.pv-section .plan-box h2.plan-box__pricing').within(function () {\n  cy.contains(_verisignHelper.default.getIndonesianPricingCountryCode());\n  cy.contains(_verisignHelper.default.getIndonesianCurrencySymbol());\n  cy.contains(_verisignHelper.default.getIndonesianCampaignPrice());\n});",
              "err": {},
              "uuid": "7457c1c2-b605-472e-b2b8-31a2dc5ae75d",
              "parentUUID": "c5d68027-c2e4-4658-9c26-2d0770ec9b3c",
              "isHook": false,
              "skipped": false
            },
            {
              "title": "testing on 1500,1000",
              "fullTitle": "Verisign Campaign Testflow 1 - Pricing page for Indonesia testing on 1500,1000",
              "timedOut": null,
              "duration": 28,
              "state": "passed",
              "speed": "fast",
              "pass": true,
              "fail": false,
              "pending": false,
              "context": null,
              "code": "",
              "err": {},
              "uuid": "883c0ac0-ba30-4654-9acb-604dd76c69b4",
              "parentUUID": "c5d68027-c2e4-4658-9c26-2d0770ec9b3c",
              "isHook": false,
              "skipped": false
            },
            {
              "title": "should have 5 Days Trial",
              "fullTitle": "Verisign Campaign Testflow 1 - Pricing page for Indonesia should have 5 Days Trial",
              "timedOut": null,
              "duration": 97,
              "state": "passed",
              "speed": "slow",
              "pass": true,
              "fail": false,
              "pending": false,
              "context": null,
              "code": "cy.get('.pv-section h1.pv-title').contains(_verisignHelper.default.getVerisignTrial());",
              "err": {},
              "uuid": "ee96eca3-9944-4c86-8299-11e23ae2a58d",
              "parentUUID": "c5d68027-c2e4-4658-9c26-2d0770ec9b3c",
              "isHook": false,
              "skipped": false
            },
            {
              "title": "should have .com, .net, .org or .cc domain extensions",
              "fullTitle": "Verisign Campaign Testflow 1 - Pricing page for Indonesia should have .com, .net, .org or .cc domain extensions",
              "timedOut": null,
              "duration": 52,
              "state": "passed",
              "speed": "medium",
              "pass": true,
              "fail": false,
              "pending": false,
              "context": null,
              "code": "cy.get('.pv-section .plan-box .plan-box__list').within(function () {\n  cy.contains(\".com\");\n  cy.contains(\".net\");\n  cy.contains(\".org\");\n  cy.contains(\".cc\");\n});",
              "err": {},
              "uuid": "ab6cc220-bf00-4934-8664-2dfbb61040a9",
              "parentUUID": "c5d68027-c2e4-4658-9c26-2d0770ec9b3c",
              "isHook": false,
              "skipped": false
            },
            {
              "title": "should have promotional 73% discount on Rp 2.041.333 / tahun in pricing box",
              "fullTitle": "Verisign Campaign Testflow 1 - Pricing page for Indonesia should have promotional 73% discount on Rp 2.041.333 / tahun in pricing box",
              "timedOut": null,
              "duration": 60,
              "state": "passed",
              "speed": "medium",
              "pass": true,
              "fail": false,
              "pending": false,
              "context": null,
              "code": "cy.get('.pv-section .plan-box h2.plan-box__promotion').within(function () {\n  cy.contains('PROMOSI');\n  cy.contains('diskon 73% di');\n  cy.contains(_verisignHelper.default.getPagevampPriceForIndonesia());\n});",
              "err": {},
              "uuid": "ef30d9bb-960d-4ad3-9a1a-e1b623f445c5",
              "parentUUID": "c5d68027-c2e4-4658-9c26-2d0770ec9b3c",
              "isHook": false,
              "skipped": false
            },
            {
              "title": "should display price IDRRp551.160",
              "fullTitle": "Verisign Campaign Testflow 1 - Pricing page for Indonesia should display price IDRRp551.160",
              "timedOut": null,
              "duration": 34,
              "state": "passed",
              "speed": "fast",
              "pass": true,
              "fail": false,
              "pending": false,
              "context": null,
              "code": "cy.get('.pv-section .plan-box h2.plan-box__pricing').within(function () {\n  cy.contains(_verisignHelper.default.getIndonesianPricingCountryCode());\n  cy.contains(_verisignHelper.default.getIndonesianCurrencySymbol());\n  cy.contains(_verisignHelper.default.getIndonesianCampaignPrice());\n});",
              "err": {},
              "uuid": "2fb31aa8-6530-4d27-ab3c-1d8eeacb5d6b",
              "parentUUID": "c5d68027-c2e4-4658-9c26-2d0770ec9b3c",
              "isHook": false,
              "skipped": false
            }
          ],
          "suites": [],
          "passes": [
            "669cbe7d-48da-43db-b8cb-f9deb5355172",
            "505a23f0-bf5e-4d0f-86eb-90bc39c9ebc3",
            "49ef6306-8944-45b6-9a40-caedad3adbfc",
            "7019eb5f-9d20-40fe-8a7a-d51409aeb962",
            "017370cf-93e1-4b19-975a-fc21c6ee83f5",
            "b626369f-560b-4338-891f-f42555ff881c",
            "fe7ddc73-5fe1-4c86-ac97-46c416476cc2",
            "60b10bb1-0ec9-4496-94f9-67ea2923eeef",
            "f7f2bab2-d7e1-497e-94d7-b2d4d449c4d0",
            "878b0093-3abf-4dc3-8b6d-9e414f88597a",
            "35bf912c-8735-47ca-9626-b252f8fa0768",
            "93cbab9a-1a4b-40ed-afb4-cd1193fdd1bb",
            "a4686f5e-c5cb-43e8-906f-1d89167d3404",
            "e16611e8-6db3-4471-bb9a-f013524f3218",
            "7457c1c2-b605-472e-b2b8-31a2dc5ae75d",
            "883c0ac0-ba30-4654-9acb-604dd76c69b4",
            "ee96eca3-9944-4c86-8299-11e23ae2a58d",
            "ab6cc220-bf00-4934-8664-2dfbb61040a9",
            "ef30d9bb-960d-4ad3-9a1a-e1b623f445c5",
            "2fb31aa8-6530-4d27-ab3c-1d8eeacb5d6b"
          ],
          "failures": [],
          "pending": [],
          "skipped": [],
          "duration": 9054,
          "root": false,
          "rootEmpty": false,
          "_timeout": 2000
        },
        {
          "uuid": "797b64ce-8722-48d5-a520-2c88c1273308",
          "title": "Verisign Campaign Testflow 1- Pricing page for India",
          "fullFile": "",
          "file": "",
          "beforeHooks": [],
          "afterHooks": [],
          "tests": [
            {
              "title": "testing on iphone-6",
              "fullTitle": "Verisign Campaign Testflow 1- Pricing page for India testing on iphone-6",
              "timedOut": null,
              "duration": 4734,
              "state": "passed",
              "speed": "slow",
              "pass": true,
              "fail": false,
              "pending": false,
              "context": null,
              "code": "",
              "err": {},
              "uuid": "1f7df028-1241-4c09-b8c6-c08f938972d7",
              "parentUUID": "797b64ce-8722-48d5-a520-2c88c1273308",
              "isHook": false,
              "skipped": false
            },
            {
              "title": "should have 5 Days Trial",
              "fullTitle": "Verisign Campaign Testflow 1- Pricing page for India should have 5 Days Trial",
              "timedOut": null,
              "duration": 230,
              "state": "passed",
              "speed": "slow",
              "pass": true,
              "fail": false,
              "pending": false,
              "context": null,
              "code": "cy.get('.pv-section h1.pv-title').contains(_verisignHelper.default.getVerisignTrial());",
              "err": {},
              "uuid": "08244bc7-8d28-47f4-bc6a-88fc9d75bad4",
              "parentUUID": "797b64ce-8722-48d5-a520-2c88c1273308",
              "isHook": false,
              "skipped": false
            },
            {
              "title": "should have .com, .net, .org or .cc domain extensions",
              "fullTitle": "Verisign Campaign Testflow 1- Pricing page for India should have .com, .net, .org or .cc domain extensions",
              "timedOut": null,
              "duration": 68,
              "state": "passed",
              "speed": "medium",
              "pass": true,
              "fail": false,
              "pending": false,
              "context": null,
              "code": "cy.get('.pv-section .plan-box .plan-box__list').within(function () {\n  cy.contains(\".com\");\n  cy.contains(\".net\");\n  cy.contains(\".org\");\n  cy.contains(\".cc\");\n});",
              "err": {},
              "uuid": "7314c0d5-e4a4-4616-b308-78fd7e5b3fdd",
              "parentUUID": "797b64ce-8722-48d5-a520-2c88c1273308",
              "isHook": false,
              "skipped": false
            },
            {
              "title": "should have promotional with 73% discount on ₹ 10,222/year in pricing box",
              "fullTitle": "Verisign Campaign Testflow 1- Pricing page for India should have promotional with 73% discount on ₹ 10,222/year in pricing box",
              "timedOut": null,
              "duration": 76,
              "state": "passed",
              "speed": "slow",
              "pass": true,
              "fail": false,
              "pending": false,
              "context": null,
              "code": "cy.get('.pv-section .plan-box h2.plan-box__promotion').within(function () {\n  cy.contains('Promotional');\n  cy.contains('73% discount on');\n  cy.contains(_verisignHelper.default.getPagevampPriceForIndia());\n});",
              "err": {},
              "uuid": "2060aff0-314a-4452-bba0-47fefb90e521",
              "parentUUID": "797b64ce-8722-48d5-a520-2c88c1273308",
              "isHook": false,
              "skipped": false
            },
            {
              "title": "should display price  ₹2,760",
              "fullTitle": "Verisign Campaign Testflow 1- Pricing page for India should display price  ₹2,760",
              "timedOut": null,
              "duration": 33,
              "state": "passed",
              "speed": "fast",
              "pass": true,
              "fail": false,
              "pending": false,
              "context": null,
              "code": "cy.get('.pv-section .plan-box h2.plan-box__pricing').within(function () {\n  cy.contains(_verisignHelper.default.getIndianPricingCountryCode());\n  cy.contains(_verisignHelper.default.getIndianCurrencySymbol());\n  cy.contains(_verisignHelper.default.getIndianTfPrice());\n});",
              "err": {},
              "uuid": "c7bfea34-81c6-4a7b-b70a-b92eabbac0b1",
              "parentUUID": "797b64ce-8722-48d5-a520-2c88c1273308",
              "isHook": false,
              "skipped": false
            },
            {
              "title": "testing on ipad-2",
              "fullTitle": "Verisign Campaign Testflow 1- Pricing page for India testing on ipad-2",
              "timedOut": null,
              "duration": 16,
              "state": "passed",
              "speed": "fast",
              "pass": true,
              "fail": false,
              "pending": false,
              "context": null,
              "code": "",
              "err": {},
              "uuid": "82fb8c89-80bb-4d6e-b8b9-c50c68adf283",
              "parentUUID": "797b64ce-8722-48d5-a520-2c88c1273308",
              "isHook": false,
              "skipped": false
            },
            {
              "title": "should have 5 Days Trial",
              "fullTitle": "Verisign Campaign Testflow 1- Pricing page for India should have 5 Days Trial",
              "timedOut": null,
              "duration": 19,
              "state": "passed",
              "speed": "fast",
              "pass": true,
              "fail": false,
              "pending": false,
              "context": null,
              "code": "cy.get('.pv-section h1.pv-title').contains(_verisignHelper.default.getVerisignTrial());",
              "err": {},
              "uuid": "5fc06988-4898-411d-a58f-3f7ba5b86e0e",
              "parentUUID": "797b64ce-8722-48d5-a520-2c88c1273308",
              "isHook": false,
              "skipped": false
            },
            {
              "title": "should have .com, .net, .org or .cc domain extensions",
              "fullTitle": "Verisign Campaign Testflow 1- Pricing page for India should have .com, .net, .org or .cc domain extensions",
              "timedOut": null,
              "duration": 67,
              "state": "passed",
              "speed": "medium",
              "pass": true,
              "fail": false,
              "pending": false,
              "context": null,
              "code": "cy.get('.pv-section .plan-box .plan-box__list').within(function () {\n  cy.contains(\".com\");\n  cy.contains(\".net\");\n  cy.contains(\".org\");\n  cy.contains(\".cc\");\n});",
              "err": {},
              "uuid": "20424bb6-2f7e-4d99-a6e7-1a572fe34783",
              "parentUUID": "797b64ce-8722-48d5-a520-2c88c1273308",
              "isHook": false,
              "skipped": false
            },
            {
              "title": "should have promotional with 73% discount on ₹ 10,222/year in pricing box",
              "fullTitle": "Verisign Campaign Testflow 1- Pricing page for India should have promotional with 73% discount on ₹ 10,222/year in pricing box",
              "timedOut": null,
              "duration": 67,
              "state": "passed",
              "speed": "medium",
              "pass": true,
              "fail": false,
              "pending": false,
              "context": null,
              "code": "cy.get('.pv-section .plan-box h2.plan-box__promotion').within(function () {\n  cy.contains('Promotional');\n  cy.contains('73% discount on');\n  cy.contains(_verisignHelper.default.getPagevampPriceForIndia());\n});",
              "err": {},
              "uuid": "8d8716d8-33e9-4d98-b2c2-dade6ac03315",
              "parentUUID": "797b64ce-8722-48d5-a520-2c88c1273308",
              "isHook": false,
              "skipped": false
            },
            {
              "title": "should display price  ₹2,760",
              "fullTitle": "Verisign Campaign Testflow 1- Pricing page for India should display price  ₹2,760",
              "timedOut": null,
              "duration": 45,
              "state": "passed",
              "speed": "medium",
              "pass": true,
              "fail": false,
              "pending": false,
              "context": null,
              "code": "cy.get('.pv-section .plan-box h2.plan-box__pricing').within(function () {\n  cy.contains(_verisignHelper.default.getIndianPricingCountryCode());\n  cy.contains(_verisignHelper.default.getIndianCurrencySymbol());\n  cy.contains(_verisignHelper.default.getIndianTfPrice());\n});",
              "err": {},
              "uuid": "cb2d14c1-b520-4e40-8fa8-34f25bf5ac45",
              "parentUUID": "797b64ce-8722-48d5-a520-2c88c1273308",
              "isHook": false,
              "skipped": false
            },
            {
              "title": "testing on iphone-4",
              "fullTitle": "Verisign Campaign Testflow 1- Pricing page for India testing on iphone-4",
              "timedOut": null,
              "duration": 120,
              "state": "passed",
              "speed": "slow",
              "pass": true,
              "fail": false,
              "pending": false,
              "context": null,
              "code": "",
              "err": {},
              "uuid": "cee4cd67-7185-4af7-bd88-24bb1f71fc8b",
              "parentUUID": "797b64ce-8722-48d5-a520-2c88c1273308",
              "isHook": false,
              "skipped": false
            },
            {
              "title": "should have 5 Days Trial",
              "fullTitle": "Verisign Campaign Testflow 1- Pricing page for India should have 5 Days Trial",
              "timedOut": null,
              "duration": 47,
              "state": "passed",
              "speed": "medium",
              "pass": true,
              "fail": false,
              "pending": false,
              "context": null,
              "code": "cy.get('.pv-section h1.pv-title').contains(_verisignHelper.default.getVerisignTrial());",
              "err": {},
              "uuid": "ddb13db8-4193-43b3-ab4d-e9d0f860066a",
              "parentUUID": "797b64ce-8722-48d5-a520-2c88c1273308",
              "isHook": false,
              "skipped": false
            },
            {
              "title": "should have .com, .net, .org or .cc domain extensions",
              "fullTitle": "Verisign Campaign Testflow 1- Pricing page for India should have .com, .net, .org or .cc domain extensions",
              "timedOut": null,
              "duration": 44,
              "state": "passed",
              "speed": "medium",
              "pass": true,
              "fail": false,
              "pending": false,
              "context": null,
              "code": "cy.get('.pv-section .plan-box .plan-box__list').within(function () {\n  cy.contains(\".com\");\n  cy.contains(\".net\");\n  cy.contains(\".org\");\n  cy.contains(\".cc\");\n});",
              "err": {},
              "uuid": "21271f35-9566-4c6e-816c-83f7cf476650",
              "parentUUID": "797b64ce-8722-48d5-a520-2c88c1273308",
              "isHook": false,
              "skipped": false
            },
            {
              "title": "should have promotional with 73% discount on ₹ 10,222/year in pricing box",
              "fullTitle": "Verisign Campaign Testflow 1- Pricing page for India should have promotional with 73% discount on ₹ 10,222/year in pricing box",
              "timedOut": null,
              "duration": 40,
              "state": "passed",
              "speed": "medium",
              "pass": true,
              "fail": false,
              "pending": false,
              "context": null,
              "code": "cy.get('.pv-section .plan-box h2.plan-box__promotion').within(function () {\n  cy.contains('Promotional');\n  cy.contains('73% discount on');\n  cy.contains(_verisignHelper.default.getPagevampPriceForIndia());\n});",
              "err": {},
              "uuid": "a04278fc-bb5c-4371-be09-fbdb81ecdd34",
              "parentUUID": "797b64ce-8722-48d5-a520-2c88c1273308",
              "isHook": false,
              "skipped": false
            },
            {
              "title": "should display price  ₹2,760",
              "fullTitle": "Verisign Campaign Testflow 1- Pricing page for India should display price  ₹2,760",
              "timedOut": null,
              "duration": 50,
              "state": "passed",
              "speed": "medium",
              "pass": true,
              "fail": false,
              "pending": false,
              "context": null,
              "code": "cy.get('.pv-section .plan-box h2.plan-box__pricing').within(function () {\n  cy.contains(_verisignHelper.default.getIndianPricingCountryCode());\n  cy.contains(_verisignHelper.default.getIndianCurrencySymbol());\n  cy.contains(_verisignHelper.default.getIndianTfPrice());\n});",
              "err": {},
              "uuid": "c2af267c-4e63-4233-b160-6bf800b0bd14",
              "parentUUID": "797b64ce-8722-48d5-a520-2c88c1273308",
              "isHook": false,
              "skipped": false
            },
            {
              "title": "testing on 1500,1000",
              "fullTitle": "Verisign Campaign Testflow 1- Pricing page for India testing on 1500,1000",
              "timedOut": null,
              "duration": 70,
              "state": "passed",
              "speed": "medium",
              "pass": true,
              "fail": false,
              "pending": false,
              "context": null,
              "code": "",
              "err": {},
              "uuid": "72cf1116-8289-40bb-819a-32112c1c94f5",
              "parentUUID": "797b64ce-8722-48d5-a520-2c88c1273308",
              "isHook": false,
              "skipped": false
            },
            {
              "title": "should have 5 Days Trial",
              "fullTitle": "Verisign Campaign Testflow 1- Pricing page for India should have 5 Days Trial",
              "timedOut": null,
              "duration": 70,
              "state": "passed",
              "speed": "medium",
              "pass": true,
              "fail": false,
              "pending": false,
              "context": null,
              "code": "cy.get('.pv-section h1.pv-title').contains(_verisignHelper.default.getVerisignTrial());",
              "err": {},
              "uuid": "fd066c13-621d-4bba-baf3-59853c1f6aac",
              "parentUUID": "797b64ce-8722-48d5-a520-2c88c1273308",
              "isHook": false,
              "skipped": false
            },
            {
              "title": "should have .com, .net, .org or .cc domain extensions",
              "fullTitle": "Verisign Campaign Testflow 1- Pricing page for India should have .com, .net, .org or .cc domain extensions",
              "timedOut": null,
              "duration": 43,
              "state": "passed",
              "speed": "medium",
              "pass": true,
              "fail": false,
              "pending": false,
              "context": null,
              "code": "cy.get('.pv-section .plan-box .plan-box__list').within(function () {\n  cy.contains(\".com\");\n  cy.contains(\".net\");\n  cy.contains(\".org\");\n  cy.contains(\".cc\");\n});",
              "err": {},
              "uuid": "a13fbb24-8211-45d3-9640-2a9a28d63230",
              "parentUUID": "797b64ce-8722-48d5-a520-2c88c1273308",
              "isHook": false,
              "skipped": false
            },
            {
              "title": "should have promotional with 73% discount on ₹ 10,222/year in pricing box",
              "fullTitle": "Verisign Campaign Testflow 1- Pricing page for India should have promotional with 73% discount on ₹ 10,222/year in pricing box",
              "timedOut": null,
              "duration": 47,
              "state": "passed",
              "speed": "medium",
              "pass": true,
              "fail": false,
              "pending": false,
              "context": null,
              "code": "cy.get('.pv-section .plan-box h2.plan-box__promotion').within(function () {\n  cy.contains('Promotional');\n  cy.contains('73% discount on');\n  cy.contains(_verisignHelper.default.getPagevampPriceForIndia());\n});",
              "err": {},
              "uuid": "a5dc81c9-c6d5-4c31-8d23-a79bff1e7d45",
              "parentUUID": "797b64ce-8722-48d5-a520-2c88c1273308",
              "isHook": false,
              "skipped": false
            },
            {
              "title": "should display price  ₹2,760",
              "fullTitle": "Verisign Campaign Testflow 1- Pricing page for India should display price  ₹2,760",
              "timedOut": null,
              "duration": 32,
              "state": "passed",
              "speed": "fast",
              "pass": true,
              "fail": false,
              "pending": false,
              "context": null,
              "code": "cy.get('.pv-section .plan-box h2.plan-box__pricing').within(function () {\n  cy.contains(_verisignHelper.default.getIndianPricingCountryCode());\n  cy.contains(_verisignHelper.default.getIndianCurrencySymbol());\n  cy.contains(_verisignHelper.default.getIndianTfPrice());\n});",
              "err": {},
              "uuid": "8e1cfc99-a76c-4d66-88e8-57db5467c96e",
              "parentUUID": "797b64ce-8722-48d5-a520-2c88c1273308",
              "isHook": false,
              "skipped": false
            }
          ],
          "suites": [],
          "passes": [
            "1f7df028-1241-4c09-b8c6-c08f938972d7",
            "08244bc7-8d28-47f4-bc6a-88fc9d75bad4",
            "7314c0d5-e4a4-4616-b308-78fd7e5b3fdd",
            "2060aff0-314a-4452-bba0-47fefb90e521",
            "c7bfea34-81c6-4a7b-b70a-b92eabbac0b1",
            "82fb8c89-80bb-4d6e-b8b9-c50c68adf283",
            "5fc06988-4898-411d-a58f-3f7ba5b86e0e",
            "20424bb6-2f7e-4d99-a6e7-1a572fe34783",
            "8d8716d8-33e9-4d98-b2c2-dade6ac03315",
            "cb2d14c1-b520-4e40-8fa8-34f25bf5ac45",
            "cee4cd67-7185-4af7-bd88-24bb1f71fc8b",
            "ddb13db8-4193-43b3-ab4d-e9d0f860066a",
            "21271f35-9566-4c6e-816c-83f7cf476650",
            "a04278fc-bb5c-4371-be09-fbdb81ecdd34",
            "c2af267c-4e63-4233-b160-6bf800b0bd14",
            "72cf1116-8289-40bb-819a-32112c1c94f5",
            "fd066c13-621d-4bba-baf3-59853c1f6aac",
            "a13fbb24-8211-45d3-9640-2a9a28d63230",
            "a5dc81c9-c6d5-4c31-8d23-a79bff1e7d45",
            "8e1cfc99-a76c-4d66-88e8-57db5467c96e"
          ],
          "failures": [],
          "pending": [],
          "skipped": [],
          "duration": 5918,
          "root": false,
          "rootEmpty": false,
          "_timeout": 2000
        }
      ],
      "passes": [],
      "failures": [],
      "pending": [],
      "skipped": [],
      "duration": 0,
      "root": true,
      "rootEmpty": true,
      "_timeout": 2000
    }
  ],
  "meta": {
    "mocha": {
      "version": "5.2.0"
    },
    "mochawesome": {
      "options": {
        "quiet": false,
        "reportFilename": "mochawesome",
        "saveHtml": false,
        "saveJson": true,
        "consoleReporter": "spec",
        "useInlineDiffs": false
      },
      "version": "4.1.0"
    },
    "marge": {
      "options": {
        "reportDir": "cypress/reports",
        "overwrite": false,
        "html": false,
        "json": true
      },
      "version": "4.0.1"
    }
  }
}